<?xml version="1.0" encoding="UTF-8"?>
<testsuite xmlns:xsi="http://www.w3.org/2001/XMLSchema-instance" xsi:noNamespaceSchemaLocation="https://maven.apache.org/surefire/maven-surefire-plugin/xsd/surefire-test-report-3.0.xsd" version="3.0" name="de.hsos.swa.accountverwaltung.AccountResourceTest" time="35.232" tests="6" errors="0" skipped="0" failures="0">
  <properties>
    <property name="java.specification.version" value="17"/>
    <property name="sun.cpu.isalist" value="amd64"/>
    <property name="test.url" value="http://localhost:8081"/>
    <property name="sun.jnu.encoding" value="Cp1252"/>
    <property name="java.class.path" value="S:\Hochschule\7_Semester\SWA\Projekt\mybay_onlineshop\backend\target\test-classes;S:\Hochschule\7_Semester\SWA\Projekt\mybay_onlineshop\backend\target\classes;C:\Users\Maik\.m2\repository\io\quarkus\quarkus-hibernate-orm\2.10.1.Final\quarkus-hibernate-orm-2.10.1.Final.jar;C:\Users\Maik\.m2\repository\io\quarkus\quarkus-core\2.10.1.Final\quarkus-core-2.10.1.Final.jar;C:\Users\Maik\.m2\repository\jakarta\inject\jakarta.inject-api\1.0\jakarta.inject-api-1.0.jar;C:\Users\Maik\.m2\repository\io\quarkus\quarkus-ide-launcher\2.10.1.Final\quarkus-ide-launcher-2.10.1.Final.jar;C:\Users\Maik\.m2\repository\io\quarkus\quarkus-development-mode-spi\2.10.1.Final\quarkus-development-mode-spi-2.10.1.Final.jar;C:\Users\Maik\.m2\repository\io\smallrye\config\smallrye-config\2.10.1\smallrye-config-2.10.1.jar;C:\Users\Maik\.m2\repository\io\smallrye\config\smallrye-config-core\2.10.1\smallrye-config-core-2.10.1.jar;C:\Users\Maik\.m2\repository\io\smallrye\common\smallrye-common-expression\1.12.0\smallrye-common-expression-1.12.0.jar;C:\Users\Maik\.m2\repository\io\smallrye\common\smallrye-common-function\1.12.0\smallrye-common-function-1.12.0.jar;C:\Users\Maik\.m2\repository\io\smallrye\common\smallrye-common-classloader\1.12.0\smallrye-common-classloader-1.12.0.jar;C:\Users\Maik\.m2\repository\io\smallrye\config\smallrye-config-common\2.10.1\smallrye-config-common-2.10.1.jar;C:\Users\Maik\.m2\repository\org\jboss\logging\jboss-logging\3.5.0.Final\jboss-logging-3.5.0.Final.jar;C:\Users\Maik\.m2\repository\org\jboss\logmanager\jboss-logmanager-embedded\1.0.10\jboss-logmanager-embedded-1.0.10.jar;C:\Users\Maik\.m2\repository\org\jboss\logging\jboss-logging-annotations\2.2.1.Final\jboss-logging-annotations-2.2.1.Final.jar;C:\Users\Maik\.m2\repository\org\jboss\threads\jboss-threads\3.4.2.Final\jboss-threads-3.4.2.Final.jar;C:\Users\Maik\.m2\repository\org\slf4j\slf4j-api\1.7.36\slf4j-api-1.7.36.jar;C:\Users\Maik\.m2\repository\org\jboss\slf4j\slf4j-jboss-logmanager\1.1.0.Final\slf4j-jboss-logmanager-1.1.0.Final.jar;C:\Users\Maik\.m2\repository\org\graalvm\sdk\graal-sdk\22.1.0\graal-sdk-22.1.0.jar;C:\Users\Maik\.m2\repository\org\wildfly\common\wildfly-common\1.5.4.Final-format-001\wildfly-common-1.5.4.Final-format-001.jar;C:\Users\Maik\.m2\repository\io\quarkus\quarkus-bootstrap-runner\2.10.1.Final\quarkus-bootstrap-runner-2.10.1.Final.jar;C:\Users\Maik\.m2\repository\io\quarkus\quarkus-fs-util\0.0.9\quarkus-fs-util-0.0.9.jar;C:\Users\Maik\.m2\repository\io\quarkus\quarkus-agroal\2.10.1.Final\quarkus-agroal-2.10.1.Final.jar;C:\Users\Maik\.m2\repository\io\quarkus\quarkus-datasource\2.10.1.Final\quarkus-datasource-2.10.1.Final.jar;C:\Users\Maik\.m2\repository\io\quarkus\quarkus-datasource-common\2.10.1.Final\quarkus-datasource-common-2.10.1.Final.jar;C:\Users\Maik\.m2\repository\io\agroal\agroal-api\1.16\agroal-api-1.16.jar;C:\Users\Maik\.m2\repository\io\agroal\agroal-narayana\1.16\agroal-narayana-1.16.jar;C:\Users\Maik\.m2\repository\org\jboss\jboss-transaction-spi\7.6.0.Final\jboss-transaction-spi-7.6.0.Final.jar;C:\Users\Maik\.m2\repository\io\agroal\agroal-pool\1.16\agroal-pool-1.16.jar;C:\Users\Maik\.m2\repository\io\quarkus\quarkus-credentials\2.10.1.Final\quarkus-credentials-2.10.1.Final.jar;C:\Users\Maik\.m2\repository\io\quarkus\quarkus-narayana-jta\2.10.1.Final\quarkus-narayana-jta-2.10.1.Final.jar;C:\Users\Maik\.m2\repository\io\quarkus\quarkus-transaction-annotations\2.10.1.Final\quarkus-transaction-annotations-2.10.1.Final.jar;C:\Users\Maik\.m2\repository\io\smallrye\smallrye-context-propagation-jta\1.2.2\smallrye-context-propagation-jta-1.2.2.jar;C:\Users\Maik\.m2\repository\io\smallrye\reactive\smallrye-reactive-converter-api\2.7.0\smallrye-reactive-converter-api-2.7.0.jar;C:\Users\Maik\.m2\repository\org\reactivestreams\reactive-streams\1.0.3\reactive-streams-1.0.3.jar;C:\Users\Maik\.m2\repository\io\smallrye\reactive\smallrye-reactive-converter-mutiny\2.7.0\smallrye-reactive-converter-mutiny-2.7.0.jar;C:\Users\Maik\.m2\repository\org\jboss\narayana\jta\narayana-jta\5.12.6.Final\narayana-jta-5.12.6.Final.jar;C:\Users\Maik\.m2\repository\org\jboss\spec\javax\resource\jboss-connector-api_1.7_spec\1.0.0.Final\jboss-connector-api_1.7_spec-1.0.0.Final.jar;C:\Users\Maik\.m2\repository\org\jboss\narayana\jts\narayana-jts-integration\5.12.6.Final\narayana-jts-integration-5.12.6.Final.jar;C:\Users\Maik\.m2\repository\org\hibernate\hibernate-core\5.6.9.Final\hibernate-core-5.6.9.Final.jar;C:\Users\Maik\.m2\repository\net\bytebuddy\byte-buddy\1.12.9\byte-buddy-1.12.9.jar;C:\Users\Maik\.m2\repository\antlr\antlr\2.7.7\antlr-2.7.7.jar;C:\Users\Maik\.m2\repository\com\fasterxml\classmate\1.5.1\classmate-1.5.1.jar;C:\Users\Maik\.m2\repository\org\hibernate\common\hibernate-commons-annotations\5.1.2.Final\hibernate-commons-annotations-5.1.2.Final.jar;C:\Users\Maik\.m2\repository\org\hibernate\hibernate-graalvm\5.6.9.Final\hibernate-graalvm-5.6.9.Final.jar;C:\Users\Maik\.m2\repository\org\glassfish\jaxb\jaxb-runtime\2.3.3-b02\jaxb-runtime-2.3.3-b02.jar;C:\Users\Maik\.m2\repository\org\glassfish\jaxb\txw2\2.3.3-b02\txw2-2.3.3-b02.jar;C:\Users\Maik\.m2\repository\com\sun\istack\istack-commons-runtime\3.0.10\istack-commons-runtime-3.0.10.jar;C:\Users\Maik\.m2\repository\com\sun\activation\jakarta.activation\1.2.1\jakarta.activation-1.2.1.jar;C:\Users\Maik\.m2\repository\org\jboss\spec\javax\xml\bind\jboss-jaxb-api_2.3_spec\2.0.0.Final\jboss-jaxb-api_2.3_spec-2.0.0.Final.jar;C:\Users\Maik\.m2\repository\jakarta\persistence\jakarta.persistence-api\2.2.3\jakarta.persistence-api-2.2.3.jar;C:\Users\Maik\.m2\repository\jakarta\transaction\jakarta.transaction-api\1.3.3\jakarta.transaction-api-1.3.3.jar;C:\Users\Maik\.m2\repository\org\hibernate\quarkus-local-cache\0.1.1\quarkus-local-cache-0.1.1.jar;C:\Users\Maik\.m2\repository\io\quarkus\quarkus-caffeine\2.10.1.Final\quarkus-caffeine-2.10.1.Final.jar;C:\Users\Maik\.m2\repository\com\github\ben-manes\caffeine\caffeine\2.9.3\caffeine-2.9.3.jar;C:\Users\Maik\.m2\repository\com\google\errorprone\error_prone_annotations\2.13.1\error_prone_annotations-2.13.1.jar;C:\Users\Maik\.m2\repository\io\quarkus\quarkus-oidc-client\2.10.1.Final\quarkus-oidc-client-2.10.1.Final.jar;C:\Users\Maik\.m2\repository\io\quarkus\quarkus-vertx\2.10.1.Final\quarkus-vertx-2.10.1.Final.jar;C:\Users\Maik\.m2\repository\io\quarkus\quarkus-netty\2.10.1.Final\quarkus-netty-2.10.1.Final.jar;C:\Users\Maik\.m2\repository\io\netty\netty-codec\4.1.74.Final\netty-codec-4.1.74.Final.jar;C:\Users\Maik\.m2\repository\io\netty\netty-common\4.1.74.Final\netty-common-4.1.74.Final.jar;C:\Users\Maik\.m2\repository\io\netty\netty-codec-http\4.1.74.Final\netty-codec-http-4.1.74.Final.jar;C:\Users\Maik\.m2\repository\io\netty\netty-codec-http2\4.1.74.Final\netty-codec-http2-4.1.74.Final.jar;C:\Users\Maik\.m2\repository\io\netty\netty-handler\4.1.74.Final\netty-handler-4.1.74.Final.jar;C:\Users\Maik\.m2\repository\io\netty\netty-resolver\4.1.74.Final\netty-resolver-4.1.74.Final.jar;C:\Users\Maik\.m2\repository\io\netty\netty-tcnative-classes\2.0.48.Final\netty-tcnative-classes-2.0.48.Final.jar;C:\Users\Maik\.m2\repository\io\netty\netty-codec-haproxy\4.1.74.Final\netty-codec-haproxy-4.1.74.Final.jar;C:\Users\Maik\.m2\repository\io\netty\netty-buffer\4.1.74.Final\netty-buffer-4.1.74.Final.jar;C:\Users\Maik\.m2\repository\io\netty\netty-transport\4.1.74.Final\netty-transport-4.1.74.Final.jar;C:\Users\Maik\.m2\repository\io\smallrye\common\smallrye-common-annotation\1.12.0\smallrye-common-annotation-1.12.0.jar;C:\Users\Maik\.m2\repository\io\smallrye\common\smallrye-common-vertx-context\1.12.0\smallrye-common-vertx-context-1.12.0.jar;C:\Users\Maik\.m2\repository\io\vertx\vertx-core\4.2.7\vertx-core-4.2.7.jar;C:\Users\Maik\.m2\repository\io\netty\netty-handler-proxy\4.1.74.Final\netty-handler-proxy-4.1.74.Final.jar;C:\Users\Maik\.m2\repository\io\netty\netty-codec-socks\4.1.74.Final\netty-codec-socks-4.1.74.Final.jar;C:\Users\Maik\.m2\repository\io\netty\netty-resolver-dns\4.1.74.Final\netty-resolver-dns-4.1.74.Final.jar;C:\Users\Maik\.m2\repository\io\netty\netty-codec-dns\4.1.74.Final\netty-codec-dns-4.1.74.Final.jar;C:\Users\Maik\.m2\repository\io\smallrye\common\smallrye-common-constraint\1.12.0\smallrye-common-constraint-1.12.0.jar;C:\Users\Maik\.m2\repository\io\smallrye\reactive\smallrye-mutiny-vertx-core\2.22.0\smallrye-mutiny-vertx-core-2.22.0.jar;C:\Users\Maik\.m2\repository\io\smallrye\reactive\smallrye-mutiny-vertx-runtime\2.22.0\smallrye-mutiny-vertx-runtime-2.22.0.jar;C:\Users\Maik\.m2\repository\io\smallrye\reactive\vertx-mutiny-generator\2.22.0\vertx-mutiny-generator-2.22.0.jar;C:\Users\Maik\.m2\repository\io\vertx\vertx-codegen\4.2.7\vertx-codegen-4.2.7.jar;C:\Users\Maik\.m2\repository\io\smallrye\smallrye-fault-tolerance-vertx\5.4.1\smallrye-fault-tolerance-vertx-5.4.1.jar;C:\Users\Maik\.m2\repository\io\quarkus\quarkus-oidc-common\2.10.1.Final\quarkus-oidc-common-2.10.1.Final.jar;C:\Users\Maik\.m2\repository\io\smallrye\reactive\smallrye-mutiny-vertx-web-client\2.22.0\smallrye-mutiny-vertx-web-client-2.22.0.jar;C:\Users\Maik\.m2\repository\io\vertx\vertx-web-client\4.2.7\vertx-web-client-4.2.7.jar;C:\Users\Maik\.m2\repository\io\smallrye\reactive\smallrye-mutiny-vertx-auth-common\2.22.0\smallrye-mutiny-vertx-auth-common-2.22.0.jar;C:\Users\Maik\.m2\repository\io\smallrye\reactive\smallrye-mutiny-vertx-web-common\2.22.0\smallrye-mutiny-vertx-web-common-2.22.0.jar;C:\Users\Maik\.m2\repository\io\quarkus\quarkus-smallrye-jwt-build\2.10.1.Final\quarkus-smallrye-jwt-build-2.10.1.Final.jar;C:\Users\Maik\.m2\repository\io\smallrye\smallrye-jwt-build\3.5.1\smallrye-jwt-build-3.5.1.jar;C:\Users\Maik\.m2\repository\io\quarkus\quarkus-keycloak-authorization\2.10.1.Final\quarkus-keycloak-authorization-2.10.1.Final.jar;C:\Users\Maik\.m2\repository\org\keycloak\keycloak-adapter-core\18.0.1\keycloak-adapter-core-18.0.1.jar;C:\Users\Maik\.m2\repository\org\keycloak\keycloak-core\18.0.1\keycloak-core-18.0.1.jar;C:\Users\Maik\.m2\repository\org\keycloak\keycloak-common\18.0.1\keycloak-common-18.0.1.jar;C:\Users\Maik\.m2\repository\org\bouncycastle\bcprov-jdk15on\1.70\bcprov-jdk15on-1.70.jar;C:\Users\Maik\.m2\repository\org\bouncycastle\bcpkix-jdk15on\1.70\bcpkix-jdk15on-1.70.jar;C:\Users\Maik\.m2\repository\org\bouncycastle\bcutil-jdk15on\1.70\bcutil-jdk15on-1.70.jar;C:\Users\Maik\.m2\repository\com\fasterxml\jackson\core\jackson-core\2.13.3\jackson-core-2.13.3.jar;C:\Users\Maik\.m2\repository\com\fasterxml\jackson\core\jackson-databind\2.13.3\jackson-databind-2.13.3.jar;C:\Users\Maik\.m2\repository\org\keycloak\keycloak-adapter-spi\18.0.1\keycloak-adapter-spi-18.0.1.jar;C:\Users\Maik\.m2\repository\org\keycloak\keycloak-authz-client\18.0.1\keycloak-authz-client-18.0.1.jar;C:\Users\Maik\.m2\repository\io\quarkus\quarkus-apache-httpclient\2.10.1.Final\quarkus-apache-httpclient-2.10.1.Final.jar;C:\Users\Maik\.m2\repository\org\jboss\logging\commons-logging-jboss-logging\1.0.0.Final\commons-logging-jboss-logging-1.0.0.Final.jar;C:\Users\Maik\.m2\repository\io\quarkus\quarkus-rest-client\2.10.1.Final\quarkus-rest-client-2.10.1.Final.jar;C:\Users\Maik\.m2\repository\io\quarkus\quarkus-resteasy-common\2.10.1.Final\quarkus-resteasy-common-2.10.1.Final.jar;C:\Users\Maik\.m2\repository\org\jboss\resteasy\resteasy-core\4.7.5.Final\resteasy-core-4.7.5.Final.jar;C:\Users\Maik\.m2\repository\org\jboss\spec\javax\ws\rs\jboss-jaxrs-api_2.1_spec\2.0.1.Final\jboss-jaxrs-api_2.1_spec-2.0.1.Final.jar;C:\Users\Maik\.m2\repository\org\jboss\resteasy\resteasy-core-spi\4.7.5.Final\resteasy-core-spi-4.7.5.Final.jar;C:\Users\Maik\.m2\repository\com\ibm\async\asyncutil\0.1.0\asyncutil-0.1.0.jar;C:\Users\Maik\.m2\repository\io\quarkus\quarkus-rest-client-config\2.10.1.Final\quarkus-rest-client-config-2.10.1.Final.jar;C:\Users\Maik\.m2\repository\org\eclipse\microprofile\rest\client\microprofile-rest-client-api\2.0\microprofile-rest-client-api-2.0.jar;C:\Users\Maik\.m2\repository\org\jboss\jandex\2.4.2.Final\jandex-2.4.2.Final.jar;C:\Users\Maik\.m2\repository\org\jboss\resteasy\resteasy-client-microprofile\4.7.5.Final\resteasy-client-microprofile-4.7.5.Final.jar;C:\Users\Maik\.m2\repository\org\jboss\resteasy\resteasy-client-microprofile-base\4.7.5.Final\resteasy-client-microprofile-base-4.7.5.Final.jar;C:\Users\Maik\.m2\repository\org\jboss\resteasy\resteasy-client\4.7.5.Final\resteasy-client-4.7.5.Final.jar;C:\Users\Maik\.m2\repository\org\jboss\resteasy\resteasy-client-api\4.7.5.Final\resteasy-client-api-4.7.5.Final.jar;C:\Users\Maik\.m2\repository\org\jboss\resteasy\resteasy-cdi\4.7.5.Final\resteasy-cdi-4.7.5.Final.jar;C:\Users\Maik\.m2\repository\jakarta\interceptor\jakarta.interceptor-api\1.2.5\jakarta.interceptor-api-1.2.5.jar;C:\Users\Maik\.m2\repository\org\apache\httpcomponents\httpasyncclient\4.1.5\httpasyncclient-4.1.5.jar;C:\Users\Maik\.m2\repository\org\apache\httpcomponents\httpcore\4.4.15\httpcore-4.4.15.jar;C:\Users\Maik\.m2\repository\org\apache\httpcomponents\httpcore-nio\4.4.15\httpcore-nio-4.4.15.jar;C:\Users\Maik\.m2\repository\io\quarkus\quarkus-resteasy-jsonb\2.10.1.Final\quarkus-resteasy-jsonb-2.10.1.Final.jar;C:\Users\Maik\.m2\repository\io\quarkus\quarkus-jsonb\2.10.1.Final\quarkus-jsonb-2.10.1.Final.jar;C:\Users\Maik\.m2\repository\org\eclipse\yasson\1.0.11\yasson-1.0.11.jar;C:\Users\Maik\.m2\repository\org\jboss\resteasy\resteasy-json-binding-provider\4.7.5.Final\resteasy-json-binding-provider-4.7.5.Final.jar;C:\Users\Maik\.m2\repository\jakarta\json\bind\jakarta.json.bind-api\1.0.2\jakarta.json.bind-api-1.0.2.jar;C:\Users\Maik\.m2\repository\org\jboss\resteasy\resteasy-json-p-provider\4.7.5.Final\resteasy-json-p-provider-4.7.5.Final.jar;C:\Users\Maik\.m2\repository\commons-io\commons-io\2.11.0\commons-io-2.11.0.jar;C:\Users\Maik\.m2\repository\io\quarkus\quarkus-smallrye-openapi\2.10.1.Final\quarkus-smallrye-openapi-2.10.1.Final.jar;C:\Users\Maik\.m2\repository\io\smallrye\smallrye-open-api-core\2.1.22\smallrye-open-api-core-2.1.22.jar;C:\Users\Maik\.m2\repository\org\eclipse\microprofile\openapi\microprofile-openapi-api\2.0.1\microprofile-openapi-api-2.0.1.jar;C:\Users\Maik\.m2\repository\org\eclipse\microprofile\config\microprofile-config-api\2.0.1\microprofile-config-api-2.0.1.jar;C:\Users\Maik\.m2\repository\com\fasterxml\jackson\dataformat\jackson-dataformat-yaml\2.13.3\jackson-dataformat-yaml-2.13.3.jar;C:\Users\Maik\.m2\repository\org\yaml\snakeyaml\1.30\snakeyaml-1.30.jar;C:\Users\Maik\.m2\repository\io\quarkus\quarkus-vertx-http\2.10.1.Final\quarkus-vertx-http-2.10.1.Final.jar;C:\Users\Maik\.m2\repository\io\quarkus\quarkus-security-runtime-spi\2.10.1.Final\quarkus-security-runtime-spi-2.10.1.Final.jar;C:\Users\Maik\.m2\repository\io\quarkus\quarkus-vertx-http-dev-console-runtime-spi\2.10.1.Final\quarkus-vertx-http-dev-console-runtime-spi-2.10.1.Final.jar;C:\Users\Maik\.m2\repository\io\quarkus\security\quarkus-security\1.1.4.Final\quarkus-security-1.1.4.Final.jar;C:\Users\Maik\.m2\repository\io\smallrye\reactive\smallrye-mutiny-vertx-web\2.22.0\smallrye-mutiny-vertx-web-2.22.0.jar;C:\Users\Maik\.m2\repository\io\smallrye\reactive\smallrye-mutiny-vertx-bridge-common\2.22.0\smallrye-mutiny-vertx-bridge-common-2.22.0.jar;C:\Users\Maik\.m2\repository\io\vertx\vertx-web\4.2.7\vertx-web-4.2.7.jar;C:\Users\Maik\.m2\repository\io\vertx\vertx-web-common\4.2.7\vertx-web-common-4.2.7.jar;C:\Users\Maik\.m2\repository\io\vertx\vertx-auth-common\4.2.7\vertx-auth-common-4.2.7.jar;C:\Users\Maik\.m2\repository\io\vertx\vertx-bridge-common\4.2.7\vertx-bridge-common-4.2.7.jar;C:\Users\Maik\.m2\repository\io\github\crac\org-crac\0.1.1\org-crac-0.1.1.jar;C:\Users\Maik\.m2\repository\io\quarkus\quarkus-swagger-ui\2.10.1.Final\quarkus-swagger-ui-2.10.1.Final.jar;C:\Users\Maik\.m2\repository\io\quarkus\quarkus-smallrye-metrics\2.10.1.Final\quarkus-smallrye-metrics-2.10.1.Final.jar;C:\Users\Maik\.m2\repository\io\smallrye\smallrye-metrics\3.0.5\smallrye-metrics-3.0.5.jar;C:\Users\Maik\.m2\repository\io\quarkus\quarkus-jsonp\2.10.1.Final\quarkus-jsonp-2.10.1.Final.jar;C:\Users\Maik\.m2\repository\org\glassfish\jakarta.json\1.1.6\jakarta.json-1.1.6.jar;C:\Users\Maik\.m2\repository\org\eclipse\microprofile\metrics\microprofile-metrics-api\3.0.1\microprofile-metrics-api-3.0.1.jar;C:\Users\Maik\.m2\repository\io\quarkus\quarkus-smallrye-fault-tolerance\2.10.1.Final\quarkus-smallrye-fault-tolerance-2.10.1.Final.jar;C:\Users\Maik\.m2\repository\io\quarkus\quarkus-mutiny\2.10.1.Final\quarkus-mutiny-2.10.1.Final.jar;C:\Users\Maik\.m2\repository\io\smallrye\reactive\mutiny\1.6.0\mutiny-1.6.0.jar;C:\Users\Maik\.m2\repository\io\smallrye\reactive\mutiny-smallrye-context-propagation\1.6.0\mutiny-smallrye-context-propagation-1.6.0.jar;C:\Users\Maik\.m2\repository\io\smallrye\smallrye-fault-tolerance\5.4.1\smallrye-fault-tolerance-5.4.1.jar;C:\Users\Maik\.m2\repository\org\eclipse\microprofile\fault-tolerance\microprofile-fault-tolerance-api\3.0\microprofile-fault-tolerance-api-3.0.jar;C:\Users\Maik\.m2\repository\io\smallrye\smallrye-fault-tolerance-api\5.4.1\smallrye-fault-tolerance-api-5.4.1.jar;C:\Users\Maik\.m2\repository\io\smallrye\smallrye-fault-tolerance-core\5.4.1\smallrye-fault-tolerance-core-5.4.1.jar;C:\Users\Maik\.m2\repository\io\smallrye\smallrye-fault-tolerance-autoconfig-core\5.4.1\smallrye-fault-tolerance-autoconfig-core-5.4.1.jar;C:\Users\Maik\.m2\repository\jakarta\enterprise\jakarta.enterprise.cdi-api\2.0.2\jakarta.enterprise.cdi-api-2.0.2.jar;C:\Users\Maik\.m2\repository\jakarta\el\jakarta.el-api\3.0.3\jakarta.el-api-3.0.3.jar;C:\Users\Maik\.m2\repository\jakarta\annotation\jakarta.annotation-api\1.3.5\jakarta.annotation-api-1.3.5.jar;C:\Users\Maik\.m2\repository\io\quarkus\quarkus-smallrye-context-propagation\2.10.1.Final\quarkus-smallrye-context-propagation-2.10.1.Final.jar;C:\Users\Maik\.m2\repository\io\smallrye\smallrye-context-propagation\1.2.2\smallrye-context-propagation-1.2.2.jar;C:\Users\Maik\.m2\repository\io\smallrye\smallrye-context-propagation-api\1.2.2\smallrye-context-propagation-api-1.2.2.jar;C:\Users\Maik\.m2\repository\io\smallrye\smallrye-context-propagation-storage\1.2.2\smallrye-context-propagation-storage-1.2.2.jar;C:\Users\Maik\.m2\repository\io\smallrye\smallrye-fault-tolerance-context-propagation\5.4.1\smallrye-fault-tolerance-context-propagation-5.4.1.jar;C:\Users\Maik\.m2\repository\io\smallrye\smallrye-fault-tolerance-mutiny\5.4.1\smallrye-fault-tolerance-mutiny-5.4.1.jar;C:\Users\Maik\.m2\repository\io\quarkus\quarkus-oidc\2.10.1.Final\quarkus-oidc-2.10.1.Final.jar;C:\Users\Maik\.m2\repository\io\quarkus\quarkus-security\2.10.1.Final\quarkus-security-2.10.1.Final.jar;C:\Users\Maik\.m2\repository\io\smallrye\smallrye-jwt\3.5.1\smallrye-jwt-3.5.1.jar;C:\Users\Maik\.m2\repository\org\eclipse\microprofile\jwt\microprofile-jwt-auth-api\1.2\microprofile-jwt-auth-api-1.2.jar;C:\Users\Maik\.m2\repository\org\bitbucket\b_c\jose4j\0.7.12\jose4j-0.7.12.jar;C:\Users\Maik\.m2\repository\io\smallrye\smallrye-jwt-common\3.5.1\smallrye-jwt-common-3.5.1.jar;C:\Users\Maik\.m2\repository\io\quarkus\quarkus-hibernate-orm-panache\2.10.1.Final\quarkus-hibernate-orm-panache-2.10.1.Final.jar;C:\Users\Maik\.m2\repository\io\quarkus\quarkus-hibernate-orm-panache-common\2.10.1.Final\quarkus-hibernate-orm-panache-common-2.10.1.Final.jar;C:\Users\Maik\.m2\repository\io\quarkus\quarkus-panache-hibernate-common\2.10.1.Final\quarkus-panache-hibernate-common-2.10.1.Final.jar;C:\Users\Maik\.m2\repository\io\quarkus\quarkus-panache-common\2.10.1.Final\quarkus-panache-common-2.10.1.Final.jar;C:\Users\Maik\.m2\repository\io\quarkus\quarkus-resteasy\2.10.1.Final\quarkus-resteasy-2.10.1.Final.jar;C:\Users\Maik\.m2\repository\io\quarkus\quarkus-resteasy-server-common\2.10.1.Final\quarkus-resteasy-server-common-2.10.1.Final.jar;C:\Users\Maik\.m2\repository\jakarta\validation\jakarta.validation-api\2.0.2\jakarta.validation-api-2.0.2.jar;C:\Users\Maik\.m2\repository\io\quarkus\quarkus-arc\2.10.1.Final\quarkus-arc-2.10.1.Final.jar;C:\Users\Maik\.m2\repository\io\quarkus\arc\arc\2.10.1.Final\arc-2.10.1.Final.jar;C:\Users\Maik\.m2\repository\org\eclipse\microprofile\context-propagation\microprofile-context-propagation-api\1.2\microprofile-context-propagation-api-1.2.jar;C:\Users\Maik\.m2\repository\io\quarkus\quarkus-rest-client-jackson\2.10.1.Final\quarkus-rest-client-jackson-2.10.1.Final.jar;C:\Users\Maik\.m2\repository\io\quarkus\quarkus-jackson\2.10.1.Final\quarkus-jackson-2.10.1.Final.jar;C:\Users\Maik\.m2\repository\com\fasterxml\jackson\datatype\jackson-datatype-jsr310\2.13.3\jackson-datatype-jsr310-2.13.3.jar;C:\Users\Maik\.m2\repository\com\fasterxml\jackson\datatype\jackson-datatype-jdk8\2.13.3\jackson-datatype-jdk8-2.13.3.jar;C:\Users\Maik\.m2\repository\com\fasterxml\jackson\module\jackson-module-parameter-names\2.13.3\jackson-module-parameter-names-2.13.3.jar;C:\Users\Maik\.m2\repository\org\jboss\resteasy\resteasy-jackson2-provider\4.7.5.Final\resteasy-jackson2-provider-4.7.5.Final.jar;C:\Users\Maik\.m2\repository\com\fasterxml\jackson\core\jackson-annotations\2.13.3\jackson-annotations-2.13.3.jar;C:\Users\Maik\.m2\repository\com\fasterxml\jackson\jaxrs\jackson-jaxrs-json-provider\2.13.3\jackson-jaxrs-json-provider-2.13.3.jar;C:\Users\Maik\.m2\repository\com\fasterxml\jackson\jaxrs\jackson-jaxrs-base\2.13.3\jackson-jaxrs-base-2.13.3.jar;C:\Users\Maik\.m2\repository\com\fasterxml\jackson\module\jackson-module-jaxb-annotations\2.13.3\jackson-module-jaxb-annotations-2.13.3.jar;C:\Users\Maik\.m2\repository\com\github\java-json-tools\json-patch\1.13\json-patch-1.13.jar;C:\Users\Maik\.m2\repository\com\github\java-json-tools\msg-simple\1.2\msg-simple-1.2.jar;C:\Users\Maik\.m2\repository\com\github\java-json-tools\btf\1.3\btf-1.3.jar;C:\Users\Maik\.m2\repository\com\github\java-json-tools\jackson-coreutils\2.0\jackson-coreutils-2.0.jar;C:\Users\Maik\.m2\repository\io\quarkus\quarkus-jdbc-postgresql\2.10.1.Final\quarkus-jdbc-postgresql-2.10.1.Final.jar;C:\Users\Maik\.m2\repository\org\postgresql\postgresql\42.3.6\postgresql-42.3.6.jar;C:\Users\Maik\.m2\repository\io\quarkus\quarkus-mailer\2.10.1.Final\quarkus-mailer-2.10.1.Final.jar;C:\Users\Maik\.m2\repository\io\quarkus\quarkus-qute\2.10.1.Final\quarkus-qute-2.10.1.Final.jar;C:\Users\Maik\.m2\repository\io\quarkus\qute\qute-core\2.10.1.Final\qute-core-2.10.1.Final.jar;C:\Users\Maik\.m2\repository\io\smallrye\reactive\smallrye-mutiny-vertx-mail-client\2.22.0\smallrye-mutiny-vertx-mail-client-2.22.0.jar;C:\Users\Maik\.m2\repository\io\vertx\vertx-mail-client\4.2.7\vertx-mail-client-4.2.7.jar;C:\Users\Maik\.m2\repository\io\quarkus\quarkus-junit5\2.10.1.Final\quarkus-junit5-2.10.1.Final.jar;C:\Users\Maik\.m2\repository\io\quarkus\quarkus-bootstrap-core\2.10.1.Final\quarkus-bootstrap-core-2.10.1.Final.jar;C:\Users\Maik\.m2\repository\io\quarkus\quarkus-bootstrap-app-model\2.10.1.Final\quarkus-bootstrap-app-model-2.10.1.Final.jar;C:\Users\Maik\.m2\repository\io\quarkus\quarkus-bootstrap-maven-resolver\2.10.1.Final\quarkus-bootstrap-maven-resolver-2.10.1.Final.jar;C:\Users\Maik\.m2\repository\org\apache\maven\maven-embedder\3.8.4\maven-embedder-3.8.4.jar;C:\Users\Maik\.m2\repository\org\apache\maven\maven-settings\3.8.4\maven-settings-3.8.4.jar;C:\Users\Maik\.m2\repository\org\apache\maven\maven-core\3.8.4\maven-core-3.8.4.jar;C:\Users\Maik\.m2\repository\org\apache\maven\maven-artifact\3.8.4\maven-artifact-3.8.4.jar;C:\Users\Maik\.m2\repository\org\codehaus\plexus\plexus-component-annotations\2.1.0\plexus-component-annotations-2.1.0.jar;C:\Users\Maik\.m2\repository\org\apache\maven\maven-plugin-api\3.8.4\maven-plugin-api-3.8.4.jar;C:\Users\Maik\.m2\repository\org\apache\maven\maven-model\3.8.4\maven-model-3.8.4.jar;C:\Users\Maik\.m2\repository\org\apache\maven\maven-model-builder\3.8.4\maven-model-builder-3.8.4.jar;C:\Users\Maik\.m2\repository\org\apache\maven\maven-builder-support\3.8.4\maven-builder-support-3.8.4.jar;C:\Users\Maik\.m2\repository\org\apache\maven\resolver\maven-resolver-api\1.6.3\maven-resolver-api-1.6.3.jar;C:\Users\Maik\.m2\repository\org\apache\maven\resolver\maven-resolver-util\1.6.3\maven-resolver-util-1.6.3.jar;C:\Users\Maik\.m2\repository\org\apache\maven\shared\maven-shared-utils\3.3.4\maven-shared-utils-3.3.4.jar;C:\Users\Maik\.m2\repository\com\google\inject\guice\4.2.2\guice-4.2.2-no_aop.jar;C:\Users\Maik\.m2\repository\com\google\guava\guava\31.1-jre\guava-31.1-jre.jar;C:\Users\Maik\.m2\repository\com\google\guava\failureaccess\1.0.1\failureaccess-1.0.1.jar;C:\Users\Maik\.m2\repository\org\codehaus\plexus\plexus-classworlds\2.6.0\plexus-classworlds-2.6.0.jar;C:\Users\Maik\.m2\repository\org\codehaus\plexus\plexus-sec-dispatcher\2.0\plexus-sec-dispatcher-2.0.jar;C:\Users\Maik\.m2\repository\org\codehaus\plexus\plexus-cipher\2.0\plexus-cipher-2.0.jar;C:\Users\Maik\.m2\repository\commons-cli\commons-cli\1.4\commons-cli-1.4.jar;C:\Users\Maik\.m2\repository\org\eclipse\sisu\org.eclipse.sisu.plexus\0.3.5\org.eclipse.sisu.plexus-0.3.5.jar;C:\Users\Maik\.m2\repository\org\apache\maven\maven-settings-builder\3.8.4\maven-settings-builder-3.8.4.jar;C:\Users\Maik\.m2\repository\org\codehaus\plexus\plexus-interpolation\1.26\plexus-interpolation-1.26.jar;C:\Users\Maik\.m2\repository\org\apache\maven\maven-resolver-provider\3.8.4\maven-resolver-provider-3.8.4.jar;C:\Users\Maik\.m2\repository\org\apache\maven\maven-repository-metadata\3.8.4\maven-repository-metadata-3.8.4.jar;C:\Users\Maik\.m2\repository\org\apache\maven\resolver\maven-resolver-spi\1.6.3\maven-resolver-spi-1.6.3.jar;C:\Users\Maik\.m2\repository\org\apache\maven\resolver\maven-resolver-impl\1.6.3\maven-resolver-impl-1.6.3.jar;C:\Users\Maik\.m2\repository\org\codehaus\plexus\plexus-utils\3.3.0\plexus-utils-3.3.0.jar;C:\Users\Maik\.m2\repository\org\apache\maven\resolver\maven-resolver-connector-basic\1.6.3\maven-resolver-connector-basic-1.6.3.jar;C:\Users\Maik\.m2\repository\org\apache\maven\resolver\maven-resolver-transport-wagon\1.6.3\maven-resolver-transport-wagon-1.6.3.jar;C:\Users\Maik\.m2\repository\org\apache\maven\wagon\wagon-http\3.4.3\wagon-http-3.4.3.jar;C:\Users\Maik\.m2\repository\org\apache\maven\wagon\wagon-http-shared\3.4.3\wagon-http-shared-3.4.3.jar;C:\Users\Maik\.m2\repository\org\jsoup\jsoup\1.14.2\jsoup-1.14.2.jar;C:\Users\Maik\.m2\repository\org\apache\maven\wagon\wagon-provider-api\3.4.3\wagon-provider-api-3.4.3.jar;C:\Users\Maik\.m2\repository\org\apache\maven\wagon\wagon-file\3.4.3\wagon-file-3.4.3.jar;C:\Users\Maik\.m2\repository\io\quarkus\quarkus-bootstrap-gradle-resolver\2.10.1.Final\quarkus-bootstrap-gradle-resolver-2.10.1.Final.jar;C:\Users\Maik\.m2\repository\io\smallrye\common\smallrye-common-io\1.12.0\smallrye-common-io-1.12.0.jar;C:\Users\Maik\.m2\repository\org\eclipse\sisu\org.eclipse.sisu.inject\0.3.5\org.eclipse.sisu.inject-0.3.5.jar;C:\Users\Maik\.m2\repository\io\quarkus\quarkus-test-common\2.10.1.Final\quarkus-test-common-2.10.1.Final.jar;C:\Users\Maik\.m2\repository\io\quarkus\quarkus-core-deployment\2.10.1.Final\quarkus-core-deployment-2.10.1.Final.jar;C:\Users\Maik\.m2\repository\org\aesh\readline\2.2\readline-2.2.jar;C:\Users\Maik\.m2\repository\org\fusesource\jansi\jansi\1.18\jansi-1.18.jar;C:\Users\Maik\.m2\repository\org\aesh\aesh\2.6\aesh-2.6.jar;C:\Users\Maik\.m2\repository\io\quarkus\gizmo\gizmo\1.0.11.Final\gizmo-1.0.11.Final.jar;C:\Users\Maik\.m2\repository\org\ow2\asm\asm-util\9.3\asm-util-9.3.jar;C:\Users\Maik\.m2\repository\org\ow2\asm\asm\9.3\asm-9.3.jar;C:\Users\Maik\.m2\repository\org\ow2\asm\asm-commons\9.3\asm-commons-9.3.jar;C:\Users\Maik\.m2\repository\org\ow2\asm\asm-tree\9.3\asm-tree-9.3.jar;C:\Users\Maik\.m2\repository\org\ow2\asm\asm-analysis\9.3\asm-analysis-9.3.jar;C:\Users\Maik\.m2\repository\io\quarkus\quarkus-class-change-agent\2.10.1.Final\quarkus-class-change-agent-2.10.1.Final.jar;C:\Users\Maik\.m2\repository\io\quarkus\quarkus-devtools-utilities\2.10.1.Final\quarkus-devtools-utilities-2.10.1.Final.jar;C:\Users\Maik\.m2\repository\io\quarkus\quarkus-builder\2.10.1.Final\quarkus-builder-2.10.1.Final.jar;C:\Users\Maik\.m2\repository\org\junit\platform\junit-platform-launcher\1.8.2\junit-platform-launcher-1.8.2.jar;C:\Users\Maik\.m2\repository\io\quarkus\quarkus-junit5-properties\2.10.1.Final\quarkus-junit5-properties-2.10.1.Final.jar;C:\Users\Maik\.m2\repository\org\junit\jupiter\junit-jupiter\5.8.2\junit-jupiter-5.8.2.jar;C:\Users\Maik\.m2\repository\org\junit\jupiter\junit-jupiter-api\5.8.2\junit-jupiter-api-5.8.2.jar;C:\Users\Maik\.m2\repository\org\opentest4j\opentest4j\1.2.0\opentest4j-1.2.0.jar;C:\Users\Maik\.m2\repository\org\junit\platform\junit-platform-commons\1.8.2\junit-platform-commons-1.8.2.jar;C:\Users\Maik\.m2\repository\org\apiguardian\apiguardian-api\1.1.2\apiguardian-api-1.1.2.jar;C:\Users\Maik\.m2\repository\org\junit\jupiter\junit-jupiter-params\5.8.2\junit-jupiter-params-5.8.2.jar;C:\Users\Maik\.m2\repository\org\junit\jupiter\junit-jupiter-engine\5.8.2\junit-jupiter-engine-5.8.2.jar;C:\Users\Maik\.m2\repository\org\junit\platform\junit-platform-engine\1.8.2\junit-platform-engine-1.8.2.jar;C:\Users\Maik\.m2\repository\com\thoughtworks\xstream\xstream\1.4.19\xstream-1.4.19.jar;C:\Users\Maik\.m2\repository\io\github\x-stream\mxparser\1.2.2\mxparser-1.2.2.jar;C:\Users\Maik\.m2\repository\xmlpull\xmlpull\1.1.3.1\xmlpull-1.1.3.1.jar;C:\Users\Maik\.m2\repository\io\rest-assured\rest-assured\4.5.1\rest-assured-4.5.1.jar;C:\Users\Maik\.m2\repository\org\codehaus\groovy\groovy\3.0.9\groovy-3.0.9.jar;C:\Users\Maik\.m2\repository\org\codehaus\groovy\groovy-xml\3.0.9\groovy-xml-3.0.9.jar;C:\Users\Maik\.m2\repository\org\apache\httpcomponents\httpclient\4.5.13\httpclient-4.5.13.jar;C:\Users\Maik\.m2\repository\commons-codec\commons-codec\1.15\commons-codec-1.15.jar;C:\Users\Maik\.m2\repository\org\apache\httpcomponents\httpmime\4.5.13\httpmime-4.5.13.jar;C:\Users\Maik\.m2\repository\org\hamcrest\hamcrest\2.1\hamcrest-2.1.jar;C:\Users\Maik\.m2\repository\org\ccil\cowan\tagsoup\tagsoup\1.2.1\tagsoup-1.2.1.jar;C:\Users\Maik\.m2\repository\io\rest-assured\json-path\4.5.1\json-path-4.5.1.jar;C:\Users\Maik\.m2\repository\org\codehaus\groovy\groovy-json\3.0.9\groovy-json-3.0.9.jar;C:\Users\Maik\.m2\repository\io\rest-assured\rest-assured-common\4.5.1\rest-assured-common-4.5.1.jar;C:\Users\Maik\.m2\repository\io\rest-assured\xml-path\4.5.1\xml-path-4.5.1.jar;C:\Users\Maik\.m2\repository\org\apache\commons\commons-lang3\3.12.0\commons-lang3-3.12.0.jar;C:\Users\Maik\.m2\repository\io\quarkus\quarkus-test-keycloak-server\2.10.1.Final\quarkus-test-keycloak-server-2.10.1.Final.jar;C:\Users\Maik\.m2\repository\org\testcontainers\testcontainers\1.17.2\testcontainers-1.17.2.jar;C:\Users\Maik\.m2\repository\junit\junit\4.13.2\junit-4.13.2.jar;C:\Users\Maik\.m2\repository\org\apache\commons\commons-compress\1.21\commons-compress-1.21.jar;C:\Users\Maik\.m2\repository\org\rnorth\duct-tape\duct-tape\1.0.8\duct-tape-1.0.8.jar;C:\Users\Maik\.m2\repository\org\jetbrains\annotations\17.0.0\annotations-17.0.0.jar;C:\Users\Maik\.m2\repository\com\github\docker-java\docker-java-api\3.2.13\docker-java-api-3.2.13.jar;C:\Users\Maik\.m2\repository\com\github\docker-java\docker-java-transport-zerodep\3.2.13\docker-java-transport-zerodep-3.2.13.jar;C:\Users\Maik\.m2\repository\com\github\docker-java\docker-java-transport\3.2.13\docker-java-transport-3.2.13.jar;C:\Users\Maik\.m2\repository\net\java\dev\jna\jna\5.8.0\jna-5.8.0.jar;"/>
    <property name="java.vm.vendor" value="Oracle Corporation"/>
    <property name="sun.arch.data.model" value="64"/>
    <property name="user.variant" value=""/>
    <property name="java.vendor.url" value="https://java.oracle.com/"/>
    <property name="user.timezone" value="Europe/Berlin"/>
    <property name="os.name" value="Windows 10"/>
    <property name="java.vm.specification.version" value="17"/>
    <property name="sun.java.launcher" value="SUN_STANDARD"/>
    <property name="user.country" value="DE"/>
    <property name="mp.openapi.extensions.smallrye.defaultProduces" value="application/json"/>
    <property name="sun.boot.library.path" value="C:\Program Files\Java\jdk-17.0.1\bin"/>
    <property name="sun.java.command" value="C:\Users\Maik\AppData\Local\Temp\surefire2226576800475714644\surefirebooter-20220808210822208_3.jar C:\Users\Maik\AppData\Local\Temp\surefire2226576800475714644 2022-08-08T21-08-21_869-jvmRun1 surefire-20220808210822208_1tmp surefire_0-20220808210822208_2tmp"/>
    <property name="maven.home" value="C:\Users\Maik\.m2\wrapper\dists\apache-maven-3.8.4-bin\52ccbt68d252mdldqsfsn03jlf\apache-maven-3.8.4"/>
    <property name="jdk.debug" value="release"/>
    <property name="surefire.test.class.path" value="S:\Hochschule\7_Semester\SWA\Projekt\mybay_onlineshop\backend\target\test-classes;S:\Hochschule\7_Semester\SWA\Projekt\mybay_onlineshop\backend\target\classes;C:\Users\Maik\.m2\repository\io\quarkus\quarkus-hibernate-orm\2.10.1.Final\quarkus-hibernate-orm-2.10.1.Final.jar;C:\Users\Maik\.m2\repository\io\quarkus\quarkus-core\2.10.1.Final\quarkus-core-2.10.1.Final.jar;C:\Users\Maik\.m2\repository\jakarta\inject\jakarta.inject-api\1.0\jakarta.inject-api-1.0.jar;C:\Users\Maik\.m2\repository\io\quarkus\quarkus-ide-launcher\2.10.1.Final\quarkus-ide-launcher-2.10.1.Final.jar;C:\Users\Maik\.m2\repository\io\quarkus\quarkus-development-mode-spi\2.10.1.Final\quarkus-development-mode-spi-2.10.1.Final.jar;C:\Users\Maik\.m2\repository\io\smallrye\config\smallrye-config\2.10.1\smallrye-config-2.10.1.jar;C:\Users\Maik\.m2\repository\io\smallrye\config\smallrye-config-core\2.10.1\smallrye-config-core-2.10.1.jar;C:\Users\Maik\.m2\repository\io\smallrye\common\smallrye-common-expression\1.12.0\smallrye-common-expression-1.12.0.jar;C:\Users\Maik\.m2\repository\io\smallrye\common\smallrye-common-function\1.12.0\smallrye-common-function-1.12.0.jar;C:\Users\Maik\.m2\repository\io\smallrye\common\smallrye-common-classloader\1.12.0\smallrye-common-classloader-1.12.0.jar;C:\Users\Maik\.m2\repository\io\smallrye\config\smallrye-config-common\2.10.1\smallrye-config-common-2.10.1.jar;C:\Users\Maik\.m2\repository\org\jboss\logging\jboss-logging\3.5.0.Final\jboss-logging-3.5.0.Final.jar;C:\Users\Maik\.m2\repository\org\jboss\logmanager\jboss-logmanager-embedded\1.0.10\jboss-logmanager-embedded-1.0.10.jar;C:\Users\Maik\.m2\repository\org\jboss\logging\jboss-logging-annotations\2.2.1.Final\jboss-logging-annotations-2.2.1.Final.jar;C:\Users\Maik\.m2\repository\org\jboss\threads\jboss-threads\3.4.2.Final\jboss-threads-3.4.2.Final.jar;C:\Users\Maik\.m2\repository\org\slf4j\slf4j-api\1.7.36\slf4j-api-1.7.36.jar;C:\Users\Maik\.m2\repository\org\jboss\slf4j\slf4j-jboss-logmanager\1.1.0.Final\slf4j-jboss-logmanager-1.1.0.Final.jar;C:\Users\Maik\.m2\repository\org\graalvm\sdk\graal-sdk\22.1.0\graal-sdk-22.1.0.jar;C:\Users\Maik\.m2\repository\org\wildfly\common\wildfly-common\1.5.4.Final-format-001\wildfly-common-1.5.4.Final-format-001.jar;C:\Users\Maik\.m2\repository\io\quarkus\quarkus-bootstrap-runner\2.10.1.Final\quarkus-bootstrap-runner-2.10.1.Final.jar;C:\Users\Maik\.m2\repository\io\quarkus\quarkus-fs-util\0.0.9\quarkus-fs-util-0.0.9.jar;C:\Users\Maik\.m2\repository\io\quarkus\quarkus-agroal\2.10.1.Final\quarkus-agroal-2.10.1.Final.jar;C:\Users\Maik\.m2\repository\io\quarkus\quarkus-datasource\2.10.1.Final\quarkus-datasource-2.10.1.Final.jar;C:\Users\Maik\.m2\repository\io\quarkus\quarkus-datasource-common\2.10.1.Final\quarkus-datasource-common-2.10.1.Final.jar;C:\Users\Maik\.m2\repository\io\agroal\agroal-api\1.16\agroal-api-1.16.jar;C:\Users\Maik\.m2\repository\io\agroal\agroal-narayana\1.16\agroal-narayana-1.16.jar;C:\Users\Maik\.m2\repository\org\jboss\jboss-transaction-spi\7.6.0.Final\jboss-transaction-spi-7.6.0.Final.jar;C:\Users\Maik\.m2\repository\io\agroal\agroal-pool\1.16\agroal-pool-1.16.jar;C:\Users\Maik\.m2\repository\io\quarkus\quarkus-credentials\2.10.1.Final\quarkus-credentials-2.10.1.Final.jar;C:\Users\Maik\.m2\repository\io\quarkus\quarkus-narayana-jta\2.10.1.Final\quarkus-narayana-jta-2.10.1.Final.jar;C:\Users\Maik\.m2\repository\io\quarkus\quarkus-transaction-annotations\2.10.1.Final\quarkus-transaction-annotations-2.10.1.Final.jar;C:\Users\Maik\.m2\repository\io\smallrye\smallrye-context-propagation-jta\1.2.2\smallrye-context-propagation-jta-1.2.2.jar;C:\Users\Maik\.m2\repository\io\smallrye\reactive\smallrye-reactive-converter-api\2.7.0\smallrye-reactive-converter-api-2.7.0.jar;C:\Users\Maik\.m2\repository\org\reactivestreams\reactive-streams\1.0.3\reactive-streams-1.0.3.jar;C:\Users\Maik\.m2\repository\io\smallrye\reactive\smallrye-reactive-converter-mutiny\2.7.0\smallrye-reactive-converter-mutiny-2.7.0.jar;C:\Users\Maik\.m2\repository\org\jboss\narayana\jta\narayana-jta\5.12.6.Final\narayana-jta-5.12.6.Final.jar;C:\Users\Maik\.m2\repository\org\jboss\spec\javax\resource\jboss-connector-api_1.7_spec\1.0.0.Final\jboss-connector-api_1.7_spec-1.0.0.Final.jar;C:\Users\Maik\.m2\repository\org\jboss\narayana\jts\narayana-jts-integration\5.12.6.Final\narayana-jts-integration-5.12.6.Final.jar;C:\Users\Maik\.m2\repository\org\hibernate\hibernate-core\5.6.9.Final\hibernate-core-5.6.9.Final.jar;C:\Users\Maik\.m2\repository\net\bytebuddy\byte-buddy\1.12.9\byte-buddy-1.12.9.jar;C:\Users\Maik\.m2\repository\antlr\antlr\2.7.7\antlr-2.7.7.jar;C:\Users\Maik\.m2\repository\com\fasterxml\classmate\1.5.1\classmate-1.5.1.jar;C:\Users\Maik\.m2\repository\org\hibernate\common\hibernate-commons-annotations\5.1.2.Final\hibernate-commons-annotations-5.1.2.Final.jar;C:\Users\Maik\.m2\repository\org\hibernate\hibernate-graalvm\5.6.9.Final\hibernate-graalvm-5.6.9.Final.jar;C:\Users\Maik\.m2\repository\org\glassfish\jaxb\jaxb-runtime\2.3.3-b02\jaxb-runtime-2.3.3-b02.jar;C:\Users\Maik\.m2\repository\org\glassfish\jaxb\txw2\2.3.3-b02\txw2-2.3.3-b02.jar;C:\Users\Maik\.m2\repository\com\sun\istack\istack-commons-runtime\3.0.10\istack-commons-runtime-3.0.10.jar;C:\Users\Maik\.m2\repository\com\sun\activation\jakarta.activation\1.2.1\jakarta.activation-1.2.1.jar;C:\Users\Maik\.m2\repository\org\jboss\spec\javax\xml\bind\jboss-jaxb-api_2.3_spec\2.0.0.Final\jboss-jaxb-api_2.3_spec-2.0.0.Final.jar;C:\Users\Maik\.m2\repository\jakarta\persistence\jakarta.persistence-api\2.2.3\jakarta.persistence-api-2.2.3.jar;C:\Users\Maik\.m2\repository\jakarta\transaction\jakarta.transaction-api\1.3.3\jakarta.transaction-api-1.3.3.jar;C:\Users\Maik\.m2\repository\org\hibernate\quarkus-local-cache\0.1.1\quarkus-local-cache-0.1.1.jar;C:\Users\Maik\.m2\repository\io\quarkus\quarkus-caffeine\2.10.1.Final\quarkus-caffeine-2.10.1.Final.jar;C:\Users\Maik\.m2\repository\com\github\ben-manes\caffeine\caffeine\2.9.3\caffeine-2.9.3.jar;C:\Users\Maik\.m2\repository\com\google\errorprone\error_prone_annotations\2.13.1\error_prone_annotations-2.13.1.jar;C:\Users\Maik\.m2\repository\io\quarkus\quarkus-oidc-client\2.10.1.Final\quarkus-oidc-client-2.10.1.Final.jar;C:\Users\Maik\.m2\repository\io\quarkus\quarkus-vertx\2.10.1.Final\quarkus-vertx-2.10.1.Final.jar;C:\Users\Maik\.m2\repository\io\quarkus\quarkus-netty\2.10.1.Final\quarkus-netty-2.10.1.Final.jar;C:\Users\Maik\.m2\repository\io\netty\netty-codec\4.1.74.Final\netty-codec-4.1.74.Final.jar;C:\Users\Maik\.m2\repository\io\netty\netty-common\4.1.74.Final\netty-common-4.1.74.Final.jar;C:\Users\Maik\.m2\repository\io\netty\netty-codec-http\4.1.74.Final\netty-codec-http-4.1.74.Final.jar;C:\Users\Maik\.m2\repository\io\netty\netty-codec-http2\4.1.74.Final\netty-codec-http2-4.1.74.Final.jar;C:\Users\Maik\.m2\repository\io\netty\netty-handler\4.1.74.Final\netty-handler-4.1.74.Final.jar;C:\Users\Maik\.m2\repository\io\netty\netty-resolver\4.1.74.Final\netty-resolver-4.1.74.Final.jar;C:\Users\Maik\.m2\repository\io\netty\netty-tcnative-classes\2.0.48.Final\netty-tcnative-classes-2.0.48.Final.jar;C:\Users\Maik\.m2\repository\io\netty\netty-codec-haproxy\4.1.74.Final\netty-codec-haproxy-4.1.74.Final.jar;C:\Users\Maik\.m2\repository\io\netty\netty-buffer\4.1.74.Final\netty-buffer-4.1.74.Final.jar;C:\Users\Maik\.m2\repository\io\netty\netty-transport\4.1.74.Final\netty-transport-4.1.74.Final.jar;C:\Users\Maik\.m2\repository\io\smallrye\common\smallrye-common-annotation\1.12.0\smallrye-common-annotation-1.12.0.jar;C:\Users\Maik\.m2\repository\io\smallrye\common\smallrye-common-vertx-context\1.12.0\smallrye-common-vertx-context-1.12.0.jar;C:\Users\Maik\.m2\repository\io\vertx\vertx-core\4.2.7\vertx-core-4.2.7.jar;C:\Users\Maik\.m2\repository\io\netty\netty-handler-proxy\4.1.74.Final\netty-handler-proxy-4.1.74.Final.jar;C:\Users\Maik\.m2\repository\io\netty\netty-codec-socks\4.1.74.Final\netty-codec-socks-4.1.74.Final.jar;C:\Users\Maik\.m2\repository\io\netty\netty-resolver-dns\4.1.74.Final\netty-resolver-dns-4.1.74.Final.jar;C:\Users\Maik\.m2\repository\io\netty\netty-codec-dns\4.1.74.Final\netty-codec-dns-4.1.74.Final.jar;C:\Users\Maik\.m2\repository\io\smallrye\common\smallrye-common-constraint\1.12.0\smallrye-common-constraint-1.12.0.jar;C:\Users\Maik\.m2\repository\io\smallrye\reactive\smallrye-mutiny-vertx-core\2.22.0\smallrye-mutiny-vertx-core-2.22.0.jar;C:\Users\Maik\.m2\repository\io\smallrye\reactive\smallrye-mutiny-vertx-runtime\2.22.0\smallrye-mutiny-vertx-runtime-2.22.0.jar;C:\Users\Maik\.m2\repository\io\smallrye\reactive\vertx-mutiny-generator\2.22.0\vertx-mutiny-generator-2.22.0.jar;C:\Users\Maik\.m2\repository\io\vertx\vertx-codegen\4.2.7\vertx-codegen-4.2.7.jar;C:\Users\Maik\.m2\repository\io\smallrye\smallrye-fault-tolerance-vertx\5.4.1\smallrye-fault-tolerance-vertx-5.4.1.jar;C:\Users\Maik\.m2\repository\io\quarkus\quarkus-oidc-common\2.10.1.Final\quarkus-oidc-common-2.10.1.Final.jar;C:\Users\Maik\.m2\repository\io\smallrye\reactive\smallrye-mutiny-vertx-web-client\2.22.0\smallrye-mutiny-vertx-web-client-2.22.0.jar;C:\Users\Maik\.m2\repository\io\vertx\vertx-web-client\4.2.7\vertx-web-client-4.2.7.jar;C:\Users\Maik\.m2\repository\io\smallrye\reactive\smallrye-mutiny-vertx-auth-common\2.22.0\smallrye-mutiny-vertx-auth-common-2.22.0.jar;C:\Users\Maik\.m2\repository\io\smallrye\reactive\smallrye-mutiny-vertx-web-common\2.22.0\smallrye-mutiny-vertx-web-common-2.22.0.jar;C:\Users\Maik\.m2\repository\io\quarkus\quarkus-smallrye-jwt-build\2.10.1.Final\quarkus-smallrye-jwt-build-2.10.1.Final.jar;C:\Users\Maik\.m2\repository\io\smallrye\smallrye-jwt-build\3.5.1\smallrye-jwt-build-3.5.1.jar;C:\Users\Maik\.m2\repository\io\quarkus\quarkus-keycloak-authorization\2.10.1.Final\quarkus-keycloak-authorization-2.10.1.Final.jar;C:\Users\Maik\.m2\repository\org\keycloak\keycloak-adapter-core\18.0.1\keycloak-adapter-core-18.0.1.jar;C:\Users\Maik\.m2\repository\org\keycloak\keycloak-core\18.0.1\keycloak-core-18.0.1.jar;C:\Users\Maik\.m2\repository\org\keycloak\keycloak-common\18.0.1\keycloak-common-18.0.1.jar;C:\Users\Maik\.m2\repository\org\bouncycastle\bcprov-jdk15on\1.70\bcprov-jdk15on-1.70.jar;C:\Users\Maik\.m2\repository\org\bouncycastle\bcpkix-jdk15on\1.70\bcpkix-jdk15on-1.70.jar;C:\Users\Maik\.m2\repository\org\bouncycastle\bcutil-jdk15on\1.70\bcutil-jdk15on-1.70.jar;C:\Users\Maik\.m2\repository\com\fasterxml\jackson\core\jackson-core\2.13.3\jackson-core-2.13.3.jar;C:\Users\Maik\.m2\repository\com\fasterxml\jackson\core\jackson-databind\2.13.3\jackson-databind-2.13.3.jar;C:\Users\Maik\.m2\repository\org\keycloak\keycloak-adapter-spi\18.0.1\keycloak-adapter-spi-18.0.1.jar;C:\Users\Maik\.m2\repository\org\keycloak\keycloak-authz-client\18.0.1\keycloak-authz-client-18.0.1.jar;C:\Users\Maik\.m2\repository\io\quarkus\quarkus-apache-httpclient\2.10.1.Final\quarkus-apache-httpclient-2.10.1.Final.jar;C:\Users\Maik\.m2\repository\org\jboss\logging\commons-logging-jboss-logging\1.0.0.Final\commons-logging-jboss-logging-1.0.0.Final.jar;C:\Users\Maik\.m2\repository\io\quarkus\quarkus-rest-client\2.10.1.Final\quarkus-rest-client-2.10.1.Final.jar;C:\Users\Maik\.m2\repository\io\quarkus\quarkus-resteasy-common\2.10.1.Final\quarkus-resteasy-common-2.10.1.Final.jar;C:\Users\Maik\.m2\repository\org\jboss\resteasy\resteasy-core\4.7.5.Final\resteasy-core-4.7.5.Final.jar;C:\Users\Maik\.m2\repository\org\jboss\spec\javax\ws\rs\jboss-jaxrs-api_2.1_spec\2.0.1.Final\jboss-jaxrs-api_2.1_spec-2.0.1.Final.jar;C:\Users\Maik\.m2\repository\org\jboss\resteasy\resteasy-core-spi\4.7.5.Final\resteasy-core-spi-4.7.5.Final.jar;C:\Users\Maik\.m2\repository\com\ibm\async\asyncutil\0.1.0\asyncutil-0.1.0.jar;C:\Users\Maik\.m2\repository\io\quarkus\quarkus-rest-client-config\2.10.1.Final\quarkus-rest-client-config-2.10.1.Final.jar;C:\Users\Maik\.m2\repository\org\eclipse\microprofile\rest\client\microprofile-rest-client-api\2.0\microprofile-rest-client-api-2.0.jar;C:\Users\Maik\.m2\repository\org\jboss\jandex\2.4.2.Final\jandex-2.4.2.Final.jar;C:\Users\Maik\.m2\repository\org\jboss\resteasy\resteasy-client-microprofile\4.7.5.Final\resteasy-client-microprofile-4.7.5.Final.jar;C:\Users\Maik\.m2\repository\org\jboss\resteasy\resteasy-client-microprofile-base\4.7.5.Final\resteasy-client-microprofile-base-4.7.5.Final.jar;C:\Users\Maik\.m2\repository\org\jboss\resteasy\resteasy-client\4.7.5.Final\resteasy-client-4.7.5.Final.jar;C:\Users\Maik\.m2\repository\org\jboss\resteasy\resteasy-client-api\4.7.5.Final\resteasy-client-api-4.7.5.Final.jar;C:\Users\Maik\.m2\repository\org\jboss\resteasy\resteasy-cdi\4.7.5.Final\resteasy-cdi-4.7.5.Final.jar;C:\Users\Maik\.m2\repository\jakarta\interceptor\jakarta.interceptor-api\1.2.5\jakarta.interceptor-api-1.2.5.jar;C:\Users\Maik\.m2\repository\org\apache\httpcomponents\httpasyncclient\4.1.5\httpasyncclient-4.1.5.jar;C:\Users\Maik\.m2\repository\org\apache\httpcomponents\httpcore\4.4.15\httpcore-4.4.15.jar;C:\Users\Maik\.m2\repository\org\apache\httpcomponents\httpcore-nio\4.4.15\httpcore-nio-4.4.15.jar;C:\Users\Maik\.m2\repository\io\quarkus\quarkus-resteasy-jsonb\2.10.1.Final\quarkus-resteasy-jsonb-2.10.1.Final.jar;C:\Users\Maik\.m2\repository\io\quarkus\quarkus-jsonb\2.10.1.Final\quarkus-jsonb-2.10.1.Final.jar;C:\Users\Maik\.m2\repository\org\eclipse\yasson\1.0.11\yasson-1.0.11.jar;C:\Users\Maik\.m2\repository\org\jboss\resteasy\resteasy-json-binding-provider\4.7.5.Final\resteasy-json-binding-provider-4.7.5.Final.jar;C:\Users\Maik\.m2\repository\jakarta\json\bind\jakarta.json.bind-api\1.0.2\jakarta.json.bind-api-1.0.2.jar;C:\Users\Maik\.m2\repository\org\jboss\resteasy\resteasy-json-p-provider\4.7.5.Final\resteasy-json-p-provider-4.7.5.Final.jar;C:\Users\Maik\.m2\repository\commons-io\commons-io\2.11.0\commons-io-2.11.0.jar;C:\Users\Maik\.m2\repository\io\quarkus\quarkus-smallrye-openapi\2.10.1.Final\quarkus-smallrye-openapi-2.10.1.Final.jar;C:\Users\Maik\.m2\repository\io\smallrye\smallrye-open-api-core\2.1.22\smallrye-open-api-core-2.1.22.jar;C:\Users\Maik\.m2\repository\org\eclipse\microprofile\openapi\microprofile-openapi-api\2.0.1\microprofile-openapi-api-2.0.1.jar;C:\Users\Maik\.m2\repository\org\eclipse\microprofile\config\microprofile-config-api\2.0.1\microprofile-config-api-2.0.1.jar;C:\Users\Maik\.m2\repository\com\fasterxml\jackson\dataformat\jackson-dataformat-yaml\2.13.3\jackson-dataformat-yaml-2.13.3.jar;C:\Users\Maik\.m2\repository\org\yaml\snakeyaml\1.30\snakeyaml-1.30.jar;C:\Users\Maik\.m2\repository\io\quarkus\quarkus-vertx-http\2.10.1.Final\quarkus-vertx-http-2.10.1.Final.jar;C:\Users\Maik\.m2\repository\io\quarkus\quarkus-security-runtime-spi\2.10.1.Final\quarkus-security-runtime-spi-2.10.1.Final.jar;C:\Users\Maik\.m2\repository\io\quarkus\quarkus-vertx-http-dev-console-runtime-spi\2.10.1.Final\quarkus-vertx-http-dev-console-runtime-spi-2.10.1.Final.jar;C:\Users\Maik\.m2\repository\io\quarkus\security\quarkus-security\1.1.4.Final\quarkus-security-1.1.4.Final.jar;C:\Users\Maik\.m2\repository\io\smallrye\reactive\smallrye-mutiny-vertx-web\2.22.0\smallrye-mutiny-vertx-web-2.22.0.jar;C:\Users\Maik\.m2\repository\io\smallrye\reactive\smallrye-mutiny-vertx-bridge-common\2.22.0\smallrye-mutiny-vertx-bridge-common-2.22.0.jar;C:\Users\Maik\.m2\repository\io\vertx\vertx-web\4.2.7\vertx-web-4.2.7.jar;C:\Users\Maik\.m2\repository\io\vertx\vertx-web-common\4.2.7\vertx-web-common-4.2.7.jar;C:\Users\Maik\.m2\repository\io\vertx\vertx-auth-common\4.2.7\vertx-auth-common-4.2.7.jar;C:\Users\Maik\.m2\repository\io\vertx\vertx-bridge-common\4.2.7\vertx-bridge-common-4.2.7.jar;C:\Users\Maik\.m2\repository\io\github\crac\org-crac\0.1.1\org-crac-0.1.1.jar;C:\Users\Maik\.m2\repository\io\quarkus\quarkus-swagger-ui\2.10.1.Final\quarkus-swagger-ui-2.10.1.Final.jar;C:\Users\Maik\.m2\repository\io\quarkus\quarkus-smallrye-metrics\2.10.1.Final\quarkus-smallrye-metrics-2.10.1.Final.jar;C:\Users\Maik\.m2\repository\io\smallrye\smallrye-metrics\3.0.5\smallrye-metrics-3.0.5.jar;C:\Users\Maik\.m2\repository\io\quarkus\quarkus-jsonp\2.10.1.Final\quarkus-jsonp-2.10.1.Final.jar;C:\Users\Maik\.m2\repository\org\glassfish\jakarta.json\1.1.6\jakarta.json-1.1.6.jar;C:\Users\Maik\.m2\repository\org\eclipse\microprofile\metrics\microprofile-metrics-api\3.0.1\microprofile-metrics-api-3.0.1.jar;C:\Users\Maik\.m2\repository\io\quarkus\quarkus-smallrye-fault-tolerance\2.10.1.Final\quarkus-smallrye-fault-tolerance-2.10.1.Final.jar;C:\Users\Maik\.m2\repository\io\quarkus\quarkus-mutiny\2.10.1.Final\quarkus-mutiny-2.10.1.Final.jar;C:\Users\Maik\.m2\repository\io\smallrye\reactive\mutiny\1.6.0\mutiny-1.6.0.jar;C:\Users\Maik\.m2\repository\io\smallrye\reactive\mutiny-smallrye-context-propagation\1.6.0\mutiny-smallrye-context-propagation-1.6.0.jar;C:\Users\Maik\.m2\repository\io\smallrye\smallrye-fault-tolerance\5.4.1\smallrye-fault-tolerance-5.4.1.jar;C:\Users\Maik\.m2\repository\org\eclipse\microprofile\fault-tolerance\microprofile-fault-tolerance-api\3.0\microprofile-fault-tolerance-api-3.0.jar;C:\Users\Maik\.m2\repository\io\smallrye\smallrye-fault-tolerance-api\5.4.1\smallrye-fault-tolerance-api-5.4.1.jar;C:\Users\Maik\.m2\repository\io\smallrye\smallrye-fault-tolerance-core\5.4.1\smallrye-fault-tolerance-core-5.4.1.jar;C:\Users\Maik\.m2\repository\io\smallrye\smallrye-fault-tolerance-autoconfig-core\5.4.1\smallrye-fault-tolerance-autoconfig-core-5.4.1.jar;C:\Users\Maik\.m2\repository\jakarta\enterprise\jakarta.enterprise.cdi-api\2.0.2\jakarta.enterprise.cdi-api-2.0.2.jar;C:\Users\Maik\.m2\repository\jakarta\el\jakarta.el-api\3.0.3\jakarta.el-api-3.0.3.jar;C:\Users\Maik\.m2\repository\jakarta\annotation\jakarta.annotation-api\1.3.5\jakarta.annotation-api-1.3.5.jar;C:\Users\Maik\.m2\repository\io\quarkus\quarkus-smallrye-context-propagation\2.10.1.Final\quarkus-smallrye-context-propagation-2.10.1.Final.jar;C:\Users\Maik\.m2\repository\io\smallrye\smallrye-context-propagation\1.2.2\smallrye-context-propagation-1.2.2.jar;C:\Users\Maik\.m2\repository\io\smallrye\smallrye-context-propagation-api\1.2.2\smallrye-context-propagation-api-1.2.2.jar;C:\Users\Maik\.m2\repository\io\smallrye\smallrye-context-propagation-storage\1.2.2\smallrye-context-propagation-storage-1.2.2.jar;C:\Users\Maik\.m2\repository\io\smallrye\smallrye-fault-tolerance-context-propagation\5.4.1\smallrye-fault-tolerance-context-propagation-5.4.1.jar;C:\Users\Maik\.m2\repository\io\smallrye\smallrye-fault-tolerance-mutiny\5.4.1\smallrye-fault-tolerance-mutiny-5.4.1.jar;C:\Users\Maik\.m2\repository\io\quarkus\quarkus-oidc\2.10.1.Final\quarkus-oidc-2.10.1.Final.jar;C:\Users\Maik\.m2\repository\io\quarkus\quarkus-security\2.10.1.Final\quarkus-security-2.10.1.Final.jar;C:\Users\Maik\.m2\repository\io\smallrye\smallrye-jwt\3.5.1\smallrye-jwt-3.5.1.jar;C:\Users\Maik\.m2\repository\org\eclipse\microprofile\jwt\microprofile-jwt-auth-api\1.2\microprofile-jwt-auth-api-1.2.jar;C:\Users\Maik\.m2\repository\org\bitbucket\b_c\jose4j\0.7.12\jose4j-0.7.12.jar;C:\Users\Maik\.m2\repository\io\smallrye\smallrye-jwt-common\3.5.1\smallrye-jwt-common-3.5.1.jar;C:\Users\Maik\.m2\repository\io\quarkus\quarkus-hibernate-orm-panache\2.10.1.Final\quarkus-hibernate-orm-panache-2.10.1.Final.jar;C:\Users\Maik\.m2\repository\io\quarkus\quarkus-hibernate-orm-panache-common\2.10.1.Final\quarkus-hibernate-orm-panache-common-2.10.1.Final.jar;C:\Users\Maik\.m2\repository\io\quarkus\quarkus-panache-hibernate-common\2.10.1.Final\quarkus-panache-hibernate-common-2.10.1.Final.jar;C:\Users\Maik\.m2\repository\io\quarkus\quarkus-panache-common\2.10.1.Final\quarkus-panache-common-2.10.1.Final.jar;C:\Users\Maik\.m2\repository\io\quarkus\quarkus-resteasy\2.10.1.Final\quarkus-resteasy-2.10.1.Final.jar;C:\Users\Maik\.m2\repository\io\quarkus\quarkus-resteasy-server-common\2.10.1.Final\quarkus-resteasy-server-common-2.10.1.Final.jar;C:\Users\Maik\.m2\repository\jakarta\validation\jakarta.validation-api\2.0.2\jakarta.validation-api-2.0.2.jar;C:\Users\Maik\.m2\repository\io\quarkus\quarkus-arc\2.10.1.Final\quarkus-arc-2.10.1.Final.jar;C:\Users\Maik\.m2\repository\io\quarkus\arc\arc\2.10.1.Final\arc-2.10.1.Final.jar;C:\Users\Maik\.m2\repository\org\eclipse\microprofile\context-propagation\microprofile-context-propagation-api\1.2\microprofile-context-propagation-api-1.2.jar;C:\Users\Maik\.m2\repository\io\quarkus\quarkus-rest-client-jackson\2.10.1.Final\quarkus-rest-client-jackson-2.10.1.Final.jar;C:\Users\Maik\.m2\repository\io\quarkus\quarkus-jackson\2.10.1.Final\quarkus-jackson-2.10.1.Final.jar;C:\Users\Maik\.m2\repository\com\fasterxml\jackson\datatype\jackson-datatype-jsr310\2.13.3\jackson-datatype-jsr310-2.13.3.jar;C:\Users\Maik\.m2\repository\com\fasterxml\jackson\datatype\jackson-datatype-jdk8\2.13.3\jackson-datatype-jdk8-2.13.3.jar;C:\Users\Maik\.m2\repository\com\fasterxml\jackson\module\jackson-module-parameter-names\2.13.3\jackson-module-parameter-names-2.13.3.jar;C:\Users\Maik\.m2\repository\org\jboss\resteasy\resteasy-jackson2-provider\4.7.5.Final\resteasy-jackson2-provider-4.7.5.Final.jar;C:\Users\Maik\.m2\repository\com\fasterxml\jackson\core\jackson-annotations\2.13.3\jackson-annotations-2.13.3.jar;C:\Users\Maik\.m2\repository\com\fasterxml\jackson\jaxrs\jackson-jaxrs-json-provider\2.13.3\jackson-jaxrs-json-provider-2.13.3.jar;C:\Users\Maik\.m2\repository\com\fasterxml\jackson\jaxrs\jackson-jaxrs-base\2.13.3\jackson-jaxrs-base-2.13.3.jar;C:\Users\Maik\.m2\repository\com\fasterxml\jackson\module\jackson-module-jaxb-annotations\2.13.3\jackson-module-jaxb-annotations-2.13.3.jar;C:\Users\Maik\.m2\repository\com\github\java-json-tools\json-patch\1.13\json-patch-1.13.jar;C:\Users\Maik\.m2\repository\com\github\java-json-tools\msg-simple\1.2\msg-simple-1.2.jar;C:\Users\Maik\.m2\repository\com\github\java-json-tools\btf\1.3\btf-1.3.jar;C:\Users\Maik\.m2\repository\com\github\java-json-tools\jackson-coreutils\2.0\jackson-coreutils-2.0.jar;C:\Users\Maik\.m2\repository\io\quarkus\quarkus-jdbc-postgresql\2.10.1.Final\quarkus-jdbc-postgresql-2.10.1.Final.jar;C:\Users\Maik\.m2\repository\org\postgresql\postgresql\42.3.6\postgresql-42.3.6.jar;C:\Users\Maik\.m2\repository\io\quarkus\quarkus-mailer\2.10.1.Final\quarkus-mailer-2.10.1.Final.jar;C:\Users\Maik\.m2\repository\io\quarkus\quarkus-qute\2.10.1.Final\quarkus-qute-2.10.1.Final.jar;C:\Users\Maik\.m2\repository\io\quarkus\qute\qute-core\2.10.1.Final\qute-core-2.10.1.Final.jar;C:\Users\Maik\.m2\repository\io\smallrye\reactive\smallrye-mutiny-vertx-mail-client\2.22.0\smallrye-mutiny-vertx-mail-client-2.22.0.jar;C:\Users\Maik\.m2\repository\io\vertx\vertx-mail-client\4.2.7\vertx-mail-client-4.2.7.jar;C:\Users\Maik\.m2\repository\io\quarkus\quarkus-junit5\2.10.1.Final\quarkus-junit5-2.10.1.Final.jar;C:\Users\Maik\.m2\repository\io\quarkus\quarkus-bootstrap-core\2.10.1.Final\quarkus-bootstrap-core-2.10.1.Final.jar;C:\Users\Maik\.m2\repository\io\quarkus\quarkus-bootstrap-app-model\2.10.1.Final\quarkus-bootstrap-app-model-2.10.1.Final.jar;C:\Users\Maik\.m2\repository\io\quarkus\quarkus-bootstrap-maven-resolver\2.10.1.Final\quarkus-bootstrap-maven-resolver-2.10.1.Final.jar;C:\Users\Maik\.m2\repository\org\apache\maven\maven-embedder\3.8.4\maven-embedder-3.8.4.jar;C:\Users\Maik\.m2\repository\org\apache\maven\maven-settings\3.8.4\maven-settings-3.8.4.jar;C:\Users\Maik\.m2\repository\org\apache\maven\maven-core\3.8.4\maven-core-3.8.4.jar;C:\Users\Maik\.m2\repository\org\apache\maven\maven-artifact\3.8.4\maven-artifact-3.8.4.jar;C:\Users\Maik\.m2\repository\org\codehaus\plexus\plexus-component-annotations\2.1.0\plexus-component-annotations-2.1.0.jar;C:\Users\Maik\.m2\repository\org\apache\maven\maven-plugin-api\3.8.4\maven-plugin-api-3.8.4.jar;C:\Users\Maik\.m2\repository\org\apache\maven\maven-model\3.8.4\maven-model-3.8.4.jar;C:\Users\Maik\.m2\repository\org\apache\maven\maven-model-builder\3.8.4\maven-model-builder-3.8.4.jar;C:\Users\Maik\.m2\repository\org\apache\maven\maven-builder-support\3.8.4\maven-builder-support-3.8.4.jar;C:\Users\Maik\.m2\repository\org\apache\maven\resolver\maven-resolver-api\1.6.3\maven-resolver-api-1.6.3.jar;C:\Users\Maik\.m2\repository\org\apache\maven\resolver\maven-resolver-util\1.6.3\maven-resolver-util-1.6.3.jar;C:\Users\Maik\.m2\repository\org\apache\maven\shared\maven-shared-utils\3.3.4\maven-shared-utils-3.3.4.jar;C:\Users\Maik\.m2\repository\com\google\inject\guice\4.2.2\guice-4.2.2-no_aop.jar;C:\Users\Maik\.m2\repository\com\google\guava\guava\31.1-jre\guava-31.1-jre.jar;C:\Users\Maik\.m2\repository\com\google\guava\failureaccess\1.0.1\failureaccess-1.0.1.jar;C:\Users\Maik\.m2\repository\org\codehaus\plexus\plexus-classworlds\2.6.0\plexus-classworlds-2.6.0.jar;C:\Users\Maik\.m2\repository\org\codehaus\plexus\plexus-sec-dispatcher\2.0\plexus-sec-dispatcher-2.0.jar;C:\Users\Maik\.m2\repository\org\codehaus\plexus\plexus-cipher\2.0\plexus-cipher-2.0.jar;C:\Users\Maik\.m2\repository\commons-cli\commons-cli\1.4\commons-cli-1.4.jar;C:\Users\Maik\.m2\repository\org\eclipse\sisu\org.eclipse.sisu.plexus\0.3.5\org.eclipse.sisu.plexus-0.3.5.jar;C:\Users\Maik\.m2\repository\org\apache\maven\maven-settings-builder\3.8.4\maven-settings-builder-3.8.4.jar;C:\Users\Maik\.m2\repository\org\codehaus\plexus\plexus-interpolation\1.26\plexus-interpolation-1.26.jar;C:\Users\Maik\.m2\repository\org\apache\maven\maven-resolver-provider\3.8.4\maven-resolver-provider-3.8.4.jar;C:\Users\Maik\.m2\repository\org\apache\maven\maven-repository-metadata\3.8.4\maven-repository-metadata-3.8.4.jar;C:\Users\Maik\.m2\repository\org\apache\maven\resolver\maven-resolver-spi\1.6.3\maven-resolver-spi-1.6.3.jar;C:\Users\Maik\.m2\repository\org\apache\maven\resolver\maven-resolver-impl\1.6.3\maven-resolver-impl-1.6.3.jar;C:\Users\Maik\.m2\repository\org\codehaus\plexus\plexus-utils\3.3.0\plexus-utils-3.3.0.jar;C:\Users\Maik\.m2\repository\org\apache\maven\resolver\maven-resolver-connector-basic\1.6.3\maven-resolver-connector-basic-1.6.3.jar;C:\Users\Maik\.m2\repository\org\apache\maven\resolver\maven-resolver-transport-wagon\1.6.3\maven-resolver-transport-wagon-1.6.3.jar;C:\Users\Maik\.m2\repository\org\apache\maven\wagon\wagon-http\3.4.3\wagon-http-3.4.3.jar;C:\Users\Maik\.m2\repository\org\apache\maven\wagon\wagon-http-shared\3.4.3\wagon-http-shared-3.4.3.jar;C:\Users\Maik\.m2\repository\org\jsoup\jsoup\1.14.2\jsoup-1.14.2.jar;C:\Users\Maik\.m2\repository\org\apache\maven\wagon\wagon-provider-api\3.4.3\wagon-provider-api-3.4.3.jar;C:\Users\Maik\.m2\repository\org\apache\maven\wagon\wagon-file\3.4.3\wagon-file-3.4.3.jar;C:\Users\Maik\.m2\repository\io\quarkus\quarkus-bootstrap-gradle-resolver\2.10.1.Final\quarkus-bootstrap-gradle-resolver-2.10.1.Final.jar;C:\Users\Maik\.m2\repository\io\smallrye\common\smallrye-common-io\1.12.0\smallrye-common-io-1.12.0.jar;C:\Users\Maik\.m2\repository\org\eclipse\sisu\org.eclipse.sisu.inject\0.3.5\org.eclipse.sisu.inject-0.3.5.jar;C:\Users\Maik\.m2\repository\io\quarkus\quarkus-test-common\2.10.1.Final\quarkus-test-common-2.10.1.Final.jar;C:\Users\Maik\.m2\repository\io\quarkus\quarkus-core-deployment\2.10.1.Final\quarkus-core-deployment-2.10.1.Final.jar;C:\Users\Maik\.m2\repository\org\aesh\readline\2.2\readline-2.2.jar;C:\Users\Maik\.m2\repository\org\fusesource\jansi\jansi\1.18\jansi-1.18.jar;C:\Users\Maik\.m2\repository\org\aesh\aesh\2.6\aesh-2.6.jar;C:\Users\Maik\.m2\repository\io\quarkus\gizmo\gizmo\1.0.11.Final\gizmo-1.0.11.Final.jar;C:\Users\Maik\.m2\repository\org\ow2\asm\asm-util\9.3\asm-util-9.3.jar;C:\Users\Maik\.m2\repository\org\ow2\asm\asm\9.3\asm-9.3.jar;C:\Users\Maik\.m2\repository\org\ow2\asm\asm-commons\9.3\asm-commons-9.3.jar;C:\Users\Maik\.m2\repository\org\ow2\asm\asm-tree\9.3\asm-tree-9.3.jar;C:\Users\Maik\.m2\repository\org\ow2\asm\asm-analysis\9.3\asm-analysis-9.3.jar;C:\Users\Maik\.m2\repository\io\quarkus\quarkus-class-change-agent\2.10.1.Final\quarkus-class-change-agent-2.10.1.Final.jar;C:\Users\Maik\.m2\repository\io\quarkus\quarkus-devtools-utilities\2.10.1.Final\quarkus-devtools-utilities-2.10.1.Final.jar;C:\Users\Maik\.m2\repository\io\quarkus\quarkus-builder\2.10.1.Final\quarkus-builder-2.10.1.Final.jar;C:\Users\Maik\.m2\repository\org\junit\platform\junit-platform-launcher\1.8.2\junit-platform-launcher-1.8.2.jar;C:\Users\Maik\.m2\repository\io\quarkus\quarkus-junit5-properties\2.10.1.Final\quarkus-junit5-properties-2.10.1.Final.jar;C:\Users\Maik\.m2\repository\org\junit\jupiter\junit-jupiter\5.8.2\junit-jupiter-5.8.2.jar;C:\Users\Maik\.m2\repository\org\junit\jupiter\junit-jupiter-api\5.8.2\junit-jupiter-api-5.8.2.jar;C:\Users\Maik\.m2\repository\org\opentest4j\opentest4j\1.2.0\opentest4j-1.2.0.jar;C:\Users\Maik\.m2\repository\org\junit\platform\junit-platform-commons\1.8.2\junit-platform-commons-1.8.2.jar;C:\Users\Maik\.m2\repository\org\apiguardian\apiguardian-api\1.1.2\apiguardian-api-1.1.2.jar;C:\Users\Maik\.m2\repository\org\junit\jupiter\junit-jupiter-params\5.8.2\junit-jupiter-params-5.8.2.jar;C:\Users\Maik\.m2\repository\org\junit\jupiter\junit-jupiter-engine\5.8.2\junit-jupiter-engine-5.8.2.jar;C:\Users\Maik\.m2\repository\org\junit\platform\junit-platform-engine\1.8.2\junit-platform-engine-1.8.2.jar;C:\Users\Maik\.m2\repository\com\thoughtworks\xstream\xstream\1.4.19\xstream-1.4.19.jar;C:\Users\Maik\.m2\repository\io\github\x-stream\mxparser\1.2.2\mxparser-1.2.2.jar;C:\Users\Maik\.m2\repository\xmlpull\xmlpull\1.1.3.1\xmlpull-1.1.3.1.jar;C:\Users\Maik\.m2\repository\io\rest-assured\rest-assured\4.5.1\rest-assured-4.5.1.jar;C:\Users\Maik\.m2\repository\org\codehaus\groovy\groovy\3.0.9\groovy-3.0.9.jar;C:\Users\Maik\.m2\repository\org\codehaus\groovy\groovy-xml\3.0.9\groovy-xml-3.0.9.jar;C:\Users\Maik\.m2\repository\org\apache\httpcomponents\httpclient\4.5.13\httpclient-4.5.13.jar;C:\Users\Maik\.m2\repository\commons-codec\commons-codec\1.15\commons-codec-1.15.jar;C:\Users\Maik\.m2\repository\org\apache\httpcomponents\httpmime\4.5.13\httpmime-4.5.13.jar;C:\Users\Maik\.m2\repository\org\hamcrest\hamcrest\2.1\hamcrest-2.1.jar;C:\Users\Maik\.m2\repository\org\ccil\cowan\tagsoup\tagsoup\1.2.1\tagsoup-1.2.1.jar;C:\Users\Maik\.m2\repository\io\rest-assured\json-path\4.5.1\json-path-4.5.1.jar;C:\Users\Maik\.m2\repository\org\codehaus\groovy\groovy-json\3.0.9\groovy-json-3.0.9.jar;C:\Users\Maik\.m2\repository\io\rest-assured\rest-assured-common\4.5.1\rest-assured-common-4.5.1.jar;C:\Users\Maik\.m2\repository\io\rest-assured\xml-path\4.5.1\xml-path-4.5.1.jar;C:\Users\Maik\.m2\repository\org\apache\commons\commons-lang3\3.12.0\commons-lang3-3.12.0.jar;C:\Users\Maik\.m2\repository\io\quarkus\quarkus-test-keycloak-server\2.10.1.Final\quarkus-test-keycloak-server-2.10.1.Final.jar;C:\Users\Maik\.m2\repository\org\testcontainers\testcontainers\1.17.2\testcontainers-1.17.2.jar;C:\Users\Maik\.m2\repository\junit\junit\4.13.2\junit-4.13.2.jar;C:\Users\Maik\.m2\repository\org\apache\commons\commons-compress\1.21\commons-compress-1.21.jar;C:\Users\Maik\.m2\repository\org\rnorth\duct-tape\duct-tape\1.0.8\duct-tape-1.0.8.jar;C:\Users\Maik\.m2\repository\org\jetbrains\annotations\17.0.0\annotations-17.0.0.jar;C:\Users\Maik\.m2\repository\com\github\docker-java\docker-java-api\3.2.13\docker-java-api-3.2.13.jar;C:\Users\Maik\.m2\repository\com\github\docker-java\docker-java-transport-zerodep\3.2.13\docker-java-transport-zerodep-3.2.13.jar;C:\Users\Maik\.m2\repository\com\github\docker-java\docker-java-transport\3.2.13\docker-java-transport-3.2.13.jar;C:\Users\Maik\.m2\repository\net\java\dev\jna\jna\5.8.0\jna-5.8.0.jar;"/>
    <property name="sun.cpu.endian" value="little"/>
    <property name="user.home" value="C:\Users\Maik"/>
    <property name="user.language" value="de"/>
    <property name="java.specification.vendor" value="Oracle Corporation"/>
    <property name="io.netty.allocator.maxOrder" value="3"/>
    <property name="java.version.date" value="2021-10-19"/>
    <property name="java.home" value="C:\Program Files\Java\jdk-17.0.1"/>
    <property name="file.separator" value="\"/>
    <property name="basedir" value="S:\Hochschule\7_Semester\SWA\Projekt\mybay_onlineshop\backend"/>
    <property name="java.vm.compressedOopsMode" value="Zero based"/>
    <property name="line.separator" value="&#10;"/>
    <property name="java.vm.specification.vendor" value="Oracle Corporation"/>
    <property name="java.specification.name" value="Java Platform API Specification"/>
    <property name="surefire.real.class.path" value="C:\Users\Maik\AppData\Local\Temp\surefire2226576800475714644\surefirebooter-20220808210822208_3.jar"/>
    <property name="user.script" value=""/>
    <property name="sun.management.compiler" value="HotSpot 64-Bit Tiered Compilers"/>
    <property name="java.runtime.version" value="17.0.1+12-39"/>
    <property name="user.name" value="Maik"/>
    <property name="path.separator" value=";"/>
    <property name="os.version" value="10.0"/>
    <property name="java.runtime.name" value="OpenJDK Runtime Environment"/>
    <property name="file.encoding" value="Cp1252"/>
    <property name="java.vm.name" value="OpenJDK 64-Bit Server VM"/>
    <property name="localRepository" value="C:\Users\Maik\.m2\repository"/>
    <property name="java.vendor.url.bug" value="https://bugreport.java.com/bugreport/"/>
    <property name="java.io.tmpdir" value="C:\Users\Maik\AppData\Local\Temp\"/>
    <property name="quarkus.log.file.path" value="target\quarkus.log"/>
    <property name="java.version" value="17.0.1"/>
    <property name="java.util.concurrent.ForkJoinPool.common.threadFactory" value="io.quarkus.bootstrap.forkjoin.QuarkusForkJoinWorkerThreadFactory"/>
    <property name="user.dir" value="S:\Hochschule\7_Semester\SWA\Projekt\mybay_onlineshop\backend"/>
    <property name="os.arch" value="amd64"/>
    <property name="hibernate.bytecode.provider" value="none"/>
    <property name="java.vm.specification.name" value="Java Virtual Machine Specification"/>
    <property name="vertx.disableDnsResolver" value="true"/>
    <property name="sun.os.patch.level" value=""/>
    <property name="native.encoding" value="Cp1252"/>
    <property name="java.util.logging.manager" value="org.jboss.logmanager.LogManager"/>
    <property name="java.library.path" value="C:\Program Files\Java\jdk-17.0.1\bin;C:\WINDOWS\Sun\Java\bin;C:\WINDOWS\system32;C:\WINDOWS;C:\Users\Maik\bin;C:\Program Files\Git\usr\local\bin;C:\Program Files\Git\usr\bin;C:\Program Files\Git\usr\bin;C:\Program Files\Git\opt\bin;C:\Program Files (x86)\VMware\VMware Player\bin;C:\Python310\Scripts;C:\Python310;C:\Program Files (x86)\Common Files\Intel\Shared Libraries\redist\intel64_win\compiler;C:\Python39\Scripts;C:\Python39;C:\WINDOWS\system32;C:\WINDOWS;C:\WINDOWS\System32\Wbem;C:\WINDOWS\System32\WindowsPowerShell\v1.0;C:\WINDOWS\System32\OpenSSH;C:\ProgramData\chocolatey\bin;C:\Program Files\PuTTY;C:\Program Files\apache-maven-3.8.3\bin;C:\Program Files\Java\jdk-17.0.1\bin;C:\Program Files\nodejs;C:\Program Files\OpenSSL-Win64\bin;C:\Users\Maik\AppData\Local\Android\Sdk\platform-tools;C:\Users\Maik\AppData\Local\Android\Sdk\build-tools;C:\xampp\php;C:\ProgramData\ComposerSetup\bin;C:\Program Files (x86)\dotnet;C:\Program Files\Docker\Docker\resources\bin;C:\ProgramData\DockerDesktop\version-bin;C:\Program Files\Git\cmd;C:\Program Files\dotnet;C:\Users\Maik\AppData\Local\Microsoft\WindowsApps;C:\Users\Maik\AppData\Local\Programs\Microsoft VS Code\bin;C:\Users\Maik\AppData\Roaming\npm;C:\Users\Maik\AppData\Roaming\Composer\vendor\bin;C:\Program Files\heroku\bin;C:\Users\Maik\AppData\Local\Programs\oh-my-posh\bin;C:\Users\Maik\AppData\Local\JetBrains\Toolbox\scripts;C:\Program Files\Git\usr\bin\vendor_perl;C:\Program Files\Git\usr\bin\core_perl;."/>
    <property name="java.vm.info" value="mixed mode, sharing"/>
    <property name="java.vendor" value="Oracle Corporation"/>
    <property name="vertx.disableTCCL" value="true"/>
    <property name="java.vm.version" value="17.0.1+12-39"/>
    <property name="sun.io.unicode.encoding" value="UnicodeLittle"/>
    <property name="io.netty.machineId" value="2d:c5:f1:31:30:5f:47:8b"/>
    <property name="java.class.version" value="61.0"/>
    <property name="mp.openapi.extensions.smallrye.defaultConsumes" value="application/json"/>
  </properties>
  <testcase name="testCreateAccountInfo" classname="de.hsos.swa.accountverwaltung.AccountResourceTest" time="2.694">
    <system-out><![CDATA[2022-08-08 21:08:26,377 INFO  [org.jbo.threads] (main) JBoss Threads version 3.4.2.Final
2022-08-08 21:08:27,307 INFO  [org.tes.doc.DockerClientProviderStrategy] (build-30) Loaded org.testcontainers.dockerclient.NpipeSocketClientProviderStrategy from ~/.testcontainers.properties, will try it first
2022-08-08 21:08:29,390 INFO  [org.tes.doc.DockerClientProviderStrategy] (build-30) Found Docker environment with local Npipe socket (npipe:////./pipe/docker_engine)
2022-08-08 21:08:29,395 INFO  [org.tes.DockerClientFactory] (build-30) Docker host IP address is localhost
2022-08-08 21:08:29,432 INFO  [org.tes.DockerClientFactory] (build-30) Connected to docker: 
  Server Version: 20.10.17
  API Version: 1.41
  Operating System: Docker Desktop
  Total Memory: 7884 MB
2022-08-08 21:08:29,588 INFO  [org.tes.uti.ImageNameSubstitutor] (build-30) Image name substitution will be performed by: DefaultImageNameSubstitutor (composite of 'ConfigurationFileImageNameSubstitutor' and 'PrefixingImageNameSubstitutor')
2022-08-08 21:08:29,669 INFO  [doc.3.3]] (build-30) Creating container for image: testcontainers/ryuk:0.3.3
2022-08-08 21:08:30,128 INFO  [org.tes.uti.RegistryAuthLocator] (build-30) Credential helper/store (docker-credential-desktop) does not have credentials for https://index.docker.io/v1/
2022-08-08 21:08:30,361 INFO  [doc.3.3]] (build-30) Container testcontainers/ryuk:0.3.3 is starting: b93e01f1c54adee53b46d64f19c267f31e3d9a82ea6f532ff8c22a4906a8d4e7
2022-08-08 21:08:31,272 INFO  [doc.3.3]] (build-30) Container testcontainers/ryuk:0.3.3 started in PT1.669618S
2022-08-08 21:08:31,278 INFO  [org.tes.uti.RyukResourceReaper] (build-30) Ryuk started - will monitor and terminate Testcontainers containers on JVM exit
2022-08-08 21:08:31,279 INFO  [org.tes.DockerClientFactory] (build-30) Checking the system...
2022-08-08 21:08:31,279 INFO  [org.tes.DockerClientFactory] (build-30) ?? Docker server version should be at least 1.6.0
2022-08-08 21:08:31,319 INFO  [doc.io/.2]] (build-30) Creating container for image: docker.io/postgres:14.2
2022-08-08 21:08:31,445 INFO  [org.tes.uti.RegistryAuthLocator] (build-30) Credential helper/store (docker-credential-desktop) does not have credentials for docker.io
2022-08-08 21:08:31,445 WARN  [doc.io/.2]] (build-30) Reuse was requested but the environment does not support the reuse of containers
To enable reuse of containers, you must set 'testcontainers.reuse.enable=true' in a file located at C:\Users\Maik\.testcontainers.properties
2022-08-08 21:08:31,531 INFO  [doc.io/.2]] (build-30) Container docker.io/postgres:14.2 is starting: 129179e2c1630ee836fbc58119fa030ece8a45adfeb1acb5defce356d52093ca
2022-08-08 21:08:31,596 INFO  [io.qua.oid.dep.dev.key.KeycloakDevServicesProcessor] (build-22) Using Quarkus powered Keycloak distribution
2022-08-08 21:08:31,596 INFO  [doc.io/.0.1]] (build-22) Creating container for image: quay.io/keycloak/keycloak:18.0.1
2022-08-08 21:08:31,694 INFO  [org.tes.uti.RegistryAuthLocator] (build-22) Credential helper/store (docker-credential-desktop) does not have credentials for quay.io
2022-08-08 21:08:31,777 INFO  [doc.io/.0.1]] (build-22) Container quay.io/keycloak/keycloak:18.0.1 is starting: 0464ccefd2c5d677567cb5b20a4a9c095442c60f43da0fd8d14ccf99b999e2ad
2022-08-08 21:08:33,663 INFO  [doc.io/.2]] (build-30) Container docker.io/postgres:14.2 started in PT2.3767214S
2022-08-08 21:08:33,663 INFO  [io.qua.dev.pos.dep.PostgresqlDevServicesProcessor] (build-30) Dev Services for PostgreSQL started.
2022-08-08 21:08:33,666 INFO  [io.qua.dat.dep.dev.DevServicesDatasourceProcessor] (build-30) Dev Services for the default datasource (postgresql) started.
2022-08-08 21:08:45,882 INFO  [doc.io/.0.1]] (build-22) Container quay.io/keycloak/keycloak:18.0.1 started in PT14.2856213S
2022-08-08 21:08:49,914 INFO  [io.qua.oid.dep.dev.key.KeycloakDevServicesProcessor] (build-22) Dev Services for Keycloak started.
2022-08-08 21:08:50,519 WARN  [io.qua.config] (main) Unrecognized configuration key "quarkus.mailer.sssl" was provided; it will be ignored; verify that the dependency extension for this configuration is set or that you did not make a typo
2022-08-08 21:08:53,938 WARN  [org.hib.eng.jdb.spi.SqlExceptionHelper] (JPA Startup Thread: <default>) SQL Warning Code: 0, SQLState: 00000
2022-08-08 21:08:53,939 WARN  [org.hib.eng.jdb.spi.SqlExceptionHelper] (JPA Startup Thread: <default>) relation "account" does not exist, skipping
2022-08-08 21:08:53,941 WARN  [org.hib.eng.jdb.spi.SqlExceptionHelper] (JPA Startup Thread: <default>) SQL Warning Code: 0, SQLState: 00000
2022-08-08 21:08:53,941 WARN  [org.hib.eng.jdb.spi.SqlExceptionHelper] (JPA Startup Thread: <default>) relation "account_beobachtungsartikel" does not exist, skipping
2022-08-08 21:08:53,943 WARN  [org.hib.eng.jdb.spi.SqlExceptionHelper] (JPA Startup Thread: <default>) SQL Warning Code: 0, SQLState: 00000
2022-08-08 21:08:53,943 WARN  [org.hib.eng.jdb.spi.SqlExceptionHelper] (JPA Startup Thread: <default>) relation "account_beobachtungsartikel" does not exist, skipping
2022-08-08 21:08:53,946 WARN  [org.hib.eng.jdb.spi.SqlExceptionHelper] (JPA Startup Thread: <default>) SQL Warning Code: 0, SQLState: 00000
2022-08-08 21:08:53,946 WARN  [org.hib.eng.jdb.spi.SqlExceptionHelper] (JPA Startup Thread: <default>) relation "artikel" does not exist, skipping
2022-08-08 21:08:53,948 WARN  [org.hib.eng.jdb.spi.SqlExceptionHelper] (JPA Startup Thread: <default>) SQL Warning Code: 0, SQLState: 00000
2022-08-08 21:08:53,948 WARN  [org.hib.eng.jdb.spi.SqlExceptionHelper] (JPA Startup Thread: <default>) relation "bestellartikel" does not exist, skipping
2022-08-08 21:08:53,950 WARN  [org.hib.eng.jdb.spi.SqlExceptionHelper] (JPA Startup Thread: <default>) SQL Warning Code: 0, SQLState: 00000
2022-08-08 21:08:53,951 WARN  [org.hib.eng.jdb.spi.SqlExceptionHelper] (JPA Startup Thread: <default>) relation "bestellposten" does not exist, skipping
2022-08-08 21:08:53,952 WARN  [org.hib.eng.jdb.spi.SqlExceptionHelper] (JPA Startup Thread: <default>) SQL Warning Code: 0, SQLState: 00000
2022-08-08 21:08:53,952 WARN  [org.hib.eng.jdb.spi.SqlExceptionHelper] (JPA Startup Thread: <default>) relation "bestellung" does not exist, skipping
2022-08-08 21:08:53,954 WARN  [org.hib.eng.jdb.spi.SqlExceptionHelper] (JPA Startup Thread: <default>) SQL Warning Code: 0, SQLState: 00000
2022-08-08 21:08:53,955 WARN  [org.hib.eng.jdb.spi.SqlExceptionHelper] (JPA Startup Thread: <default>) relation "bestellung_bestellposten" does not exist, skipping
2022-08-08 21:08:53,957 WARN  [org.hib.eng.jdb.spi.SqlExceptionHelper] (JPA Startup Thread: <default>) SQL Warning Code: 0, SQLState: 00000
2022-08-08 21:08:53,957 WARN  [org.hib.eng.jdb.spi.SqlExceptionHelper] (JPA Startup Thread: <default>) relation "bestellung_bestellposten" does not exist, skipping
2022-08-08 21:08:53,959 WARN  [org.hib.eng.jdb.spi.SqlExceptionHelper] (JPA Startup Thread: <default>) SQL Warning Code: 0, SQLState: 00000
2022-08-08 21:08:53,959 WARN  [org.hib.eng.jdb.spi.SqlExceptionHelper] (JPA Startup Thread: <default>) relation "bestellungaccount" does not exist, skipping
2022-08-08 21:08:53,961 WARN  [org.hib.eng.jdb.spi.SqlExceptionHelper] (JPA Startup Thread: <default>) SQL Warning Code: 0, SQLState: 00000
2022-08-08 21:08:53,961 WARN  [org.hib.eng.jdb.spi.SqlExceptionHelper] (JPA Startup Thread: <default>) relation "bestellungaccount" does not exist, skipping
2022-08-08 21:08:53,963 WARN  [org.hib.eng.jdb.spi.SqlExceptionHelper] (JPA Startup Thread: <default>) SQL Warning Code: 0, SQLState: 00000
2022-08-08 21:08:53,964 WARN  [org.hib.eng.jdb.spi.SqlExceptionHelper] (JPA Startup Thread: <default>) relation "warenkorb_warenkorbposten" does not exist, skipping
2022-08-08 21:08:53,965 WARN  [org.hib.eng.jdb.spi.SqlExceptionHelper] (JPA Startup Thread: <default>) SQL Warning Code: 0, SQLState: 00000
2022-08-08 21:08:53,965 WARN  [org.hib.eng.jdb.spi.SqlExceptionHelper] (JPA Startup Thread: <default>) relation "warenkorb_warenkorbposten" does not exist, skipping
2022-08-08 21:08:53,968 WARN  [org.hib.eng.jdb.spi.SqlExceptionHelper] (JPA Startup Thread: <default>) SQL Warning Code: 0, SQLState: 00000
2022-08-08 21:08:53,968 WARN  [org.hib.eng.jdb.spi.SqlExceptionHelper] (JPA Startup Thread: <default>) relation "warenkorbartikel" does not exist, skipping
2022-08-08 21:08:53,969 WARN  [org.hib.eng.jdb.spi.SqlExceptionHelper] (JPA Startup Thread: <default>) SQL Warning Code: 0, SQLState: 00000
2022-08-08 21:08:53,970 WARN  [org.hib.eng.jdb.spi.SqlExceptionHelper] (JPA Startup Thread: <default>) relation "warenkorbposten" does not exist, skipping
2022-08-08 21:08:53,972 WARN  [org.hib.eng.jdb.spi.SqlExceptionHelper] (JPA Startup Thread: <default>) SQL Warning Code: 0, SQLState: 00000
2022-08-08 21:08:53,972 WARN  [org.hib.eng.jdb.spi.SqlExceptionHelper] (JPA Startup Thread: <default>) table "account" does not exist, skipping
2022-08-08 21:08:53,974 WARN  [org.hib.eng.jdb.spi.SqlExceptionHelper] (JPA Startup Thread: <default>) SQL Warning Code: 0, SQLState: 00000
2022-08-08 21:08:53,975 WARN  [org.hib.eng.jdb.spi.SqlExceptionHelper] (JPA Startup Thread: <default>) table "account_beobachtungsartikel" does not exist, skipping
2022-08-08 21:08:53,976 WARN  [org.hib.eng.jdb.spi.SqlExceptionHelper] (JPA Startup Thread: <default>) SQL Warning Code: 0, SQLState: 00000
2022-08-08 21:08:53,977 WARN  [org.hib.eng.jdb.spi.SqlExceptionHelper] (JPA Startup Thread: <default>) table "adresse" does not exist, skipping
2022-08-08 21:08:53,979 WARN  [org.hib.eng.jdb.spi.SqlExceptionHelper] (JPA Startup Thread: <default>) SQL Warning Code: 0, SQLState: 00000
2022-08-08 21:08:53,979 WARN  [org.hib.eng.jdb.spi.SqlExceptionHelper] (JPA Startup Thread: <default>) table "artikel" does not exist, skipping
2022-08-08 21:08:53,981 WARN  [org.hib.eng.jdb.spi.SqlExceptionHelper] (JPA Startup Thread: <default>) SQL Warning Code: 0, SQLState: 00000
2022-08-08 21:08:53,981 WARN  [org.hib.eng.jdb.spi.SqlExceptionHelper] (JPA Startup Thread: <default>) table "beobachtungsartikel" does not exist, skipping
2022-08-08 21:08:53,983 WARN  [org.hib.eng.jdb.spi.SqlExceptionHelper] (JPA Startup Thread: <default>) SQL Warning Code: 0, SQLState: 00000
2022-08-08 21:08:53,983 WARN  [org.hib.eng.jdb.spi.SqlExceptionHelper] (JPA Startup Thread: <default>) table "bestellartikel" does not exist, skipping
2022-08-08 21:08:53,985 WARN  [org.hib.eng.jdb.spi.SqlExceptionHelper] (JPA Startup Thread: <default>) SQL Warning Code: 0, SQLState: 00000
2022-08-08 21:08:53,985 WARN  [org.hib.eng.jdb.spi.SqlExceptionHelper] (JPA Startup Thread: <default>) table "bestellartikelversand" does not exist, skipping
2022-08-08 21:08:53,987 WARN  [org.hib.eng.jdb.spi.SqlExceptionHelper] (JPA Startup Thread: <default>) SQL Warning Code: 0, SQLState: 00000
2022-08-08 21:08:53,987 WARN  [org.hib.eng.jdb.spi.SqlExceptionHelper] (JPA Startup Thread: <default>) table "bestellposten" does not exist, skipping
2022-08-08 21:08:53,989 WARN  [org.hib.eng.jdb.spi.SqlExceptionHelper] (JPA Startup Thread: <default>) SQL Warning Code: 0, SQLState: 00000
2022-08-08 21:08:53,989 WARN  [org.hib.eng.jdb.spi.SqlExceptionHelper] (JPA Startup Thread: <default>) table "bestellung" does not exist, skipping
2022-08-08 21:08:53,991 WARN  [org.hib.eng.jdb.spi.SqlExceptionHelper] (JPA Startup Thread: <default>) SQL Warning Code: 0, SQLState: 00000
2022-08-08 21:08:53,991 WARN  [org.hib.eng.jdb.spi.SqlExceptionHelper] (JPA Startup Thread: <default>) table "bestellung_bestellposten" does not exist, skipping
2022-08-08 21:08:53,993 WARN  [org.hib.eng.jdb.spi.SqlExceptionHelper] (JPA Startup Thread: <default>) SQL Warning Code: 0, SQLState: 00000
2022-08-08 21:08:53,993 WARN  [org.hib.eng.jdb.spi.SqlExceptionHelper] (JPA Startup Thread: <default>) table "bestellungaccount" does not exist, skipping
2022-08-08 21:08:53,995 WARN  [org.hib.eng.jdb.spi.SqlExceptionHelper] (JPA Startup Thread: <default>) SQL Warning Code: 0, SQLState: 00000
2022-08-08 21:08:53,995 WARN  [org.hib.eng.jdb.spi.SqlExceptionHelper] (JPA Startup Thread: <default>) table "bestellungadresse" does not exist, skipping
2022-08-08 21:08:53,997 WARN  [org.hib.eng.jdb.spi.SqlExceptionHelper] (JPA Startup Thread: <default>) SQL Warning Code: 0, SQLState: 00000
2022-08-08 21:08:53,997 WARN  [org.hib.eng.jdb.spi.SqlExceptionHelper] (JPA Startup Thread: <default>) table "versand" does not exist, skipping
2022-08-08 21:08:54,000 WARN  [org.hib.eng.jdb.spi.SqlExceptionHelper] (JPA Startup Thread: <default>) SQL Warning Code: 0, SQLState: 00000
2022-08-08 21:08:54,000 WARN  [org.hib.eng.jdb.spi.SqlExceptionHelper] (JPA Startup Thread: <default>) table "warenkorb" does not exist, skipping
2022-08-08 21:08:54,002 WARN  [org.hib.eng.jdb.spi.SqlExceptionHelper] (JPA Startup Thread: <default>) SQL Warning Code: 0, SQLState: 00000
2022-08-08 21:08:54,002 WARN  [org.hib.eng.jdb.spi.SqlExceptionHelper] (JPA Startup Thread: <default>) table "warenkorb_warenkorbposten" does not exist, skipping
2022-08-08 21:08:54,004 WARN  [org.hib.eng.jdb.spi.SqlExceptionHelper] (JPA Startup Thread: <default>) SQL Warning Code: 0, SQLState: 00000
2022-08-08 21:08:54,004 WARN  [org.hib.eng.jdb.spi.SqlExceptionHelper] (JPA Startup Thread: <default>) table "warenkorbartikel" does not exist, skipping
2022-08-08 21:08:54,007 WARN  [org.hib.eng.jdb.spi.SqlExceptionHelper] (JPA Startup Thread: <default>) SQL Warning Code: 0, SQLState: 00000
2022-08-08 21:08:54,007 WARN  [org.hib.eng.jdb.spi.SqlExceptionHelper] (JPA Startup Thread: <default>) table "warenkorbartikelversand" does not exist, skipping
2022-08-08 21:08:54,009 WARN  [org.hib.eng.jdb.spi.SqlExceptionHelper] (JPA Startup Thread: <default>) SQL Warning Code: 0, SQLState: 00000
2022-08-08 21:08:54,009 WARN  [org.hib.eng.jdb.spi.SqlExceptionHelper] (JPA Startup Thread: <default>) table "warenkorbposten" does not exist, skipping
2022-08-08 21:08:54,011 WARN  [org.hib.eng.jdb.spi.SqlExceptionHelper] (JPA Startup Thread: <default>) SQL Warning Code: 0, SQLState: 00000
2022-08-08 21:08:54,011 WARN  [org.hib.eng.jdb.spi.SqlExceptionHelper] (JPA Startup Thread: <default>) sequence "hibernate_sequence" does not exist, skipping
2022-08-08 21:08:54,341 INFO  [io.quarkus] (main) mybay-onlineshop 1.0.0-SNAPSHOT on JVM (powered by Quarkus 2.10.1.Final) started in 29.066s. Listening on: http://localhost:8081
2022-08-08 21:08:54,341 INFO  [io.quarkus] (main) Profile test activated. 
2022-08-08 21:08:54,341 INFO  [io.quarkus] (main) Installed features: [agroal, cdi, hibernate-orm, hibernate-orm-panache, jdbc-postgresql, keycloak-authorization, mailer, narayana-jta, oidc, oidc-client, qute, rest-client, rest-client-jackson, resteasy, resteasy-jsonb, security, smallrye-context-propagation, smallrye-fault-tolerance, smallrye-metrics, smallrye-openapi, swagger-ui, vertx]
2022-08-08 21:08:57,528 DEBUG [de.hso.swa.acc.bou.res.AccountResource] (executor-thread-0) AccountInfo wird in myBay Datenbank angelegt...
2022-08-08 21:08:57,826 DEBUG [de.hso.swa.acc.bou.res.AccountResource] (executor-thread-0) Account wurde in der myBay DB angelegt: { id='3', vorname='admin', nachname='admin', email='maik.proba@gmail.com', username='admin', adresse='{ id='1', strasse='adminstr.', hausnr='11', plz='49078', ort='Osnabrück'}'}
]]></system-out>
  </testcase>
  <testcase name="testGetAllAccounts" classname="de.hsos.swa.accountverwaltung.AccountResourceTest" time="0.308">
    <system-out><![CDATA[2022-08-08 21:08:58,069 DEBUG [de.hso.swa.acc.bou.res.AccountResource] (executor-thread-0) List all Keycloak Accounts...
2022-08-08 21:08:58,088 DEBUG [de.hso.swa.acc.bou.res.cli.RequestAuthorizationHeader] (executor-thread-0) Auth-Header: {Authorization=[Bearer eyJhbGciOiJSUzI1NiIsInR5cCIgOiAiSldUIiwia2lkIiA6ICJDNUU2MjBQVnlRVUwwQjhJa1RlQXhaRGQzcFVIYlY2c0N2ZWJhZFFuMlQ4In0.eyJleHAiOjE2NTk5ODYwMzcsImlhdCI6MTY1OTk4NTczNywianRpIjoiNDdmZGEwMTctNWQxYi00NmVhLWI4MTgtMjJkNjA2ODEwOGZmIiwiaXNzIjoiaHR0cDovL2xvY2FsaG9zdDo5MDkwL3JlYWxtcy9xdWFya3VzIiwiYXVkIjpbInJlYWxtLW1hbmFnZW1lbnQiLCJhY2NvdW50Il0sInN1YiI6IjdlMDZmZGEyLTUxZDktNGRiYS1hNWI0LWU0OTczNWZhNzI4ZCIsInR5cCI6IkJlYXJlciIsImF6cCI6InF1YXJrdXMtYXBwIiwic2Vzc2lvbl9zdGF0ZSI6ImJlMjhjMTdhLTNhZDgtNDdjYS1hYjBiLThiMmRhNzU2MWNiOSIsImFsbG93ZWQtb3JpZ2lucyI6WyJodHRwOi8vbG9jYWxob3N0OjQyMDAiXSwicmVhbG1fYWNjZXNzIjp7InJvbGVzIjpbIm9mZmxpbmVfYWNjZXNzIiwiYWRtaW4iLCJkZWZhdWx0LXJvbGVzLXF1YXJrdXMiLCJ1bWFfYXV0aG9yaXphdGlvbiIsInVzZXIiXX0sInJlc291cmNlX2FjY2VzcyI6eyJyZWFsbS1tYW5hZ2VtZW50Ijp7InJvbGVzIjpbIm1hbmFnZS11c2VycyIsInZpZXctdXNlcnMiLCJxdWVyeS1ncm91cHMiLCJxdWVyeS11c2VycyJdfSwiYWNjb3VudCI6eyJyb2xlcyI6WyJtYW5hZ2UtYWNjb3VudCIsImFkbWluIiwibWFuYWdlLWFjY291bnQtbGlua3MiLCJ2aWV3LXByb2ZpbGUiXX19LCJzY29wZSI6ImVtYWlsIG1pY3JvcHJvZmlsZS1qd3QgcHJvZmlsZSIsInNpZCI6ImJlMjhjMTdhLTNhZDgtNDdjYS1hYjBiLThiMmRhNzU2MWNiOSIsInVwbiI6ImFkbWluIiwiZW1haWxfdmVyaWZpZWQiOnRydWUsIm5hbWUiOiJhZG1pbiBhZG1pbiIsImdyb3VwcyI6WyJvZmZsaW5lX2FjY2VzcyIsImFkbWluIiwiZGVmYXVsdC1yb2xlcy1xdWFya3VzIiwidW1hX2F1dGhvcml6YXRpb24iLCJ1c2VyIl0sInByZWZlcnJlZF91c2VybmFtZSI6ImFkbWluIiwiZ2l2ZW5fbmFtZSI6ImFkbWluIiwiZmFtaWx5X25hbWUiOiJhZG1pbiIsImVtYWlsIjoibWFpay5wcm9iYUBnbWFpbC5jb20ifQ.PMCrGVP5PB6aergyExZbOzpAC9h2yIx3FyjeVrO3OlKvwzAKkrZ4p9prijmnATl1rRrWfXCQf5pFWHjGqDbOiXm70QSz84jXaPgDUTepkLTzF_UUfJKOdhzy9c1L3jlu_KSG7VBIJ9R0JgzZOa2UWlN8RkjKHBSQX5SCfvIVsxIBK61gSN2NwUfOu-OGBRPNncVmPk0c4trvc8RKlHN0EpRpK2WGEWSZ_6OwQRGhk4ces2dGbi9rnN_ET0vvsUfrced_Z7yMeVuB036SOMI_rJhajUwlZ7Y8t9Xlh093gdh9n5Q-bR2-8SqwB9mvad2upMFsClTcRUaaZsQphbUR2A]}
]]></system-out>
  </testcase>
  <testcase name="testGetAccountByUsername" classname="de.hsos.swa.accountverwaltung.AccountResourceTest" time="0.223"/>
  <testcase name="testGetCurrentAccountByUsername" classname="de.hsos.swa.accountverwaltung.AccountResourceTest" time="0.198">
    <system-out><![CDATA[2022-08-08 21:08:58,618 DEBUG [de.hso.swa.acc.bou.res.AccountResource] (executor-thread-0) Account mit usernamen 'admin'
]]></system-out>
  </testcase>
  <testcase name="testUpdateAccountInfo" classname="de.hsos.swa.accountverwaltung.AccountResourceTest" time="0.169">
    <system-out><![CDATA[2022-08-08 21:08:58,791 DEBUG [de.hso.swa.acc.bou.res.AccountResource] (executor-thread-0) AccountInfo wird in myBay Datenbank aktualisiert...
2022-08-08 21:08:58,799 DEBUG [de.hso.swa.acc.bou.res.AccountResource] (executor-thread-0) Account wurde in der myBay DB aktualisiert: { id='3', vorname='updateAdmin', nachname='admin', email='maik.proba@gmail.com', username='admin', adresseDTO='{ id='1', strasse='admin', hausnr='13', plz='49078', ort='Osnabrück'}', credentials='null'}
]]></system-out>
  </testcase>
  <testcase name="testGetKeycloakAccountByUsername" classname="de.hsos.swa.accountverwaltung.AccountResourceTest" time="0.192">
    <system-out><![CDATA[2022-08-08 21:08:58,980 DEBUG [de.hso.swa.acc.bou.res.AccountResource] (executor-thread-0) Account mit usernamen 'admin'
2022-08-08 21:08:58,980 DEBUG [de.hso.swa.acc.bou.res.cli.RequestAuthorizationHeader] (executor-thread-0) Auth-Header: {Authorization=[Bearer eyJhbGciOiJSUzI1NiIsInR5cCIgOiAiSldUIiwia2lkIiA6ICJDNUU2MjBQVnlRVUwwQjhJa1RlQXhaRGQzcFVIYlY2c0N2ZWJhZFFuMlQ4In0.eyJleHAiOjE2NTk5ODYwMzcsImlhdCI6MTY1OTk4NTczNywianRpIjoiNDdmZGEwMTctNWQxYi00NmVhLWI4MTgtMjJkNjA2ODEwOGZmIiwiaXNzIjoiaHR0cDovL2xvY2FsaG9zdDo5MDkwL3JlYWxtcy9xdWFya3VzIiwiYXVkIjpbInJlYWxtLW1hbmFnZW1lbnQiLCJhY2NvdW50Il0sInN1YiI6IjdlMDZmZGEyLTUxZDktNGRiYS1hNWI0LWU0OTczNWZhNzI4ZCIsInR5cCI6IkJlYXJlciIsImF6cCI6InF1YXJrdXMtYXBwIiwic2Vzc2lvbl9zdGF0ZSI6ImJlMjhjMTdhLTNhZDgtNDdjYS1hYjBiLThiMmRhNzU2MWNiOSIsImFsbG93ZWQtb3JpZ2lucyI6WyJodHRwOi8vbG9jYWxob3N0OjQyMDAiXSwicmVhbG1fYWNjZXNzIjp7InJvbGVzIjpbIm9mZmxpbmVfYWNjZXNzIiwiYWRtaW4iLCJkZWZhdWx0LXJvbGVzLXF1YXJrdXMiLCJ1bWFfYXV0aG9yaXphdGlvbiIsInVzZXIiXX0sInJlc291cmNlX2FjY2VzcyI6eyJyZWFsbS1tYW5hZ2VtZW50Ijp7InJvbGVzIjpbIm1hbmFnZS11c2VycyIsInZpZXctdXNlcnMiLCJxdWVyeS1ncm91cHMiLCJxdWVyeS11c2VycyJdfSwiYWNjb3VudCI6eyJyb2xlcyI6WyJtYW5hZ2UtYWNjb3VudCIsImFkbWluIiwibWFuYWdlLWFjY291bnQtbGlua3MiLCJ2aWV3LXByb2ZpbGUiXX19LCJzY29wZSI6ImVtYWlsIG1pY3JvcHJvZmlsZS1qd3QgcHJvZmlsZSIsInNpZCI6ImJlMjhjMTdhLTNhZDgtNDdjYS1hYjBiLThiMmRhNzU2MWNiOSIsInVwbiI6ImFkbWluIiwiZW1haWxfdmVyaWZpZWQiOnRydWUsIm5hbWUiOiJhZG1pbiBhZG1pbiIsImdyb3VwcyI6WyJvZmZsaW5lX2FjY2VzcyIsImFkbWluIiwiZGVmYXVsdC1yb2xlcy1xdWFya3VzIiwidW1hX2F1dGhvcml6YXRpb24iLCJ1c2VyIl0sInByZWZlcnJlZF91c2VybmFtZSI6ImFkbWluIiwiZ2l2ZW5fbmFtZSI6ImFkbWluIiwiZmFtaWx5X25hbWUiOiJhZG1pbiIsImVtYWlsIjoibWFpay5wcm9iYUBnbWFpbC5jb20ifQ.PMCrGVP5PB6aergyExZbOzpAC9h2yIx3FyjeVrO3OlKvwzAKkrZ4p9prijmnATl1rRrWfXCQf5pFWHjGqDbOiXm70QSz84jXaPgDUTepkLTzF_UUfJKOdhzy9c1L3jlu_KSG7VBIJ9R0JgzZOa2UWlN8RkjKHBSQX5SCfvIVsxIBK61gSN2NwUfOu-OGBRPNncVmPk0c4trvc8RKlHN0EpRpK2WGEWSZ_6OwQRGhk4ces2dGbi9rnN_ET0vvsUfrced_Z7yMeVuB036SOMI_rJhajUwlZ7Y8t9Xlh093gdh9n5Q-bR2-8SqwB9mvad2upMFsClTcRUaaZsQphbUR2A]}
]]></system-out>
  </testcase>
</testsuite>