<?xml version="1.0" encoding="UTF-8"?>
<testsuite xmlns:xsi="http://www.w3.org/2001/XMLSchema-instance" xsi:noNamespaceSchemaLocation="https://maven.apache.org/surefire/maven-surefire-plugin/xsd/surefire-test-report-3.0.xsd" version="3.0" name="de.hsos.swa.AnlegenResourceTest" time="65.594" tests="1" errors="0" skipped="0" failures="1">
  <properties>
    <property name="java.specification.version" value="17"/>
    <property name="sun.cpu.isalist" value="amd64"/>
    <property name="test.url" value="http://localhost:8081"/>
    <property name="sun.jnu.encoding" value="Cp1252"/>
    <property name="java.class.path" value="S:\Hochschule\7_Semester\SWA\Projekt\mybay_onlineshop\backend\target\test-classes;S:\Hochschule\7_Semester\SWA\Projekt\mybay_onlineshop\backend\target\classes;C:\Users\Maik\.m2\repository\io\quarkus\quarkus-hibernate-orm\2.10.1.Final\quarkus-hibernate-orm-2.10.1.Final.jar;C:\Users\Maik\.m2\repository\io\quarkus\quarkus-core\2.10.1.Final\quarkus-core-2.10.1.Final.jar;C:\Users\Maik\.m2\repository\jakarta\enterprise\jakarta.enterprise.cdi-api\2.0.2\jakarta.enterprise.cdi-api-2.0.2.jar;C:\Users\Maik\.m2\repository\jakarta\el\jakarta.el-api\3.0.3\jakarta.el-api-3.0.3.jar;C:\Users\Maik\.m2\repository\jakarta\inject\jakarta.inject-api\1.0\jakarta.inject-api-1.0.jar;C:\Users\Maik\.m2\repository\io\quarkus\quarkus-ide-launcher\2.10.1.Final\quarkus-ide-launcher-2.10.1.Final.jar;C:\Users\Maik\.m2\repository\io\quarkus\quarkus-development-mode-spi\2.10.1.Final\quarkus-development-mode-spi-2.10.1.Final.jar;C:\Users\Maik\.m2\repository\io\smallrye\config\smallrye-config\2.10.1\smallrye-config-2.10.1.jar;C:\Users\Maik\.m2\repository\io\smallrye\config\smallrye-config-core\2.10.1\smallrye-config-core-2.10.1.jar;C:\Users\Maik\.m2\repository\io\smallrye\common\smallrye-common-expression\1.12.0\smallrye-common-expression-1.12.0.jar;C:\Users\Maik\.m2\repository\io\smallrye\common\smallrye-common-function\1.12.0\smallrye-common-function-1.12.0.jar;C:\Users\Maik\.m2\repository\io\smallrye\common\smallrye-common-classloader\1.12.0\smallrye-common-classloader-1.12.0.jar;C:\Users\Maik\.m2\repository\io\smallrye\config\smallrye-config-common\2.10.1\smallrye-config-common-2.10.1.jar;C:\Users\Maik\.m2\repository\org\jboss\logging\jboss-logging\3.5.0.Final\jboss-logging-3.5.0.Final.jar;C:\Users\Maik\.m2\repository\org\jboss\logmanager\jboss-logmanager-embedded\1.0.10\jboss-logmanager-embedded-1.0.10.jar;C:\Users\Maik\.m2\repository\org\jboss\logging\jboss-logging-annotations\2.2.1.Final\jboss-logging-annotations-2.2.1.Final.jar;C:\Users\Maik\.m2\repository\org\jboss\threads\jboss-threads\3.4.2.Final\jboss-threads-3.4.2.Final.jar;C:\Users\Maik\.m2\repository\org\slf4j\slf4j-api\1.7.36\slf4j-api-1.7.36.jar;C:\Users\Maik\.m2\repository\org\jboss\slf4j\slf4j-jboss-logmanager\1.1.0.Final\slf4j-jboss-logmanager-1.1.0.Final.jar;C:\Users\Maik\.m2\repository\org\graalvm\sdk\graal-sdk\22.1.0\graal-sdk-22.1.0.jar;C:\Users\Maik\.m2\repository\org\wildfly\common\wildfly-common\1.5.4.Final-format-001\wildfly-common-1.5.4.Final-format-001.jar;C:\Users\Maik\.m2\repository\io\quarkus\quarkus-bootstrap-runner\2.10.1.Final\quarkus-bootstrap-runner-2.10.1.Final.jar;C:\Users\Maik\.m2\repository\io\quarkus\quarkus-fs-util\0.0.9\quarkus-fs-util-0.0.9.jar;C:\Users\Maik\.m2\repository\io\quarkus\quarkus-agroal\2.10.1.Final\quarkus-agroal-2.10.1.Final.jar;C:\Users\Maik\.m2\repository\io\quarkus\quarkus-datasource\2.10.1.Final\quarkus-datasource-2.10.1.Final.jar;C:\Users\Maik\.m2\repository\io\quarkus\quarkus-datasource-common\2.10.1.Final\quarkus-datasource-common-2.10.1.Final.jar;C:\Users\Maik\.m2\repository\io\agroal\agroal-api\1.16\agroal-api-1.16.jar;C:\Users\Maik\.m2\repository\io\agroal\agroal-narayana\1.16\agroal-narayana-1.16.jar;C:\Users\Maik\.m2\repository\org\jboss\jboss-transaction-spi\7.6.0.Final\jboss-transaction-spi-7.6.0.Final.jar;C:\Users\Maik\.m2\repository\io\agroal\agroal-pool\1.16\agroal-pool-1.16.jar;C:\Users\Maik\.m2\repository\io\quarkus\quarkus-credentials\2.10.1.Final\quarkus-credentials-2.10.1.Final.jar;C:\Users\Maik\.m2\repository\io\quarkus\quarkus-narayana-jta\2.10.1.Final\quarkus-narayana-jta-2.10.1.Final.jar;C:\Users\Maik\.m2\repository\io\quarkus\quarkus-transaction-annotations\2.10.1.Final\quarkus-transaction-annotations-2.10.1.Final.jar;C:\Users\Maik\.m2\repository\io\smallrye\smallrye-context-propagation-jta\1.2.2\smallrye-context-propagation-jta-1.2.2.jar;C:\Users\Maik\.m2\repository\io\smallrye\reactive\smallrye-reactive-converter-api\2.7.0\smallrye-reactive-converter-api-2.7.0.jar;C:\Users\Maik\.m2\repository\org\reactivestreams\reactive-streams\1.0.3\reactive-streams-1.0.3.jar;C:\Users\Maik\.m2\repository\io\smallrye\reactive\smallrye-reactive-converter-mutiny\2.7.0\smallrye-reactive-converter-mutiny-2.7.0.jar;C:\Users\Maik\.m2\repository\org\jboss\narayana\jta\narayana-jta\5.12.6.Final\narayana-jta-5.12.6.Final.jar;C:\Users\Maik\.m2\repository\org\jboss\spec\javax\resource\jboss-connector-api_1.7_spec\1.0.0.Final\jboss-connector-api_1.7_spec-1.0.0.Final.jar;C:\Users\Maik\.m2\repository\org\jboss\narayana\jts\narayana-jts-integration\5.12.6.Final\narayana-jts-integration-5.12.6.Final.jar;C:\Users\Maik\.m2\repository\org\hibernate\hibernate-core\5.6.9.Final\hibernate-core-5.6.9.Final.jar;C:\Users\Maik\.m2\repository\net\bytebuddy\byte-buddy\1.12.9\byte-buddy-1.12.9.jar;C:\Users\Maik\.m2\repository\antlr\antlr\2.7.7\antlr-2.7.7.jar;C:\Users\Maik\.m2\repository\com\fasterxml\classmate\1.5.1\classmate-1.5.1.jar;C:\Users\Maik\.m2\repository\org\hibernate\common\hibernate-commons-annotations\5.1.2.Final\hibernate-commons-annotations-5.1.2.Final.jar;C:\Users\Maik\.m2\repository\org\hibernate\hibernate-graalvm\5.6.9.Final\hibernate-graalvm-5.6.9.Final.jar;C:\Users\Maik\.m2\repository\org\glassfish\jaxb\jaxb-runtime\2.3.3-b02\jaxb-runtime-2.3.3-b02.jar;C:\Users\Maik\.m2\repository\org\glassfish\jaxb\txw2\2.3.3-b02\txw2-2.3.3-b02.jar;C:\Users\Maik\.m2\repository\com\sun\istack\istack-commons-runtime\3.0.10\istack-commons-runtime-3.0.10.jar;C:\Users\Maik\.m2\repository\com\sun\activation\jakarta.activation\1.2.1\jakarta.activation-1.2.1.jar;C:\Users\Maik\.m2\repository\org\jboss\spec\javax\xml\bind\jboss-jaxb-api_2.3_spec\2.0.0.Final\jboss-jaxb-api_2.3_spec-2.0.0.Final.jar;C:\Users\Maik\.m2\repository\jakarta\persistence\jakarta.persistence-api\2.2.3\jakarta.persistence-api-2.2.3.jar;C:\Users\Maik\.m2\repository\jakarta\transaction\jakarta.transaction-api\1.3.3\jakarta.transaction-api-1.3.3.jar;C:\Users\Maik\.m2\repository\org\hibernate\quarkus-local-cache\0.1.1\quarkus-local-cache-0.1.1.jar;C:\Users\Maik\.m2\repository\io\quarkus\quarkus-caffeine\2.10.1.Final\quarkus-caffeine-2.10.1.Final.jar;C:\Users\Maik\.m2\repository\com\github\ben-manes\caffeine\caffeine\2.9.3\caffeine-2.9.3.jar;C:\Users\Maik\.m2\repository\com\google\errorprone\error_prone_annotations\2.13.1\error_prone_annotations-2.13.1.jar;C:\Users\Maik\.m2\repository\io\quarkus\quarkus-oidc-client\2.10.1.Final\quarkus-oidc-client-2.10.1.Final.jar;C:\Users\Maik\.m2\repository\io\quarkus\quarkus-vertx\2.10.1.Final\quarkus-vertx-2.10.1.Final.jar;C:\Users\Maik\.m2\repository\io\quarkus\quarkus-netty\2.10.1.Final\quarkus-netty-2.10.1.Final.jar;C:\Users\Maik\.m2\repository\io\netty\netty-codec\4.1.74.Final\netty-codec-4.1.74.Final.jar;C:\Users\Maik\.m2\repository\io\netty\netty-common\4.1.74.Final\netty-common-4.1.74.Final.jar;C:\Users\Maik\.m2\repository\io\netty\netty-codec-http\4.1.74.Final\netty-codec-http-4.1.74.Final.jar;C:\Users\Maik\.m2\repository\io\netty\netty-codec-http2\4.1.74.Final\netty-codec-http2-4.1.74.Final.jar;C:\Users\Maik\.m2\repository\io\netty\netty-handler\4.1.74.Final\netty-handler-4.1.74.Final.jar;C:\Users\Maik\.m2\repository\io\netty\netty-resolver\4.1.74.Final\netty-resolver-4.1.74.Final.jar;C:\Users\Maik\.m2\repository\io\netty\netty-tcnative-classes\2.0.48.Final\netty-tcnative-classes-2.0.48.Final.jar;C:\Users\Maik\.m2\repository\io\netty\netty-codec-haproxy\4.1.74.Final\netty-codec-haproxy-4.1.74.Final.jar;C:\Users\Maik\.m2\repository\io\netty\netty-buffer\4.1.74.Final\netty-buffer-4.1.74.Final.jar;C:\Users\Maik\.m2\repository\io\netty\netty-transport\4.1.74.Final\netty-transport-4.1.74.Final.jar;C:\Users\Maik\.m2\repository\io\smallrye\common\smallrye-common-annotation\1.12.0\smallrye-common-annotation-1.12.0.jar;C:\Users\Maik\.m2\repository\io\smallrye\common\smallrye-common-vertx-context\1.12.0\smallrye-common-vertx-context-1.12.0.jar;C:\Users\Maik\.m2\repository\io\vertx\vertx-core\4.2.7\vertx-core-4.2.7.jar;C:\Users\Maik\.m2\repository\io\netty\netty-handler-proxy\4.1.74.Final\netty-handler-proxy-4.1.74.Final.jar;C:\Users\Maik\.m2\repository\io\netty\netty-codec-socks\4.1.74.Final\netty-codec-socks-4.1.74.Final.jar;C:\Users\Maik\.m2\repository\io\netty\netty-resolver-dns\4.1.74.Final\netty-resolver-dns-4.1.74.Final.jar;C:\Users\Maik\.m2\repository\io\netty\netty-codec-dns\4.1.74.Final\netty-codec-dns-4.1.74.Final.jar;C:\Users\Maik\.m2\repository\io\smallrye\common\smallrye-common-constraint\1.12.0\smallrye-common-constraint-1.12.0.jar;C:\Users\Maik\.m2\repository\io\smallrye\reactive\smallrye-mutiny-vertx-core\2.22.0\smallrye-mutiny-vertx-core-2.22.0.jar;C:\Users\Maik\.m2\repository\io\smallrye\reactive\smallrye-mutiny-vertx-runtime\2.22.0\smallrye-mutiny-vertx-runtime-2.22.0.jar;C:\Users\Maik\.m2\repository\io\smallrye\reactive\vertx-mutiny-generator\2.22.0\vertx-mutiny-generator-2.22.0.jar;C:\Users\Maik\.m2\repository\io\vertx\vertx-codegen\4.2.7\vertx-codegen-4.2.7.jar;C:\Users\Maik\.m2\repository\io\smallrye\smallrye-fault-tolerance-vertx\5.4.1\smallrye-fault-tolerance-vertx-5.4.1.jar;C:\Users\Maik\.m2\repository\io\quarkus\quarkus-oidc-common\2.10.1.Final\quarkus-oidc-common-2.10.1.Final.jar;C:\Users\Maik\.m2\repository\io\smallrye\reactive\smallrye-mutiny-vertx-web-client\2.22.0\smallrye-mutiny-vertx-web-client-2.22.0.jar;C:\Users\Maik\.m2\repository\io\vertx\vertx-web-client\4.2.7\vertx-web-client-4.2.7.jar;C:\Users\Maik\.m2\repository\io\smallrye\reactive\smallrye-mutiny-vertx-auth-common\2.22.0\smallrye-mutiny-vertx-auth-common-2.22.0.jar;C:\Users\Maik\.m2\repository\io\smallrye\reactive\smallrye-mutiny-vertx-web-common\2.22.0\smallrye-mutiny-vertx-web-common-2.22.0.jar;C:\Users\Maik\.m2\repository\io\quarkus\quarkus-smallrye-jwt-build\2.10.1.Final\quarkus-smallrye-jwt-build-2.10.1.Final.jar;C:\Users\Maik\.m2\repository\io\smallrye\smallrye-jwt-build\3.5.1\smallrye-jwt-build-3.5.1.jar;C:\Users\Maik\.m2\repository\io\quarkus\quarkus-keycloak-authorization\2.10.1.Final\quarkus-keycloak-authorization-2.10.1.Final.jar;C:\Users\Maik\.m2\repository\org\keycloak\keycloak-adapter-core\18.0.1\keycloak-adapter-core-18.0.1.jar;C:\Users\Maik\.m2\repository\org\keycloak\keycloak-core\18.0.1\keycloak-core-18.0.1.jar;C:\Users\Maik\.m2\repository\org\keycloak\keycloak-common\18.0.1\keycloak-common-18.0.1.jar;C:\Users\Maik\.m2\repository\org\bouncycastle\bcprov-jdk15on\1.70\bcprov-jdk15on-1.70.jar;C:\Users\Maik\.m2\repository\org\bouncycastle\bcpkix-jdk15on\1.70\bcpkix-jdk15on-1.70.jar;C:\Users\Maik\.m2\repository\org\bouncycastle\bcutil-jdk15on\1.70\bcutil-jdk15on-1.70.jar;C:\Users\Maik\.m2\repository\com\fasterxml\jackson\core\jackson-core\2.13.3\jackson-core-2.13.3.jar;C:\Users\Maik\.m2\repository\com\fasterxml\jackson\core\jackson-databind\2.13.3\jackson-databind-2.13.3.jar;C:\Users\Maik\.m2\repository\org\keycloak\keycloak-adapter-spi\18.0.1\keycloak-adapter-spi-18.0.1.jar;C:\Users\Maik\.m2\repository\org\keycloak\keycloak-authz-client\18.0.1\keycloak-authz-client-18.0.1.jar;C:\Users\Maik\.m2\repository\io\quarkus\quarkus-apache-httpclient\2.10.1.Final\quarkus-apache-httpclient-2.10.1.Final.jar;C:\Users\Maik\.m2\repository\org\jboss\logging\commons-logging-jboss-logging\1.0.0.Final\commons-logging-jboss-logging-1.0.0.Final.jar;C:\Users\Maik\.m2\repository\io\quarkus\quarkus-rest-client\2.10.1.Final\quarkus-rest-client-2.10.1.Final.jar;C:\Users\Maik\.m2\repository\io\quarkus\quarkus-resteasy-common\2.10.1.Final\quarkus-resteasy-common-2.10.1.Final.jar;C:\Users\Maik\.m2\repository\org\jboss\resteasy\resteasy-core\4.7.5.Final\resteasy-core-4.7.5.Final.jar;C:\Users\Maik\.m2\repository\org\jboss\spec\javax\ws\rs\jboss-jaxrs-api_2.1_spec\2.0.1.Final\jboss-jaxrs-api_2.1_spec-2.0.1.Final.jar;C:\Users\Maik\.m2\repository\org\jboss\resteasy\resteasy-core-spi\4.7.5.Final\resteasy-core-spi-4.7.5.Final.jar;C:\Users\Maik\.m2\repository\com\ibm\async\asyncutil\0.1.0\asyncutil-0.1.0.jar;C:\Users\Maik\.m2\repository\io\quarkus\quarkus-rest-client-config\2.10.1.Final\quarkus-rest-client-config-2.10.1.Final.jar;C:\Users\Maik\.m2\repository\org\eclipse\microprofile\rest\client\microprofile-rest-client-api\2.0\microprofile-rest-client-api-2.0.jar;C:\Users\Maik\.m2\repository\org\jboss\jandex\2.4.2.Final\jandex-2.4.2.Final.jar;C:\Users\Maik\.m2\repository\org\jboss\resteasy\resteasy-client-microprofile\4.7.5.Final\resteasy-client-microprofile-4.7.5.Final.jar;C:\Users\Maik\.m2\repository\org\jboss\resteasy\resteasy-client-microprofile-base\4.7.5.Final\resteasy-client-microprofile-base-4.7.5.Final.jar;C:\Users\Maik\.m2\repository\org\jboss\resteasy\resteasy-client\4.7.5.Final\resteasy-client-4.7.5.Final.jar;C:\Users\Maik\.m2\repository\org\jboss\resteasy\resteasy-client-api\4.7.5.Final\resteasy-client-api-4.7.5.Final.jar;C:\Users\Maik\.m2\repository\org\jboss\resteasy\resteasy-cdi\4.7.5.Final\resteasy-cdi-4.7.5.Final.jar;C:\Users\Maik\.m2\repository\jakarta\interceptor\jakarta.interceptor-api\1.2.5\jakarta.interceptor-api-1.2.5.jar;C:\Users\Maik\.m2\repository\org\apache\httpcomponents\httpasyncclient\4.1.5\httpasyncclient-4.1.5.jar;C:\Users\Maik\.m2\repository\org\apache\httpcomponents\httpcore\4.4.15\httpcore-4.4.15.jar;C:\Users\Maik\.m2\repository\org\apache\httpcomponents\httpcore-nio\4.4.15\httpcore-nio-4.4.15.jar;C:\Users\Maik\.m2\repository\io\quarkus\quarkus-resteasy-jsonb\2.10.1.Final\quarkus-resteasy-jsonb-2.10.1.Final.jar;C:\Users\Maik\.m2\repository\io\quarkus\quarkus-jsonb\2.10.1.Final\quarkus-jsonb-2.10.1.Final.jar;C:\Users\Maik\.m2\repository\org\eclipse\yasson\1.0.11\yasson-1.0.11.jar;C:\Users\Maik\.m2\repository\org\jboss\resteasy\resteasy-json-binding-provider\4.7.5.Final\resteasy-json-binding-provider-4.7.5.Final.jar;C:\Users\Maik\.m2\repository\jakarta\json\bind\jakarta.json.bind-api\1.0.2\jakarta.json.bind-api-1.0.2.jar;C:\Users\Maik\.m2\repository\org\jboss\resteasy\resteasy-json-p-provider\4.7.5.Final\resteasy-json-p-provider-4.7.5.Final.jar;C:\Users\Maik\.m2\repository\commons-io\commons-io\2.11.0\commons-io-2.11.0.jar;C:\Users\Maik\.m2\repository\io\quarkus\quarkus-smallrye-openapi\2.10.1.Final\quarkus-smallrye-openapi-2.10.1.Final.jar;C:\Users\Maik\.m2\repository\io\smallrye\smallrye-open-api-core\2.1.22\smallrye-open-api-core-2.1.22.jar;C:\Users\Maik\.m2\repository\org\eclipse\microprofile\openapi\microprofile-openapi-api\2.0.1\microprofile-openapi-api-2.0.1.jar;C:\Users\Maik\.m2\repository\org\eclipse\microprofile\config\microprofile-config-api\2.0.1\microprofile-config-api-2.0.1.jar;C:\Users\Maik\.m2\repository\com\fasterxml\jackson\dataformat\jackson-dataformat-yaml\2.13.3\jackson-dataformat-yaml-2.13.3.jar;C:\Users\Maik\.m2\repository\org\yaml\snakeyaml\1.30\snakeyaml-1.30.jar;C:\Users\Maik\.m2\repository\io\quarkus\quarkus-vertx-http\2.10.1.Final\quarkus-vertx-http-2.10.1.Final.jar;C:\Users\Maik\.m2\repository\io\quarkus\quarkus-security-runtime-spi\2.10.1.Final\quarkus-security-runtime-spi-2.10.1.Final.jar;C:\Users\Maik\.m2\repository\io\quarkus\quarkus-vertx-http-dev-console-runtime-spi\2.10.1.Final\quarkus-vertx-http-dev-console-runtime-spi-2.10.1.Final.jar;C:\Users\Maik\.m2\repository\io\quarkus\security\quarkus-security\1.1.4.Final\quarkus-security-1.1.4.Final.jar;C:\Users\Maik\.m2\repository\io\smallrye\reactive\smallrye-mutiny-vertx-web\2.22.0\smallrye-mutiny-vertx-web-2.22.0.jar;C:\Users\Maik\.m2\repository\io\smallrye\reactive\smallrye-mutiny-vertx-bridge-common\2.22.0\smallrye-mutiny-vertx-bridge-common-2.22.0.jar;C:\Users\Maik\.m2\repository\io\vertx\vertx-web\4.2.7\vertx-web-4.2.7.jar;C:\Users\Maik\.m2\repository\io\vertx\vertx-web-common\4.2.7\vertx-web-common-4.2.7.jar;C:\Users\Maik\.m2\repository\io\vertx\vertx-auth-common\4.2.7\vertx-auth-common-4.2.7.jar;C:\Users\Maik\.m2\repository\io\vertx\vertx-bridge-common\4.2.7\vertx-bridge-common-4.2.7.jar;C:\Users\Maik\.m2\repository\io\github\crac\org-crac\0.1.1\org-crac-0.1.1.jar;C:\Users\Maik\.m2\repository\io\quarkus\quarkus-swagger-ui\2.10.1.Final\quarkus-swagger-ui-2.10.1.Final.jar;C:\Users\Maik\.m2\repository\io\quarkus\quarkus-oidc\2.10.1.Final\quarkus-oidc-2.10.1.Final.jar;C:\Users\Maik\.m2\repository\io\quarkus\quarkus-security\2.10.1.Final\quarkus-security-2.10.1.Final.jar;C:\Users\Maik\.m2\repository\io\quarkus\quarkus-jsonp\2.10.1.Final\quarkus-jsonp-2.10.1.Final.jar;C:\Users\Maik\.m2\repository\org\glassfish\jakarta.json\1.1.6\jakarta.json-1.1.6.jar;C:\Users\Maik\.m2\repository\io\smallrye\smallrye-jwt\3.5.1\smallrye-jwt-3.5.1.jar;C:\Users\Maik\.m2\repository\org\eclipse\microprofile\jwt\microprofile-jwt-auth-api\1.2\microprofile-jwt-auth-api-1.2.jar;C:\Users\Maik\.m2\repository\org\bitbucket\b_c\jose4j\0.7.12\jose4j-0.7.12.jar;C:\Users\Maik\.m2\repository\io\smallrye\smallrye-jwt-common\3.5.1\smallrye-jwt-common-3.5.1.jar;C:\Users\Maik\.m2\repository\jakarta\annotation\jakarta.annotation-api\1.3.5\jakarta.annotation-api-1.3.5.jar;C:\Users\Maik\.m2\repository\io\quarkus\quarkus-hibernate-orm-panache\2.10.1.Final\quarkus-hibernate-orm-panache-2.10.1.Final.jar;C:\Users\Maik\.m2\repository\io\quarkus\quarkus-hibernate-orm-panache-common\2.10.1.Final\quarkus-hibernate-orm-panache-common-2.10.1.Final.jar;C:\Users\Maik\.m2\repository\io\quarkus\quarkus-panache-hibernate-common\2.10.1.Final\quarkus-panache-hibernate-common-2.10.1.Final.jar;C:\Users\Maik\.m2\repository\io\quarkus\quarkus-panache-common\2.10.1.Final\quarkus-panache-common-2.10.1.Final.jar;C:\Users\Maik\.m2\repository\io\quarkus\quarkus-resteasy\2.10.1.Final\quarkus-resteasy-2.10.1.Final.jar;C:\Users\Maik\.m2\repository\io\quarkus\quarkus-resteasy-server-common\2.10.1.Final\quarkus-resteasy-server-common-2.10.1.Final.jar;C:\Users\Maik\.m2\repository\jakarta\validation\jakarta.validation-api\2.0.2\jakarta.validation-api-2.0.2.jar;C:\Users\Maik\.m2\repository\io\quarkus\quarkus-arc\2.10.1.Final\quarkus-arc-2.10.1.Final.jar;C:\Users\Maik\.m2\repository\io\quarkus\arc\arc\2.10.1.Final\arc-2.10.1.Final.jar;C:\Users\Maik\.m2\repository\org\eclipse\microprofile\context-propagation\microprofile-context-propagation-api\1.2\microprofile-context-propagation-api-1.2.jar;C:\Users\Maik\.m2\repository\io\quarkus\quarkus-rest-client-jackson\2.10.1.Final\quarkus-rest-client-jackson-2.10.1.Final.jar;C:\Users\Maik\.m2\repository\io\quarkus\quarkus-jackson\2.10.1.Final\quarkus-jackson-2.10.1.Final.jar;C:\Users\Maik\.m2\repository\com\fasterxml\jackson\datatype\jackson-datatype-jsr310\2.13.3\jackson-datatype-jsr310-2.13.3.jar;C:\Users\Maik\.m2\repository\com\fasterxml\jackson\datatype\jackson-datatype-jdk8\2.13.3\jackson-datatype-jdk8-2.13.3.jar;C:\Users\Maik\.m2\repository\com\fasterxml\jackson\module\jackson-module-parameter-names\2.13.3\jackson-module-parameter-names-2.13.3.jar;C:\Users\Maik\.m2\repository\org\jboss\resteasy\resteasy-jackson2-provider\4.7.5.Final\resteasy-jackson2-provider-4.7.5.Final.jar;C:\Users\Maik\.m2\repository\com\fasterxml\jackson\core\jackson-annotations\2.13.3\jackson-annotations-2.13.3.jar;C:\Users\Maik\.m2\repository\com\fasterxml\jackson\jaxrs\jackson-jaxrs-json-provider\2.13.3\jackson-jaxrs-json-provider-2.13.3.jar;C:\Users\Maik\.m2\repository\com\fasterxml\jackson\jaxrs\jackson-jaxrs-base\2.13.3\jackson-jaxrs-base-2.13.3.jar;C:\Users\Maik\.m2\repository\com\fasterxml\jackson\module\jackson-module-jaxb-annotations\2.13.3\jackson-module-jaxb-annotations-2.13.3.jar;C:\Users\Maik\.m2\repository\com\github\java-json-tools\json-patch\1.13\json-patch-1.13.jar;C:\Users\Maik\.m2\repository\com\github\java-json-tools\msg-simple\1.2\msg-simple-1.2.jar;C:\Users\Maik\.m2\repository\com\github\java-json-tools\btf\1.3\btf-1.3.jar;C:\Users\Maik\.m2\repository\com\github\java-json-tools\jackson-coreutils\2.0\jackson-coreutils-2.0.jar;C:\Users\Maik\.m2\repository\io\quarkus\quarkus-jdbc-postgresql\2.10.1.Final\quarkus-jdbc-postgresql-2.10.1.Final.jar;C:\Users\Maik\.m2\repository\org\postgresql\postgresql\42.3.6\postgresql-42.3.6.jar;C:\Users\Maik\.m2\repository\io\quarkus\quarkus-mailer\2.10.1.Final\quarkus-mailer-2.10.1.Final.jar;C:\Users\Maik\.m2\repository\io\quarkus\quarkus-qute\2.10.1.Final\quarkus-qute-2.10.1.Final.jar;C:\Users\Maik\.m2\repository\io\quarkus\qute\qute-core\2.10.1.Final\qute-core-2.10.1.Final.jar;C:\Users\Maik\.m2\repository\io\quarkus\quarkus-mutiny\2.10.1.Final\quarkus-mutiny-2.10.1.Final.jar;C:\Users\Maik\.m2\repository\io\smallrye\reactive\mutiny\1.6.0\mutiny-1.6.0.jar;C:\Users\Maik\.m2\repository\io\quarkus\quarkus-smallrye-context-propagation\2.10.1.Final\quarkus-smallrye-context-propagation-2.10.1.Final.jar;C:\Users\Maik\.m2\repository\io\smallrye\smallrye-context-propagation\1.2.2\smallrye-context-propagation-1.2.2.jar;C:\Users\Maik\.m2\repository\io\smallrye\smallrye-context-propagation-api\1.2.2\smallrye-context-propagation-api-1.2.2.jar;C:\Users\Maik\.m2\repository\io\smallrye\smallrye-context-propagation-storage\1.2.2\smallrye-context-propagation-storage-1.2.2.jar;C:\Users\Maik\.m2\repository\io\smallrye\reactive\mutiny-smallrye-context-propagation\1.6.0\mutiny-smallrye-context-propagation-1.6.0.jar;C:\Users\Maik\.m2\repository\io\smallrye\reactive\smallrye-mutiny-vertx-mail-client\2.22.0\smallrye-mutiny-vertx-mail-client-2.22.0.jar;C:\Users\Maik\.m2\repository\io\vertx\vertx-mail-client\4.2.7\vertx-mail-client-4.2.7.jar;C:\Users\Maik\.m2\repository\io\quarkus\quarkus-junit5\2.10.1.Final\quarkus-junit5-2.10.1.Final.jar;C:\Users\Maik\.m2\repository\io\quarkus\quarkus-bootstrap-core\2.10.1.Final\quarkus-bootstrap-core-2.10.1.Final.jar;C:\Users\Maik\.m2\repository\io\quarkus\quarkus-bootstrap-app-model\2.10.1.Final\quarkus-bootstrap-app-model-2.10.1.Final.jar;C:\Users\Maik\.m2\repository\io\quarkus\quarkus-bootstrap-maven-resolver\2.10.1.Final\quarkus-bootstrap-maven-resolver-2.10.1.Final.jar;C:\Users\Maik\.m2\repository\org\apache\maven\maven-embedder\3.8.4\maven-embedder-3.8.4.jar;C:\Users\Maik\.m2\repository\org\apache\maven\maven-settings\3.8.4\maven-settings-3.8.4.jar;C:\Users\Maik\.m2\repository\org\apache\maven\maven-core\3.8.4\maven-core-3.8.4.jar;C:\Users\Maik\.m2\repository\org\apache\maven\maven-artifact\3.8.4\maven-artifact-3.8.4.jar;C:\Users\Maik\.m2\repository\org\codehaus\plexus\plexus-component-annotations\2.1.0\plexus-component-annotations-2.1.0.jar;C:\Users\Maik\.m2\repository\org\apache\maven\maven-plugin-api\3.8.4\maven-plugin-api-3.8.4.jar;C:\Users\Maik\.m2\repository\org\apache\maven\maven-model\3.8.4\maven-model-3.8.4.jar;C:\Users\Maik\.m2\repository\org\apache\maven\maven-model-builder\3.8.4\maven-model-builder-3.8.4.jar;C:\Users\Maik\.m2\repository\org\apache\maven\maven-builder-support\3.8.4\maven-builder-support-3.8.4.jar;C:\Users\Maik\.m2\repository\org\apache\maven\resolver\maven-resolver-api\1.6.3\maven-resolver-api-1.6.3.jar;C:\Users\Maik\.m2\repository\org\apache\maven\resolver\maven-resolver-util\1.6.3\maven-resolver-util-1.6.3.jar;C:\Users\Maik\.m2\repository\org\apache\maven\shared\maven-shared-utils\3.3.4\maven-shared-utils-3.3.4.jar;C:\Users\Maik\.m2\repository\com\google\inject\guice\4.2.2\guice-4.2.2-no_aop.jar;C:\Users\Maik\.m2\repository\com\google\guava\guava\31.1-jre\guava-31.1-jre.jar;C:\Users\Maik\.m2\repository\com\google\guava\failureaccess\1.0.1\failureaccess-1.0.1.jar;C:\Users\Maik\.m2\repository\org\codehaus\plexus\plexus-classworlds\2.6.0\plexus-classworlds-2.6.0.jar;C:\Users\Maik\.m2\repository\org\codehaus\plexus\plexus-sec-dispatcher\2.0\plexus-sec-dispatcher-2.0.jar;C:\Users\Maik\.m2\repository\org\codehaus\plexus\plexus-cipher\2.0\plexus-cipher-2.0.jar;C:\Users\Maik\.m2\repository\commons-cli\commons-cli\1.4\commons-cli-1.4.jar;C:\Users\Maik\.m2\repository\org\eclipse\sisu\org.eclipse.sisu.plexus\0.3.5\org.eclipse.sisu.plexus-0.3.5.jar;C:\Users\Maik\.m2\repository\org\apache\maven\maven-settings-builder\3.8.4\maven-settings-builder-3.8.4.jar;C:\Users\Maik\.m2\repository\org\codehaus\plexus\plexus-interpolation\1.26\plexus-interpolation-1.26.jar;C:\Users\Maik\.m2\repository\org\apache\maven\maven-resolver-provider\3.8.4\maven-resolver-provider-3.8.4.jar;C:\Users\Maik\.m2\repository\org\apache\maven\maven-repository-metadata\3.8.4\maven-repository-metadata-3.8.4.jar;C:\Users\Maik\.m2\repository\org\apache\maven\resolver\maven-resolver-spi\1.6.3\maven-resolver-spi-1.6.3.jar;C:\Users\Maik\.m2\repository\org\apache\maven\resolver\maven-resolver-impl\1.6.3\maven-resolver-impl-1.6.3.jar;C:\Users\Maik\.m2\repository\org\codehaus\plexus\plexus-utils\3.3.0\plexus-utils-3.3.0.jar;C:\Users\Maik\.m2\repository\org\apache\maven\resolver\maven-resolver-connector-basic\1.6.3\maven-resolver-connector-basic-1.6.3.jar;C:\Users\Maik\.m2\repository\org\apache\maven\resolver\maven-resolver-transport-wagon\1.6.3\maven-resolver-transport-wagon-1.6.3.jar;C:\Users\Maik\.m2\repository\org\apache\maven\wagon\wagon-http\3.4.3\wagon-http-3.4.3.jar;C:\Users\Maik\.m2\repository\org\apache\maven\wagon\wagon-http-shared\3.4.3\wagon-http-shared-3.4.3.jar;C:\Users\Maik\.m2\repository\org\jsoup\jsoup\1.14.2\jsoup-1.14.2.jar;C:\Users\Maik\.m2\repository\org\apache\maven\wagon\wagon-provider-api\3.4.3\wagon-provider-api-3.4.3.jar;C:\Users\Maik\.m2\repository\org\apache\maven\wagon\wagon-file\3.4.3\wagon-file-3.4.3.jar;C:\Users\Maik\.m2\repository\io\quarkus\quarkus-bootstrap-gradle-resolver\2.10.1.Final\quarkus-bootstrap-gradle-resolver-2.10.1.Final.jar;C:\Users\Maik\.m2\repository\io\smallrye\common\smallrye-common-io\1.12.0\smallrye-common-io-1.12.0.jar;C:\Users\Maik\.m2\repository\org\eclipse\sisu\org.eclipse.sisu.inject\0.3.5\org.eclipse.sisu.inject-0.3.5.jar;C:\Users\Maik\.m2\repository\io\quarkus\quarkus-test-common\2.10.1.Final\quarkus-test-common-2.10.1.Final.jar;C:\Users\Maik\.m2\repository\io\quarkus\quarkus-core-deployment\2.10.1.Final\quarkus-core-deployment-2.10.1.Final.jar;C:\Users\Maik\.m2\repository\org\aesh\readline\2.2\readline-2.2.jar;C:\Users\Maik\.m2\repository\org\fusesource\jansi\jansi\1.18\jansi-1.18.jar;C:\Users\Maik\.m2\repository\org\aesh\aesh\2.6\aesh-2.6.jar;C:\Users\Maik\.m2\repository\io\quarkus\gizmo\gizmo\1.0.11.Final\gizmo-1.0.11.Final.jar;C:\Users\Maik\.m2\repository\org\ow2\asm\asm-util\9.3\asm-util-9.3.jar;C:\Users\Maik\.m2\repository\org\ow2\asm\asm\9.3\asm-9.3.jar;C:\Users\Maik\.m2\repository\org\ow2\asm\asm-commons\9.3\asm-commons-9.3.jar;C:\Users\Maik\.m2\repository\org\ow2\asm\asm-tree\9.3\asm-tree-9.3.jar;C:\Users\Maik\.m2\repository\org\ow2\asm\asm-analysis\9.3\asm-analysis-9.3.jar;C:\Users\Maik\.m2\repository\io\quarkus\quarkus-class-change-agent\2.10.1.Final\quarkus-class-change-agent-2.10.1.Final.jar;C:\Users\Maik\.m2\repository\io\quarkus\quarkus-devtools-utilities\2.10.1.Final\quarkus-devtools-utilities-2.10.1.Final.jar;C:\Users\Maik\.m2\repository\io\quarkus\quarkus-builder\2.10.1.Final\quarkus-builder-2.10.1.Final.jar;C:\Users\Maik\.m2\repository\org\junit\platform\junit-platform-launcher\1.8.2\junit-platform-launcher-1.8.2.jar;C:\Users\Maik\.m2\repository\io\quarkus\quarkus-junit5-properties\2.10.1.Final\quarkus-junit5-properties-2.10.1.Final.jar;C:\Users\Maik\.m2\repository\org\junit\jupiter\junit-jupiter\5.8.2\junit-jupiter-5.8.2.jar;C:\Users\Maik\.m2\repository\org\junit\jupiter\junit-jupiter-api\5.8.2\junit-jupiter-api-5.8.2.jar;C:\Users\Maik\.m2\repository\org\opentest4j\opentest4j\1.2.0\opentest4j-1.2.0.jar;C:\Users\Maik\.m2\repository\org\junit\platform\junit-platform-commons\1.8.2\junit-platform-commons-1.8.2.jar;C:\Users\Maik\.m2\repository\org\apiguardian\apiguardian-api\1.1.2\apiguardian-api-1.1.2.jar;C:\Users\Maik\.m2\repository\org\junit\jupiter\junit-jupiter-params\5.8.2\junit-jupiter-params-5.8.2.jar;C:\Users\Maik\.m2\repository\org\junit\jupiter\junit-jupiter-engine\5.8.2\junit-jupiter-engine-5.8.2.jar;C:\Users\Maik\.m2\repository\org\junit\platform\junit-platform-engine\1.8.2\junit-platform-engine-1.8.2.jar;C:\Users\Maik\.m2\repository\com\thoughtworks\xstream\xstream\1.4.19\xstream-1.4.19.jar;C:\Users\Maik\.m2\repository\io\github\x-stream\mxparser\1.2.2\mxparser-1.2.2.jar;C:\Users\Maik\.m2\repository\xmlpull\xmlpull\1.1.3.1\xmlpull-1.1.3.1.jar;C:\Users\Maik\.m2\repository\io\rest-assured\rest-assured\4.5.1\rest-assured-4.5.1.jar;C:\Users\Maik\.m2\repository\org\codehaus\groovy\groovy\3.0.9\groovy-3.0.9.jar;C:\Users\Maik\.m2\repository\org\codehaus\groovy\groovy-xml\3.0.9\groovy-xml-3.0.9.jar;C:\Users\Maik\.m2\repository\org\apache\httpcomponents\httpclient\4.5.13\httpclient-4.5.13.jar;C:\Users\Maik\.m2\repository\commons-codec\commons-codec\1.15\commons-codec-1.15.jar;C:\Users\Maik\.m2\repository\org\apache\httpcomponents\httpmime\4.5.13\httpmime-4.5.13.jar;C:\Users\Maik\.m2\repository\org\hamcrest\hamcrest\2.1\hamcrest-2.1.jar;C:\Users\Maik\.m2\repository\org\ccil\cowan\tagsoup\tagsoup\1.2.1\tagsoup-1.2.1.jar;C:\Users\Maik\.m2\repository\io\rest-assured\json-path\4.5.1\json-path-4.5.1.jar;C:\Users\Maik\.m2\repository\org\codehaus\groovy\groovy-json\3.0.9\groovy-json-3.0.9.jar;C:\Users\Maik\.m2\repository\io\rest-assured\rest-assured-common\4.5.1\rest-assured-common-4.5.1.jar;C:\Users\Maik\.m2\repository\io\rest-assured\xml-path\4.5.1\xml-path-4.5.1.jar;C:\Users\Maik\.m2\repository\org\apache\commons\commons-lang3\3.12.0\commons-lang3-3.12.0.jar;C:\Users\Maik\.m2\repository\io\quarkus\quarkus-test-security\2.10.1.Final\quarkus-test-security-2.10.1.Final.jar;C:\Users\Maik\.m2\repository\io\quarkus\quarkus-test-keycloak-server\2.10.1.Final\quarkus-test-keycloak-server-2.10.1.Final.jar;C:\Users\Maik\.m2\repository\org\testcontainers\testcontainers\1.17.2\testcontainers-1.17.2.jar;C:\Users\Maik\.m2\repository\junit\junit\4.13.2\junit-4.13.2.jar;C:\Users\Maik\.m2\repository\org\apache\commons\commons-compress\1.21\commons-compress-1.21.jar;C:\Users\Maik\.m2\repository\org\rnorth\duct-tape\duct-tape\1.0.8\duct-tape-1.0.8.jar;C:\Users\Maik\.m2\repository\org\jetbrains\annotations\17.0.0\annotations-17.0.0.jar;C:\Users\Maik\.m2\repository\com\github\docker-java\docker-java-api\3.2.13\docker-java-api-3.2.13.jar;C:\Users\Maik\.m2\repository\com\github\docker-java\docker-java-transport-zerodep\3.2.13\docker-java-transport-zerodep-3.2.13.jar;C:\Users\Maik\.m2\repository\com\github\docker-java\docker-java-transport\3.2.13\docker-java-transport-3.2.13.jar;C:\Users\Maik\.m2\repository\net\java\dev\jna\jna\5.8.0\jna-5.8.0.jar;"/>
    <property name="java.vm.vendor" value="Oracle Corporation"/>
    <property name="sun.arch.data.model" value="64"/>
    <property name="user.variant" value=""/>
    <property name="java.vendor.url" value="https://java.oracle.com/"/>
    <property name="user.timezone" value="Europe/Berlin"/>
    <property name="os.name" value="Windows 10"/>
    <property name="java.vm.specification.version" value="17"/>
    <property name="sun.java.launcher" value="SUN_STANDARD"/>
    <property name="user.country" value="DE"/>
    <property name="mp.openapi.extensions.smallrye.defaultProduces" value="application/json"/>
    <property name="sun.boot.library.path" value="C:\Program Files\Java\jdk-17.0.1\bin"/>
    <property name="sun.java.command" value="C:\Users\Maik\AppData\Local\Temp\surefire9738371833761602838\surefirebooter-20220731191140869_3.jar C:\Users\Maik\AppData\Local\Temp\surefire9738371833761602838 2022-07-31T19-11-39_871-jvmRun1 surefire-20220731191140869_1tmp surefire_0-20220731191140869_2tmp"/>
    <property name="maven.home" value="C:\Users\Maik\.m2\wrapper\dists\apache-maven-3.8.4-bin\52ccbt68d252mdldqsfsn03jlf\apache-maven-3.8.4"/>
    <property name="jdk.debug" value="release"/>
    <property name="surefire.test.class.path" value="S:\Hochschule\7_Semester\SWA\Projekt\mybay_onlineshop\backend\target\test-classes;S:\Hochschule\7_Semester\SWA\Projekt\mybay_onlineshop\backend\target\classes;C:\Users\Maik\.m2\repository\io\quarkus\quarkus-hibernate-orm\2.10.1.Final\quarkus-hibernate-orm-2.10.1.Final.jar;C:\Users\Maik\.m2\repository\io\quarkus\quarkus-core\2.10.1.Final\quarkus-core-2.10.1.Final.jar;C:\Users\Maik\.m2\repository\jakarta\enterprise\jakarta.enterprise.cdi-api\2.0.2\jakarta.enterprise.cdi-api-2.0.2.jar;C:\Users\Maik\.m2\repository\jakarta\el\jakarta.el-api\3.0.3\jakarta.el-api-3.0.3.jar;C:\Users\Maik\.m2\repository\jakarta\inject\jakarta.inject-api\1.0\jakarta.inject-api-1.0.jar;C:\Users\Maik\.m2\repository\io\quarkus\quarkus-ide-launcher\2.10.1.Final\quarkus-ide-launcher-2.10.1.Final.jar;C:\Users\Maik\.m2\repository\io\quarkus\quarkus-development-mode-spi\2.10.1.Final\quarkus-development-mode-spi-2.10.1.Final.jar;C:\Users\Maik\.m2\repository\io\smallrye\config\smallrye-config\2.10.1\smallrye-config-2.10.1.jar;C:\Users\Maik\.m2\repository\io\smallrye\config\smallrye-config-core\2.10.1\smallrye-config-core-2.10.1.jar;C:\Users\Maik\.m2\repository\io\smallrye\common\smallrye-common-expression\1.12.0\smallrye-common-expression-1.12.0.jar;C:\Users\Maik\.m2\repository\io\smallrye\common\smallrye-common-function\1.12.0\smallrye-common-function-1.12.0.jar;C:\Users\Maik\.m2\repository\io\smallrye\common\smallrye-common-classloader\1.12.0\smallrye-common-classloader-1.12.0.jar;C:\Users\Maik\.m2\repository\io\smallrye\config\smallrye-config-common\2.10.1\smallrye-config-common-2.10.1.jar;C:\Users\Maik\.m2\repository\org\jboss\logging\jboss-logging\3.5.0.Final\jboss-logging-3.5.0.Final.jar;C:\Users\Maik\.m2\repository\org\jboss\logmanager\jboss-logmanager-embedded\1.0.10\jboss-logmanager-embedded-1.0.10.jar;C:\Users\Maik\.m2\repository\org\jboss\logging\jboss-logging-annotations\2.2.1.Final\jboss-logging-annotations-2.2.1.Final.jar;C:\Users\Maik\.m2\repository\org\jboss\threads\jboss-threads\3.4.2.Final\jboss-threads-3.4.2.Final.jar;C:\Users\Maik\.m2\repository\org\slf4j\slf4j-api\1.7.36\slf4j-api-1.7.36.jar;C:\Users\Maik\.m2\repository\org\jboss\slf4j\slf4j-jboss-logmanager\1.1.0.Final\slf4j-jboss-logmanager-1.1.0.Final.jar;C:\Users\Maik\.m2\repository\org\graalvm\sdk\graal-sdk\22.1.0\graal-sdk-22.1.0.jar;C:\Users\Maik\.m2\repository\org\wildfly\common\wildfly-common\1.5.4.Final-format-001\wildfly-common-1.5.4.Final-format-001.jar;C:\Users\Maik\.m2\repository\io\quarkus\quarkus-bootstrap-runner\2.10.1.Final\quarkus-bootstrap-runner-2.10.1.Final.jar;C:\Users\Maik\.m2\repository\io\quarkus\quarkus-fs-util\0.0.9\quarkus-fs-util-0.0.9.jar;C:\Users\Maik\.m2\repository\io\quarkus\quarkus-agroal\2.10.1.Final\quarkus-agroal-2.10.1.Final.jar;C:\Users\Maik\.m2\repository\io\quarkus\quarkus-datasource\2.10.1.Final\quarkus-datasource-2.10.1.Final.jar;C:\Users\Maik\.m2\repository\io\quarkus\quarkus-datasource-common\2.10.1.Final\quarkus-datasource-common-2.10.1.Final.jar;C:\Users\Maik\.m2\repository\io\agroal\agroal-api\1.16\agroal-api-1.16.jar;C:\Users\Maik\.m2\repository\io\agroal\agroal-narayana\1.16\agroal-narayana-1.16.jar;C:\Users\Maik\.m2\repository\org\jboss\jboss-transaction-spi\7.6.0.Final\jboss-transaction-spi-7.6.0.Final.jar;C:\Users\Maik\.m2\repository\io\agroal\agroal-pool\1.16\agroal-pool-1.16.jar;C:\Users\Maik\.m2\repository\io\quarkus\quarkus-credentials\2.10.1.Final\quarkus-credentials-2.10.1.Final.jar;C:\Users\Maik\.m2\repository\io\quarkus\quarkus-narayana-jta\2.10.1.Final\quarkus-narayana-jta-2.10.1.Final.jar;C:\Users\Maik\.m2\repository\io\quarkus\quarkus-transaction-annotations\2.10.1.Final\quarkus-transaction-annotations-2.10.1.Final.jar;C:\Users\Maik\.m2\repository\io\smallrye\smallrye-context-propagation-jta\1.2.2\smallrye-context-propagation-jta-1.2.2.jar;C:\Users\Maik\.m2\repository\io\smallrye\reactive\smallrye-reactive-converter-api\2.7.0\smallrye-reactive-converter-api-2.7.0.jar;C:\Users\Maik\.m2\repository\org\reactivestreams\reactive-streams\1.0.3\reactive-streams-1.0.3.jar;C:\Users\Maik\.m2\repository\io\smallrye\reactive\smallrye-reactive-converter-mutiny\2.7.0\smallrye-reactive-converter-mutiny-2.7.0.jar;C:\Users\Maik\.m2\repository\org\jboss\narayana\jta\narayana-jta\5.12.6.Final\narayana-jta-5.12.6.Final.jar;C:\Users\Maik\.m2\repository\org\jboss\spec\javax\resource\jboss-connector-api_1.7_spec\1.0.0.Final\jboss-connector-api_1.7_spec-1.0.0.Final.jar;C:\Users\Maik\.m2\repository\org\jboss\narayana\jts\narayana-jts-integration\5.12.6.Final\narayana-jts-integration-5.12.6.Final.jar;C:\Users\Maik\.m2\repository\org\hibernate\hibernate-core\5.6.9.Final\hibernate-core-5.6.9.Final.jar;C:\Users\Maik\.m2\repository\net\bytebuddy\byte-buddy\1.12.9\byte-buddy-1.12.9.jar;C:\Users\Maik\.m2\repository\antlr\antlr\2.7.7\antlr-2.7.7.jar;C:\Users\Maik\.m2\repository\com\fasterxml\classmate\1.5.1\classmate-1.5.1.jar;C:\Users\Maik\.m2\repository\org\hibernate\common\hibernate-commons-annotations\5.1.2.Final\hibernate-commons-annotations-5.1.2.Final.jar;C:\Users\Maik\.m2\repository\org\hibernate\hibernate-graalvm\5.6.9.Final\hibernate-graalvm-5.6.9.Final.jar;C:\Users\Maik\.m2\repository\org\glassfish\jaxb\jaxb-runtime\2.3.3-b02\jaxb-runtime-2.3.3-b02.jar;C:\Users\Maik\.m2\repository\org\glassfish\jaxb\txw2\2.3.3-b02\txw2-2.3.3-b02.jar;C:\Users\Maik\.m2\repository\com\sun\istack\istack-commons-runtime\3.0.10\istack-commons-runtime-3.0.10.jar;C:\Users\Maik\.m2\repository\com\sun\activation\jakarta.activation\1.2.1\jakarta.activation-1.2.1.jar;C:\Users\Maik\.m2\repository\org\jboss\spec\javax\xml\bind\jboss-jaxb-api_2.3_spec\2.0.0.Final\jboss-jaxb-api_2.3_spec-2.0.0.Final.jar;C:\Users\Maik\.m2\repository\jakarta\persistence\jakarta.persistence-api\2.2.3\jakarta.persistence-api-2.2.3.jar;C:\Users\Maik\.m2\repository\jakarta\transaction\jakarta.transaction-api\1.3.3\jakarta.transaction-api-1.3.3.jar;C:\Users\Maik\.m2\repository\org\hibernate\quarkus-local-cache\0.1.1\quarkus-local-cache-0.1.1.jar;C:\Users\Maik\.m2\repository\io\quarkus\quarkus-caffeine\2.10.1.Final\quarkus-caffeine-2.10.1.Final.jar;C:\Users\Maik\.m2\repository\com\github\ben-manes\caffeine\caffeine\2.9.3\caffeine-2.9.3.jar;C:\Users\Maik\.m2\repository\com\google\errorprone\error_prone_annotations\2.13.1\error_prone_annotations-2.13.1.jar;C:\Users\Maik\.m2\repository\io\quarkus\quarkus-oidc-client\2.10.1.Final\quarkus-oidc-client-2.10.1.Final.jar;C:\Users\Maik\.m2\repository\io\quarkus\quarkus-vertx\2.10.1.Final\quarkus-vertx-2.10.1.Final.jar;C:\Users\Maik\.m2\repository\io\quarkus\quarkus-netty\2.10.1.Final\quarkus-netty-2.10.1.Final.jar;C:\Users\Maik\.m2\repository\io\netty\netty-codec\4.1.74.Final\netty-codec-4.1.74.Final.jar;C:\Users\Maik\.m2\repository\io\netty\netty-common\4.1.74.Final\netty-common-4.1.74.Final.jar;C:\Users\Maik\.m2\repository\io\netty\netty-codec-http\4.1.74.Final\netty-codec-http-4.1.74.Final.jar;C:\Users\Maik\.m2\repository\io\netty\netty-codec-http2\4.1.74.Final\netty-codec-http2-4.1.74.Final.jar;C:\Users\Maik\.m2\repository\io\netty\netty-handler\4.1.74.Final\netty-handler-4.1.74.Final.jar;C:\Users\Maik\.m2\repository\io\netty\netty-resolver\4.1.74.Final\netty-resolver-4.1.74.Final.jar;C:\Users\Maik\.m2\repository\io\netty\netty-tcnative-classes\2.0.48.Final\netty-tcnative-classes-2.0.48.Final.jar;C:\Users\Maik\.m2\repository\io\netty\netty-codec-haproxy\4.1.74.Final\netty-codec-haproxy-4.1.74.Final.jar;C:\Users\Maik\.m2\repository\io\netty\netty-buffer\4.1.74.Final\netty-buffer-4.1.74.Final.jar;C:\Users\Maik\.m2\repository\io\netty\netty-transport\4.1.74.Final\netty-transport-4.1.74.Final.jar;C:\Users\Maik\.m2\repository\io\smallrye\common\smallrye-common-annotation\1.12.0\smallrye-common-annotation-1.12.0.jar;C:\Users\Maik\.m2\repository\io\smallrye\common\smallrye-common-vertx-context\1.12.0\smallrye-common-vertx-context-1.12.0.jar;C:\Users\Maik\.m2\repository\io\vertx\vertx-core\4.2.7\vertx-core-4.2.7.jar;C:\Users\Maik\.m2\repository\io\netty\netty-handler-proxy\4.1.74.Final\netty-handler-proxy-4.1.74.Final.jar;C:\Users\Maik\.m2\repository\io\netty\netty-codec-socks\4.1.74.Final\netty-codec-socks-4.1.74.Final.jar;C:\Users\Maik\.m2\repository\io\netty\netty-resolver-dns\4.1.74.Final\netty-resolver-dns-4.1.74.Final.jar;C:\Users\Maik\.m2\repository\io\netty\netty-codec-dns\4.1.74.Final\netty-codec-dns-4.1.74.Final.jar;C:\Users\Maik\.m2\repository\io\smallrye\common\smallrye-common-constraint\1.12.0\smallrye-common-constraint-1.12.0.jar;C:\Users\Maik\.m2\repository\io\smallrye\reactive\smallrye-mutiny-vertx-core\2.22.0\smallrye-mutiny-vertx-core-2.22.0.jar;C:\Users\Maik\.m2\repository\io\smallrye\reactive\smallrye-mutiny-vertx-runtime\2.22.0\smallrye-mutiny-vertx-runtime-2.22.0.jar;C:\Users\Maik\.m2\repository\io\smallrye\reactive\vertx-mutiny-generator\2.22.0\vertx-mutiny-generator-2.22.0.jar;C:\Users\Maik\.m2\repository\io\vertx\vertx-codegen\4.2.7\vertx-codegen-4.2.7.jar;C:\Users\Maik\.m2\repository\io\smallrye\smallrye-fault-tolerance-vertx\5.4.1\smallrye-fault-tolerance-vertx-5.4.1.jar;C:\Users\Maik\.m2\repository\io\quarkus\quarkus-oidc-common\2.10.1.Final\quarkus-oidc-common-2.10.1.Final.jar;C:\Users\Maik\.m2\repository\io\smallrye\reactive\smallrye-mutiny-vertx-web-client\2.22.0\smallrye-mutiny-vertx-web-client-2.22.0.jar;C:\Users\Maik\.m2\repository\io\vertx\vertx-web-client\4.2.7\vertx-web-client-4.2.7.jar;C:\Users\Maik\.m2\repository\io\smallrye\reactive\smallrye-mutiny-vertx-auth-common\2.22.0\smallrye-mutiny-vertx-auth-common-2.22.0.jar;C:\Users\Maik\.m2\repository\io\smallrye\reactive\smallrye-mutiny-vertx-web-common\2.22.0\smallrye-mutiny-vertx-web-common-2.22.0.jar;C:\Users\Maik\.m2\repository\io\quarkus\quarkus-smallrye-jwt-build\2.10.1.Final\quarkus-smallrye-jwt-build-2.10.1.Final.jar;C:\Users\Maik\.m2\repository\io\smallrye\smallrye-jwt-build\3.5.1\smallrye-jwt-build-3.5.1.jar;C:\Users\Maik\.m2\repository\io\quarkus\quarkus-keycloak-authorization\2.10.1.Final\quarkus-keycloak-authorization-2.10.1.Final.jar;C:\Users\Maik\.m2\repository\org\keycloak\keycloak-adapter-core\18.0.1\keycloak-adapter-core-18.0.1.jar;C:\Users\Maik\.m2\repository\org\keycloak\keycloak-core\18.0.1\keycloak-core-18.0.1.jar;C:\Users\Maik\.m2\repository\org\keycloak\keycloak-common\18.0.1\keycloak-common-18.0.1.jar;C:\Users\Maik\.m2\repository\org\bouncycastle\bcprov-jdk15on\1.70\bcprov-jdk15on-1.70.jar;C:\Users\Maik\.m2\repository\org\bouncycastle\bcpkix-jdk15on\1.70\bcpkix-jdk15on-1.70.jar;C:\Users\Maik\.m2\repository\org\bouncycastle\bcutil-jdk15on\1.70\bcutil-jdk15on-1.70.jar;C:\Users\Maik\.m2\repository\com\fasterxml\jackson\core\jackson-core\2.13.3\jackson-core-2.13.3.jar;C:\Users\Maik\.m2\repository\com\fasterxml\jackson\core\jackson-databind\2.13.3\jackson-databind-2.13.3.jar;C:\Users\Maik\.m2\repository\org\keycloak\keycloak-adapter-spi\18.0.1\keycloak-adapter-spi-18.0.1.jar;C:\Users\Maik\.m2\repository\org\keycloak\keycloak-authz-client\18.0.1\keycloak-authz-client-18.0.1.jar;C:\Users\Maik\.m2\repository\io\quarkus\quarkus-apache-httpclient\2.10.1.Final\quarkus-apache-httpclient-2.10.1.Final.jar;C:\Users\Maik\.m2\repository\org\jboss\logging\commons-logging-jboss-logging\1.0.0.Final\commons-logging-jboss-logging-1.0.0.Final.jar;C:\Users\Maik\.m2\repository\io\quarkus\quarkus-rest-client\2.10.1.Final\quarkus-rest-client-2.10.1.Final.jar;C:\Users\Maik\.m2\repository\io\quarkus\quarkus-resteasy-common\2.10.1.Final\quarkus-resteasy-common-2.10.1.Final.jar;C:\Users\Maik\.m2\repository\org\jboss\resteasy\resteasy-core\4.7.5.Final\resteasy-core-4.7.5.Final.jar;C:\Users\Maik\.m2\repository\org\jboss\spec\javax\ws\rs\jboss-jaxrs-api_2.1_spec\2.0.1.Final\jboss-jaxrs-api_2.1_spec-2.0.1.Final.jar;C:\Users\Maik\.m2\repository\org\jboss\resteasy\resteasy-core-spi\4.7.5.Final\resteasy-core-spi-4.7.5.Final.jar;C:\Users\Maik\.m2\repository\com\ibm\async\asyncutil\0.1.0\asyncutil-0.1.0.jar;C:\Users\Maik\.m2\repository\io\quarkus\quarkus-rest-client-config\2.10.1.Final\quarkus-rest-client-config-2.10.1.Final.jar;C:\Users\Maik\.m2\repository\org\eclipse\microprofile\rest\client\microprofile-rest-client-api\2.0\microprofile-rest-client-api-2.0.jar;C:\Users\Maik\.m2\repository\org\jboss\jandex\2.4.2.Final\jandex-2.4.2.Final.jar;C:\Users\Maik\.m2\repository\org\jboss\resteasy\resteasy-client-microprofile\4.7.5.Final\resteasy-client-microprofile-4.7.5.Final.jar;C:\Users\Maik\.m2\repository\org\jboss\resteasy\resteasy-client-microprofile-base\4.7.5.Final\resteasy-client-microprofile-base-4.7.5.Final.jar;C:\Users\Maik\.m2\repository\org\jboss\resteasy\resteasy-client\4.7.5.Final\resteasy-client-4.7.5.Final.jar;C:\Users\Maik\.m2\repository\org\jboss\resteasy\resteasy-client-api\4.7.5.Final\resteasy-client-api-4.7.5.Final.jar;C:\Users\Maik\.m2\repository\org\jboss\resteasy\resteasy-cdi\4.7.5.Final\resteasy-cdi-4.7.5.Final.jar;C:\Users\Maik\.m2\repository\jakarta\interceptor\jakarta.interceptor-api\1.2.5\jakarta.interceptor-api-1.2.5.jar;C:\Users\Maik\.m2\repository\org\apache\httpcomponents\httpasyncclient\4.1.5\httpasyncclient-4.1.5.jar;C:\Users\Maik\.m2\repository\org\apache\httpcomponents\httpcore\4.4.15\httpcore-4.4.15.jar;C:\Users\Maik\.m2\repository\org\apache\httpcomponents\httpcore-nio\4.4.15\httpcore-nio-4.4.15.jar;C:\Users\Maik\.m2\repository\io\quarkus\quarkus-resteasy-jsonb\2.10.1.Final\quarkus-resteasy-jsonb-2.10.1.Final.jar;C:\Users\Maik\.m2\repository\io\quarkus\quarkus-jsonb\2.10.1.Final\quarkus-jsonb-2.10.1.Final.jar;C:\Users\Maik\.m2\repository\org\eclipse\yasson\1.0.11\yasson-1.0.11.jar;C:\Users\Maik\.m2\repository\org\jboss\resteasy\resteasy-json-binding-provider\4.7.5.Final\resteasy-json-binding-provider-4.7.5.Final.jar;C:\Users\Maik\.m2\repository\jakarta\json\bind\jakarta.json.bind-api\1.0.2\jakarta.json.bind-api-1.0.2.jar;C:\Users\Maik\.m2\repository\org\jboss\resteasy\resteasy-json-p-provider\4.7.5.Final\resteasy-json-p-provider-4.7.5.Final.jar;C:\Users\Maik\.m2\repository\commons-io\commons-io\2.11.0\commons-io-2.11.0.jar;C:\Users\Maik\.m2\repository\io\quarkus\quarkus-smallrye-openapi\2.10.1.Final\quarkus-smallrye-openapi-2.10.1.Final.jar;C:\Users\Maik\.m2\repository\io\smallrye\smallrye-open-api-core\2.1.22\smallrye-open-api-core-2.1.22.jar;C:\Users\Maik\.m2\repository\org\eclipse\microprofile\openapi\microprofile-openapi-api\2.0.1\microprofile-openapi-api-2.0.1.jar;C:\Users\Maik\.m2\repository\org\eclipse\microprofile\config\microprofile-config-api\2.0.1\microprofile-config-api-2.0.1.jar;C:\Users\Maik\.m2\repository\com\fasterxml\jackson\dataformat\jackson-dataformat-yaml\2.13.3\jackson-dataformat-yaml-2.13.3.jar;C:\Users\Maik\.m2\repository\org\yaml\snakeyaml\1.30\snakeyaml-1.30.jar;C:\Users\Maik\.m2\repository\io\quarkus\quarkus-vertx-http\2.10.1.Final\quarkus-vertx-http-2.10.1.Final.jar;C:\Users\Maik\.m2\repository\io\quarkus\quarkus-security-runtime-spi\2.10.1.Final\quarkus-security-runtime-spi-2.10.1.Final.jar;C:\Users\Maik\.m2\repository\io\quarkus\quarkus-vertx-http-dev-console-runtime-spi\2.10.1.Final\quarkus-vertx-http-dev-console-runtime-spi-2.10.1.Final.jar;C:\Users\Maik\.m2\repository\io\quarkus\security\quarkus-security\1.1.4.Final\quarkus-security-1.1.4.Final.jar;C:\Users\Maik\.m2\repository\io\smallrye\reactive\smallrye-mutiny-vertx-web\2.22.0\smallrye-mutiny-vertx-web-2.22.0.jar;C:\Users\Maik\.m2\repository\io\smallrye\reactive\smallrye-mutiny-vertx-bridge-common\2.22.0\smallrye-mutiny-vertx-bridge-common-2.22.0.jar;C:\Users\Maik\.m2\repository\io\vertx\vertx-web\4.2.7\vertx-web-4.2.7.jar;C:\Users\Maik\.m2\repository\io\vertx\vertx-web-common\4.2.7\vertx-web-common-4.2.7.jar;C:\Users\Maik\.m2\repository\io\vertx\vertx-auth-common\4.2.7\vertx-auth-common-4.2.7.jar;C:\Users\Maik\.m2\repository\io\vertx\vertx-bridge-common\4.2.7\vertx-bridge-common-4.2.7.jar;C:\Users\Maik\.m2\repository\io\github\crac\org-crac\0.1.1\org-crac-0.1.1.jar;C:\Users\Maik\.m2\repository\io\quarkus\quarkus-swagger-ui\2.10.1.Final\quarkus-swagger-ui-2.10.1.Final.jar;C:\Users\Maik\.m2\repository\io\quarkus\quarkus-oidc\2.10.1.Final\quarkus-oidc-2.10.1.Final.jar;C:\Users\Maik\.m2\repository\io\quarkus\quarkus-security\2.10.1.Final\quarkus-security-2.10.1.Final.jar;C:\Users\Maik\.m2\repository\io\quarkus\quarkus-jsonp\2.10.1.Final\quarkus-jsonp-2.10.1.Final.jar;C:\Users\Maik\.m2\repository\org\glassfish\jakarta.json\1.1.6\jakarta.json-1.1.6.jar;C:\Users\Maik\.m2\repository\io\smallrye\smallrye-jwt\3.5.1\smallrye-jwt-3.5.1.jar;C:\Users\Maik\.m2\repository\org\eclipse\microprofile\jwt\microprofile-jwt-auth-api\1.2\microprofile-jwt-auth-api-1.2.jar;C:\Users\Maik\.m2\repository\org\bitbucket\b_c\jose4j\0.7.12\jose4j-0.7.12.jar;C:\Users\Maik\.m2\repository\io\smallrye\smallrye-jwt-common\3.5.1\smallrye-jwt-common-3.5.1.jar;C:\Users\Maik\.m2\repository\jakarta\annotation\jakarta.annotation-api\1.3.5\jakarta.annotation-api-1.3.5.jar;C:\Users\Maik\.m2\repository\io\quarkus\quarkus-hibernate-orm-panache\2.10.1.Final\quarkus-hibernate-orm-panache-2.10.1.Final.jar;C:\Users\Maik\.m2\repository\io\quarkus\quarkus-hibernate-orm-panache-common\2.10.1.Final\quarkus-hibernate-orm-panache-common-2.10.1.Final.jar;C:\Users\Maik\.m2\repository\io\quarkus\quarkus-panache-hibernate-common\2.10.1.Final\quarkus-panache-hibernate-common-2.10.1.Final.jar;C:\Users\Maik\.m2\repository\io\quarkus\quarkus-panache-common\2.10.1.Final\quarkus-panache-common-2.10.1.Final.jar;C:\Users\Maik\.m2\repository\io\quarkus\quarkus-resteasy\2.10.1.Final\quarkus-resteasy-2.10.1.Final.jar;C:\Users\Maik\.m2\repository\io\quarkus\quarkus-resteasy-server-common\2.10.1.Final\quarkus-resteasy-server-common-2.10.1.Final.jar;C:\Users\Maik\.m2\repository\jakarta\validation\jakarta.validation-api\2.0.2\jakarta.validation-api-2.0.2.jar;C:\Users\Maik\.m2\repository\io\quarkus\quarkus-arc\2.10.1.Final\quarkus-arc-2.10.1.Final.jar;C:\Users\Maik\.m2\repository\io\quarkus\arc\arc\2.10.1.Final\arc-2.10.1.Final.jar;C:\Users\Maik\.m2\repository\org\eclipse\microprofile\context-propagation\microprofile-context-propagation-api\1.2\microprofile-context-propagation-api-1.2.jar;C:\Users\Maik\.m2\repository\io\quarkus\quarkus-rest-client-jackson\2.10.1.Final\quarkus-rest-client-jackson-2.10.1.Final.jar;C:\Users\Maik\.m2\repository\io\quarkus\quarkus-jackson\2.10.1.Final\quarkus-jackson-2.10.1.Final.jar;C:\Users\Maik\.m2\repository\com\fasterxml\jackson\datatype\jackson-datatype-jsr310\2.13.3\jackson-datatype-jsr310-2.13.3.jar;C:\Users\Maik\.m2\repository\com\fasterxml\jackson\datatype\jackson-datatype-jdk8\2.13.3\jackson-datatype-jdk8-2.13.3.jar;C:\Users\Maik\.m2\repository\com\fasterxml\jackson\module\jackson-module-parameter-names\2.13.3\jackson-module-parameter-names-2.13.3.jar;C:\Users\Maik\.m2\repository\org\jboss\resteasy\resteasy-jackson2-provider\4.7.5.Final\resteasy-jackson2-provider-4.7.5.Final.jar;C:\Users\Maik\.m2\repository\com\fasterxml\jackson\core\jackson-annotations\2.13.3\jackson-annotations-2.13.3.jar;C:\Users\Maik\.m2\repository\com\fasterxml\jackson\jaxrs\jackson-jaxrs-json-provider\2.13.3\jackson-jaxrs-json-provider-2.13.3.jar;C:\Users\Maik\.m2\repository\com\fasterxml\jackson\jaxrs\jackson-jaxrs-base\2.13.3\jackson-jaxrs-base-2.13.3.jar;C:\Users\Maik\.m2\repository\com\fasterxml\jackson\module\jackson-module-jaxb-annotations\2.13.3\jackson-module-jaxb-annotations-2.13.3.jar;C:\Users\Maik\.m2\repository\com\github\java-json-tools\json-patch\1.13\json-patch-1.13.jar;C:\Users\Maik\.m2\repository\com\github\java-json-tools\msg-simple\1.2\msg-simple-1.2.jar;C:\Users\Maik\.m2\repository\com\github\java-json-tools\btf\1.3\btf-1.3.jar;C:\Users\Maik\.m2\repository\com\github\java-json-tools\jackson-coreutils\2.0\jackson-coreutils-2.0.jar;C:\Users\Maik\.m2\repository\io\quarkus\quarkus-jdbc-postgresql\2.10.1.Final\quarkus-jdbc-postgresql-2.10.1.Final.jar;C:\Users\Maik\.m2\repository\org\postgresql\postgresql\42.3.6\postgresql-42.3.6.jar;C:\Users\Maik\.m2\repository\io\quarkus\quarkus-mailer\2.10.1.Final\quarkus-mailer-2.10.1.Final.jar;C:\Users\Maik\.m2\repository\io\quarkus\quarkus-qute\2.10.1.Final\quarkus-qute-2.10.1.Final.jar;C:\Users\Maik\.m2\repository\io\quarkus\qute\qute-core\2.10.1.Final\qute-core-2.10.1.Final.jar;C:\Users\Maik\.m2\repository\io\quarkus\quarkus-mutiny\2.10.1.Final\quarkus-mutiny-2.10.1.Final.jar;C:\Users\Maik\.m2\repository\io\smallrye\reactive\mutiny\1.6.0\mutiny-1.6.0.jar;C:\Users\Maik\.m2\repository\io\quarkus\quarkus-smallrye-context-propagation\2.10.1.Final\quarkus-smallrye-context-propagation-2.10.1.Final.jar;C:\Users\Maik\.m2\repository\io\smallrye\smallrye-context-propagation\1.2.2\smallrye-context-propagation-1.2.2.jar;C:\Users\Maik\.m2\repository\io\smallrye\smallrye-context-propagation-api\1.2.2\smallrye-context-propagation-api-1.2.2.jar;C:\Users\Maik\.m2\repository\io\smallrye\smallrye-context-propagation-storage\1.2.2\smallrye-context-propagation-storage-1.2.2.jar;C:\Users\Maik\.m2\repository\io\smallrye\reactive\mutiny-smallrye-context-propagation\1.6.0\mutiny-smallrye-context-propagation-1.6.0.jar;C:\Users\Maik\.m2\repository\io\smallrye\reactive\smallrye-mutiny-vertx-mail-client\2.22.0\smallrye-mutiny-vertx-mail-client-2.22.0.jar;C:\Users\Maik\.m2\repository\io\vertx\vertx-mail-client\4.2.7\vertx-mail-client-4.2.7.jar;C:\Users\Maik\.m2\repository\io\quarkus\quarkus-junit5\2.10.1.Final\quarkus-junit5-2.10.1.Final.jar;C:\Users\Maik\.m2\repository\io\quarkus\quarkus-bootstrap-core\2.10.1.Final\quarkus-bootstrap-core-2.10.1.Final.jar;C:\Users\Maik\.m2\repository\io\quarkus\quarkus-bootstrap-app-model\2.10.1.Final\quarkus-bootstrap-app-model-2.10.1.Final.jar;C:\Users\Maik\.m2\repository\io\quarkus\quarkus-bootstrap-maven-resolver\2.10.1.Final\quarkus-bootstrap-maven-resolver-2.10.1.Final.jar;C:\Users\Maik\.m2\repository\org\apache\maven\maven-embedder\3.8.4\maven-embedder-3.8.4.jar;C:\Users\Maik\.m2\repository\org\apache\maven\maven-settings\3.8.4\maven-settings-3.8.4.jar;C:\Users\Maik\.m2\repository\org\apache\maven\maven-core\3.8.4\maven-core-3.8.4.jar;C:\Users\Maik\.m2\repository\org\apache\maven\maven-artifact\3.8.4\maven-artifact-3.8.4.jar;C:\Users\Maik\.m2\repository\org\codehaus\plexus\plexus-component-annotations\2.1.0\plexus-component-annotations-2.1.0.jar;C:\Users\Maik\.m2\repository\org\apache\maven\maven-plugin-api\3.8.4\maven-plugin-api-3.8.4.jar;C:\Users\Maik\.m2\repository\org\apache\maven\maven-model\3.8.4\maven-model-3.8.4.jar;C:\Users\Maik\.m2\repository\org\apache\maven\maven-model-builder\3.8.4\maven-model-builder-3.8.4.jar;C:\Users\Maik\.m2\repository\org\apache\maven\maven-builder-support\3.8.4\maven-builder-support-3.8.4.jar;C:\Users\Maik\.m2\repository\org\apache\maven\resolver\maven-resolver-api\1.6.3\maven-resolver-api-1.6.3.jar;C:\Users\Maik\.m2\repository\org\apache\maven\resolver\maven-resolver-util\1.6.3\maven-resolver-util-1.6.3.jar;C:\Users\Maik\.m2\repository\org\apache\maven\shared\maven-shared-utils\3.3.4\maven-shared-utils-3.3.4.jar;C:\Users\Maik\.m2\repository\com\google\inject\guice\4.2.2\guice-4.2.2-no_aop.jar;C:\Users\Maik\.m2\repository\com\google\guava\guava\31.1-jre\guava-31.1-jre.jar;C:\Users\Maik\.m2\repository\com\google\guava\failureaccess\1.0.1\failureaccess-1.0.1.jar;C:\Users\Maik\.m2\repository\org\codehaus\plexus\plexus-classworlds\2.6.0\plexus-classworlds-2.6.0.jar;C:\Users\Maik\.m2\repository\org\codehaus\plexus\plexus-sec-dispatcher\2.0\plexus-sec-dispatcher-2.0.jar;C:\Users\Maik\.m2\repository\org\codehaus\plexus\plexus-cipher\2.0\plexus-cipher-2.0.jar;C:\Users\Maik\.m2\repository\commons-cli\commons-cli\1.4\commons-cli-1.4.jar;C:\Users\Maik\.m2\repository\org\eclipse\sisu\org.eclipse.sisu.plexus\0.3.5\org.eclipse.sisu.plexus-0.3.5.jar;C:\Users\Maik\.m2\repository\org\apache\maven\maven-settings-builder\3.8.4\maven-settings-builder-3.8.4.jar;C:\Users\Maik\.m2\repository\org\codehaus\plexus\plexus-interpolation\1.26\plexus-interpolation-1.26.jar;C:\Users\Maik\.m2\repository\org\apache\maven\maven-resolver-provider\3.8.4\maven-resolver-provider-3.8.4.jar;C:\Users\Maik\.m2\repository\org\apache\maven\maven-repository-metadata\3.8.4\maven-repository-metadata-3.8.4.jar;C:\Users\Maik\.m2\repository\org\apache\maven\resolver\maven-resolver-spi\1.6.3\maven-resolver-spi-1.6.3.jar;C:\Users\Maik\.m2\repository\org\apache\maven\resolver\maven-resolver-impl\1.6.3\maven-resolver-impl-1.6.3.jar;C:\Users\Maik\.m2\repository\org\codehaus\plexus\plexus-utils\3.3.0\plexus-utils-3.3.0.jar;C:\Users\Maik\.m2\repository\org\apache\maven\resolver\maven-resolver-connector-basic\1.6.3\maven-resolver-connector-basic-1.6.3.jar;C:\Users\Maik\.m2\repository\org\apache\maven\resolver\maven-resolver-transport-wagon\1.6.3\maven-resolver-transport-wagon-1.6.3.jar;C:\Users\Maik\.m2\repository\org\apache\maven\wagon\wagon-http\3.4.3\wagon-http-3.4.3.jar;C:\Users\Maik\.m2\repository\org\apache\maven\wagon\wagon-http-shared\3.4.3\wagon-http-shared-3.4.3.jar;C:\Users\Maik\.m2\repository\org\jsoup\jsoup\1.14.2\jsoup-1.14.2.jar;C:\Users\Maik\.m2\repository\org\apache\maven\wagon\wagon-provider-api\3.4.3\wagon-provider-api-3.4.3.jar;C:\Users\Maik\.m2\repository\org\apache\maven\wagon\wagon-file\3.4.3\wagon-file-3.4.3.jar;C:\Users\Maik\.m2\repository\io\quarkus\quarkus-bootstrap-gradle-resolver\2.10.1.Final\quarkus-bootstrap-gradle-resolver-2.10.1.Final.jar;C:\Users\Maik\.m2\repository\io\smallrye\common\smallrye-common-io\1.12.0\smallrye-common-io-1.12.0.jar;C:\Users\Maik\.m2\repository\org\eclipse\sisu\org.eclipse.sisu.inject\0.3.5\org.eclipse.sisu.inject-0.3.5.jar;C:\Users\Maik\.m2\repository\io\quarkus\quarkus-test-common\2.10.1.Final\quarkus-test-common-2.10.1.Final.jar;C:\Users\Maik\.m2\repository\io\quarkus\quarkus-core-deployment\2.10.1.Final\quarkus-core-deployment-2.10.1.Final.jar;C:\Users\Maik\.m2\repository\org\aesh\readline\2.2\readline-2.2.jar;C:\Users\Maik\.m2\repository\org\fusesource\jansi\jansi\1.18\jansi-1.18.jar;C:\Users\Maik\.m2\repository\org\aesh\aesh\2.6\aesh-2.6.jar;C:\Users\Maik\.m2\repository\io\quarkus\gizmo\gizmo\1.0.11.Final\gizmo-1.0.11.Final.jar;C:\Users\Maik\.m2\repository\org\ow2\asm\asm-util\9.3\asm-util-9.3.jar;C:\Users\Maik\.m2\repository\org\ow2\asm\asm\9.3\asm-9.3.jar;C:\Users\Maik\.m2\repository\org\ow2\asm\asm-commons\9.3\asm-commons-9.3.jar;C:\Users\Maik\.m2\repository\org\ow2\asm\asm-tree\9.3\asm-tree-9.3.jar;C:\Users\Maik\.m2\repository\org\ow2\asm\asm-analysis\9.3\asm-analysis-9.3.jar;C:\Users\Maik\.m2\repository\io\quarkus\quarkus-class-change-agent\2.10.1.Final\quarkus-class-change-agent-2.10.1.Final.jar;C:\Users\Maik\.m2\repository\io\quarkus\quarkus-devtools-utilities\2.10.1.Final\quarkus-devtools-utilities-2.10.1.Final.jar;C:\Users\Maik\.m2\repository\io\quarkus\quarkus-builder\2.10.1.Final\quarkus-builder-2.10.1.Final.jar;C:\Users\Maik\.m2\repository\org\junit\platform\junit-platform-launcher\1.8.2\junit-platform-launcher-1.8.2.jar;C:\Users\Maik\.m2\repository\io\quarkus\quarkus-junit5-properties\2.10.1.Final\quarkus-junit5-properties-2.10.1.Final.jar;C:\Users\Maik\.m2\repository\org\junit\jupiter\junit-jupiter\5.8.2\junit-jupiter-5.8.2.jar;C:\Users\Maik\.m2\repository\org\junit\jupiter\junit-jupiter-api\5.8.2\junit-jupiter-api-5.8.2.jar;C:\Users\Maik\.m2\repository\org\opentest4j\opentest4j\1.2.0\opentest4j-1.2.0.jar;C:\Users\Maik\.m2\repository\org\junit\platform\junit-platform-commons\1.8.2\junit-platform-commons-1.8.2.jar;C:\Users\Maik\.m2\repository\org\apiguardian\apiguardian-api\1.1.2\apiguardian-api-1.1.2.jar;C:\Users\Maik\.m2\repository\org\junit\jupiter\junit-jupiter-params\5.8.2\junit-jupiter-params-5.8.2.jar;C:\Users\Maik\.m2\repository\org\junit\jupiter\junit-jupiter-engine\5.8.2\junit-jupiter-engine-5.8.2.jar;C:\Users\Maik\.m2\repository\org\junit\platform\junit-platform-engine\1.8.2\junit-platform-engine-1.8.2.jar;C:\Users\Maik\.m2\repository\com\thoughtworks\xstream\xstream\1.4.19\xstream-1.4.19.jar;C:\Users\Maik\.m2\repository\io\github\x-stream\mxparser\1.2.2\mxparser-1.2.2.jar;C:\Users\Maik\.m2\repository\xmlpull\xmlpull\1.1.3.1\xmlpull-1.1.3.1.jar;C:\Users\Maik\.m2\repository\io\rest-assured\rest-assured\4.5.1\rest-assured-4.5.1.jar;C:\Users\Maik\.m2\repository\org\codehaus\groovy\groovy\3.0.9\groovy-3.0.9.jar;C:\Users\Maik\.m2\repository\org\codehaus\groovy\groovy-xml\3.0.9\groovy-xml-3.0.9.jar;C:\Users\Maik\.m2\repository\org\apache\httpcomponents\httpclient\4.5.13\httpclient-4.5.13.jar;C:\Users\Maik\.m2\repository\commons-codec\commons-codec\1.15\commons-codec-1.15.jar;C:\Users\Maik\.m2\repository\org\apache\httpcomponents\httpmime\4.5.13\httpmime-4.5.13.jar;C:\Users\Maik\.m2\repository\org\hamcrest\hamcrest\2.1\hamcrest-2.1.jar;C:\Users\Maik\.m2\repository\org\ccil\cowan\tagsoup\tagsoup\1.2.1\tagsoup-1.2.1.jar;C:\Users\Maik\.m2\repository\io\rest-assured\json-path\4.5.1\json-path-4.5.1.jar;C:\Users\Maik\.m2\repository\org\codehaus\groovy\groovy-json\3.0.9\groovy-json-3.0.9.jar;C:\Users\Maik\.m2\repository\io\rest-assured\rest-assured-common\4.5.1\rest-assured-common-4.5.1.jar;C:\Users\Maik\.m2\repository\io\rest-assured\xml-path\4.5.1\xml-path-4.5.1.jar;C:\Users\Maik\.m2\repository\org\apache\commons\commons-lang3\3.12.0\commons-lang3-3.12.0.jar;C:\Users\Maik\.m2\repository\io\quarkus\quarkus-test-security\2.10.1.Final\quarkus-test-security-2.10.1.Final.jar;C:\Users\Maik\.m2\repository\io\quarkus\quarkus-test-keycloak-server\2.10.1.Final\quarkus-test-keycloak-server-2.10.1.Final.jar;C:\Users\Maik\.m2\repository\org\testcontainers\testcontainers\1.17.2\testcontainers-1.17.2.jar;C:\Users\Maik\.m2\repository\junit\junit\4.13.2\junit-4.13.2.jar;C:\Users\Maik\.m2\repository\org\apache\commons\commons-compress\1.21\commons-compress-1.21.jar;C:\Users\Maik\.m2\repository\org\rnorth\duct-tape\duct-tape\1.0.8\duct-tape-1.0.8.jar;C:\Users\Maik\.m2\repository\org\jetbrains\annotations\17.0.0\annotations-17.0.0.jar;C:\Users\Maik\.m2\repository\com\github\docker-java\docker-java-api\3.2.13\docker-java-api-3.2.13.jar;C:\Users\Maik\.m2\repository\com\github\docker-java\docker-java-transport-zerodep\3.2.13\docker-java-transport-zerodep-3.2.13.jar;C:\Users\Maik\.m2\repository\com\github\docker-java\docker-java-transport\3.2.13\docker-java-transport-3.2.13.jar;C:\Users\Maik\.m2\repository\net\java\dev\jna\jna\5.8.0\jna-5.8.0.jar;"/>
    <property name="sun.cpu.endian" value="little"/>
    <property name="user.home" value="C:\Users\Maik"/>
    <property name="user.language" value="de"/>
    <property name="java.specification.vendor" value="Oracle Corporation"/>
    <property name="io.netty.allocator.maxOrder" value="3"/>
    <property name="java.version.date" value="2021-10-19"/>
    <property name="java.home" value="C:\Program Files\Java\jdk-17.0.1"/>
    <property name="file.separator" value="\"/>
    <property name="basedir" value="S:\Hochschule\7_Semester\SWA\Projekt\mybay_onlineshop\backend"/>
    <property name="java.vm.compressedOopsMode" value="Zero based"/>
    <property name="line.separator" value="&#10;"/>
    <property name="java.vm.specification.vendor" value="Oracle Corporation"/>
    <property name="java.specification.name" value="Java Platform API Specification"/>
    <property name="surefire.real.class.path" value="C:\Users\Maik\AppData\Local\Temp\surefire9738371833761602838\surefirebooter-20220731191140869_3.jar"/>
    <property name="user.script" value=""/>
    <property name="sun.management.compiler" value="HotSpot 64-Bit Tiered Compilers"/>
    <property name="java.runtime.version" value="17.0.1+12-39"/>
    <property name="user.name" value="Maik"/>
    <property name="path.separator" value=";"/>
    <property name="os.version" value="10.0"/>
    <property name="java.runtime.name" value="OpenJDK Runtime Environment"/>
    <property name="file.encoding" value="Cp1252"/>
    <property name="java.vm.name" value="OpenJDK 64-Bit Server VM"/>
    <property name="localRepository" value="C:\Users\Maik\.m2\repository"/>
    <property name="java.vendor.url.bug" value="https://bugreport.java.com/bugreport/"/>
    <property name="java.io.tmpdir" value="C:\Users\Maik\AppData\Local\Temp\"/>
    <property name="quarkus.log.file.path" value="target\quarkus.log"/>
    <property name="java.version" value="17.0.1"/>
    <property name="java.util.concurrent.ForkJoinPool.common.threadFactory" value="io.quarkus.bootstrap.forkjoin.QuarkusForkJoinWorkerThreadFactory"/>
    <property name="user.dir" value="S:\Hochschule\7_Semester\SWA\Projekt\mybay_onlineshop\backend"/>
    <property name="os.arch" value="amd64"/>
    <property name="hibernate.bytecode.provider" value="none"/>
    <property name="java.vm.specification.name" value="Java Virtual Machine Specification"/>
    <property name="vertx.disableDnsResolver" value="true"/>
    <property name="sun.os.patch.level" value=""/>
    <property name="native.encoding" value="Cp1252"/>
    <property name="java.util.logging.manager" value="org.jboss.logmanager.LogManager"/>
    <property name="java.library.path" value="C:\Program Files\Java\jdk-17.0.1\bin;C:\WINDOWS\Sun\Java\bin;C:\WINDOWS\system32;C:\WINDOWS;C:\Users\Maik\bin;C:\Program Files\Git\mingw64\bin;C:\Program Files\Git\usr\local\bin;C:\Program Files\Git\usr\bin;C:\Program Files\Git\usr\bin;C:\Program Files\Git\mingw64\bin;C:\Program Files\Git\usr\bin;C:\Users\Maik\bin;C:\Program Files (x86)\VMware\VMware Player\bin;C:\Python310\Scripts;C:\Python310;C:\Program Files (x86)\Common Files\Intel\Shared Libraries\redist\intel64_win\compiler;C:\Python39\Scripts;C:\Python39;C:\WINDOWS\system32;C:\WINDOWS;C:\WINDOWS\System32\Wbem;C:\WINDOWS\System32\WindowsPowerShell\v1.0;C:\WINDOWS\System32\OpenSSH;C:\ProgramData\chocolatey\bin;C:\Program Files\PuTTY;C:\Program Files\apache-maven-3.8.3\bin;C:\Program Files\Java\jdk-17.0.1\bin;C:\Program Files\nodejs;C:\Program Files\OpenSSL-Win64\bin;C:\Users\Maik\AppData\Local\Android\Sdk\platform-tools;C:\Users\Maik\AppData\Local\Android\Sdk\build-tools;C:\xampp\php;C:\ProgramData\ComposerSetup\bin;C:\Program Files (x86)\dotnet;C:\Program Files\Docker\Docker\resources\bin;C:\ProgramData\DockerDesktop\version-bin;C:\Program Files\Git\cmd;C:\Users\Maik\AppData\Local\Microsoft\WindowsApps;C:\Users\Maik\AppData\Local\Programs\Microsoft VS Code\bin;C:\Users\Maik\AppData\Roaming\npm;C:\Users\Maik\AppData\Roaming\Composer\vendor\bin;C:\Program Files\heroku\bin;C:\Users\Maik\AppData\Local\Programs\oh-my-posh\bin;C:\Users\Maik\AppData\Local\JetBrains\Toolbox\scripts;C:\Program Files\Git\usr\bin\vendor_perl;C:\Program Files\Git\usr\bin\core_perl;."/>
    <property name="java.vm.info" value="mixed mode, sharing"/>
    <property name="java.vendor" value="Oracle Corporation"/>
    <property name="vertx.disableTCCL" value="true"/>
    <property name="java.vm.version" value="17.0.1+12-39"/>
    <property name="sun.io.unicode.encoding" value="UnicodeLittle"/>
    <property name="io.netty.machineId" value="95:9d:df:ee:ce:ea:03:9f"/>
    <property name="java.class.version" value="61.0"/>
    <property name="mp.openapi.extensions.smallrye.defaultConsumes" value="application/json"/>
  </properties>
  <testcase name="testCreateArtikel" classname="de.hsos.swa.AnlegenResourceTest" time="3.796">
    <failure message="1 expectation failed.&#10;Expected status code &lt;200&gt; but was &lt;401&gt;.&#10;" type="java.lang.AssertionError"><![CDATA[java.lang.AssertionError: 
1 expectation failed.
Expected status code <200> but was <401>.

	at java.base/jdk.internal.reflect.NativeConstructorAccessorImpl.newInstance0(Native Method)
	at java.base/jdk.internal.reflect.NativeConstructorAccessorImpl.newInstance(NativeConstructorAccessorImpl.java:77)
	at java.base/jdk.internal.reflect.DelegatingConstructorAccessorImpl.newInstance(DelegatingConstructorAccessorImpl.java:45)
	at java.base/java.lang.reflect.Constructor.newInstanceWithCaller(Constructor.java:499)
	at java.base/java.lang.reflect.Constructor.newInstance(Constructor.java:480)
	at org.codehaus.groovy.reflection.CachedConstructor.invoke(CachedConstructor.java:72)
	at org.codehaus.groovy.runtime.callsite.ConstructorSite$ConstructorSiteNoUnwrapNoCoerce.callConstructor(ConstructorSite.java:105)
	at org.codehaus.groovy.runtime.callsite.CallSiteArray.defaultCallConstructor(CallSiteArray.java:59)
	at org.codehaus.groovy.runtime.callsite.AbstractCallSite.callConstructor(AbstractCallSite.java:263)
	at org.codehaus.groovy.runtime.callsite.AbstractCallSite.callConstructor(AbstractCallSite.java:277)
	at io.restassured.internal.ResponseSpecificationImpl$HamcrestAssertionClosure.validate(ResponseSpecificationImpl.groovy:499)
	at io.restassured.internal.ResponseSpecificationImpl$HamcrestAssertionClosure$validate$1.call(Unknown Source)
	at org.codehaus.groovy.runtime.callsite.CallSiteArray.defaultCall(CallSiteArray.java:47)
	at org.codehaus.groovy.runtime.callsite.AbstractCallSite.call(AbstractCallSite.java:125)
	at org.codehaus.groovy.runtime.callsite.AbstractCallSite.call(AbstractCallSite.java:139)
	at io.restassured.internal.ResponseSpecificationImpl.validateResponseIfRequired(ResponseSpecificationImpl.groovy:684)
	at java.base/jdk.internal.reflect.NativeMethodAccessorImpl.invoke0(Native Method)
	at java.base/jdk.internal.reflect.NativeMethodAccessorImpl.invoke(NativeMethodAccessorImpl.java:77)
	at java.base/jdk.internal.reflect.DelegatingMethodAccessorImpl.invoke(DelegatingMethodAccessorImpl.java:43)
	at java.base/java.lang.reflect.Method.invoke(Method.java:568)
	at org.codehaus.groovy.runtime.callsite.PlainObjectMetaMethodSite.doInvoke(PlainObjectMetaMethodSite.java:43)
	at org.codehaus.groovy.runtime.callsite.PogoMetaMethodSite$PogoCachedMethodSiteNoUnwrapNoCoerce.invoke(PogoMetaMethodSite.java:193)
	at org.codehaus.groovy.runtime.callsite.PogoMetaMethodSite.callCurrent(PogoMetaMethodSite.java:61)
	at org.codehaus.groovy.runtime.callsite.CallSiteArray.defaultCallCurrent(CallSiteArray.java:51)
	at org.codehaus.groovy.runtime.callsite.AbstractCallSite.callCurrent(AbstractCallSite.java:171)
	at org.codehaus.groovy.runtime.callsite.AbstractCallSite.callCurrent(AbstractCallSite.java:185)
	at io.restassured.internal.ResponseSpecificationImpl.statusCode(ResponseSpecificationImpl.groovy:127)
	at io.restassured.specification.ResponseSpecification$statusCode$0.callCurrent(Unknown Source)
	at org.codehaus.groovy.runtime.callsite.CallSiteArray.defaultCallCurrent(CallSiteArray.java:51)
	at org.codehaus.groovy.runtime.callsite.AbstractCallSite.callCurrent(AbstractCallSite.java:171)
	at org.codehaus.groovy.runtime.callsite.AbstractCallSite.callCurrent(AbstractCallSite.java:185)
	at io.restassured.internal.ResponseSpecificationImpl.statusCode(ResponseSpecificationImpl.groovy:135)
	at io.restassured.internal.ValidatableResponseOptionsImpl.statusCode(ValidatableResponseOptionsImpl.java:89)
	at io.restassured.internal.ValidatableResponseImpl.super$2$statusCode(ValidatableResponseImpl.groovy)
	at java.base/jdk.internal.reflect.NativeMethodAccessorImpl.invoke0(Native Method)
	at java.base/jdk.internal.reflect.NativeMethodAccessorImpl.invoke(NativeMethodAccessorImpl.java:77)
	at java.base/jdk.internal.reflect.DelegatingMethodAccessorImpl.invoke(DelegatingMethodAccessorImpl.java:43)
	at java.base/java.lang.reflect.Method.invoke(Method.java:568)
	at org.codehaus.groovy.reflection.CachedMethod.invoke(CachedMethod.java:107)
	at groovy.lang.MetaMethod.doMethodInvoke(MetaMethod.java:323)
	at groovy.lang.MetaClassImpl.invokeMethod(MetaClassImpl.java:1268)
	at org.codehaus.groovy.runtime.ScriptBytecodeAdapter.invokeMethodOnSuperN(ScriptBytecodeAdapter.java:144)
	at io.restassured.internal.ValidatableResponseImpl.statusCode(ValidatableResponseImpl.groovy:142)
	at io.restassured.internal.ValidatableResponseImpl.statusCode(ValidatableResponseImpl.groovy)
	at de.hsos.swa.AnlegenResourceTest.testCreateArtikel(AnlegenResourceTest.java:51)
	at java.base/jdk.internal.reflect.NativeMethodAccessorImpl.invoke0(Native Method)
	at java.base/jdk.internal.reflect.NativeMethodAccessorImpl.invoke(NativeMethodAccessorImpl.java:77)
	at java.base/jdk.internal.reflect.DelegatingMethodAccessorImpl.invoke(DelegatingMethodAccessorImpl.java:43)
	at java.base/java.lang.reflect.Method.invoke(Method.java:568)
	at io.quarkus.test.junit.QuarkusTestExtension.runExtensionMethod(QuarkusTestExtension.java:1008)
	at io.quarkus.test.junit.QuarkusTestExtension.interceptTestMethod(QuarkusTestExtension.java:827)
	at org.junit.jupiter.engine.execution.ExecutableInvoker$ReflectiveInterceptorCall.lambda$ofVoidMethod$0(ExecutableInvoker.java:115)
	at org.junit.jupiter.engine.execution.ExecutableInvoker.lambda$invoke$0(ExecutableInvoker.java:105)
	at org.junit.jupiter.engine.execution.InvocationInterceptorChain$InterceptedInvocation.proceed(InvocationInterceptorChain.java:106)
	at org.junit.jupiter.engine.extension.TimeoutExtension.intercept(TimeoutExtension.java:149)
	at org.junit.jupiter.engine.extension.TimeoutExtension.interceptTestableMethod(TimeoutExtension.java:140)
	at org.junit.jupiter.engine.extension.TimeoutExtension.interceptTestMethod(TimeoutExtension.java:84)
	at org.junit.jupiter.engine.execution.ExecutableInvoker$ReflectiveInterceptorCall.lambda$ofVoidMethod$0(ExecutableInvoker.java:115)
	at org.junit.jupiter.engine.execution.ExecutableInvoker.lambda$invoke$0(ExecutableInvoker.java:105)
	at org.junit.jupiter.engine.execution.InvocationInterceptorChain$InterceptedInvocation.proceed(InvocationInterceptorChain.java:106)
	at org.junit.jupiter.engine.execution.InvocationInterceptorChain.proceed(InvocationInterceptorChain.java:64)
	at org.junit.jupiter.engine.execution.InvocationInterceptorChain.chainAndInvoke(InvocationInterceptorChain.java:45)
	at org.junit.jupiter.engine.execution.InvocationInterceptorChain.invoke(InvocationInterceptorChain.java:37)
	at org.junit.jupiter.engine.execution.ExecutableInvoker.invoke(ExecutableInvoker.java:104)
	at org.junit.jupiter.engine.execution.ExecutableInvoker.invoke(ExecutableInvoker.java:98)
	at org.junit.jupiter.engine.descriptor.TestMethodTestDescriptor.lambda$invokeTestMethod$7(TestMethodTestDescriptor.java:214)
	at org.junit.platform.engine.support.hierarchical.ThrowableCollector.execute(ThrowableCollector.java:73)
	at org.junit.jupiter.engine.descriptor.TestMethodTestDescriptor.invokeTestMethod(TestMethodTestDescriptor.java:210)
	at org.junit.jupiter.engine.descriptor.TestMethodTestDescriptor.execute(TestMethodTestDescriptor.java:135)
	at org.junit.jupiter.engine.descriptor.TestMethodTestDescriptor.execute(TestMethodTestDescriptor.java:66)
	at org.junit.platform.engine.support.hierarchical.NodeTestTask.lambda$executeRecursively$6(NodeTestTask.java:151)
	at org.junit.platform.engine.support.hierarchical.ThrowableCollector.execute(ThrowableCollector.java:73)
	at org.junit.platform.engine.support.hierarchical.NodeTestTask.lambda$executeRecursively$8(NodeTestTask.java:141)
	at org.junit.platform.engine.support.hierarchical.Node.around(Node.java:137)
	at org.junit.platform.engine.support.hierarchical.NodeTestTask.lambda$executeRecursively$9(NodeTestTask.java:139)
	at org.junit.platform.engine.support.hierarchical.ThrowableCollector.execute(ThrowableCollector.java:73)
	at org.junit.platform.engine.support.hierarchical.NodeTestTask.executeRecursively(NodeTestTask.java:138)
	at org.junit.platform.engine.support.hierarchical.NodeTestTask.execute(NodeTestTask.java:95)
	at java.base/java.util.ArrayList.forEach(ArrayList.java:1511)
	at org.junit.platform.engine.support.hierarchical.SameThreadHierarchicalTestExecutorService.invokeAll(SameThreadHierarchicalTestExecutorService.java:41)
	at org.junit.platform.engine.support.hierarchical.NodeTestTask.lambda$executeRecursively$6(NodeTestTask.java:155)
	at org.junit.platform.engine.support.hierarchical.ThrowableCollector.execute(ThrowableCollector.java:73)
	at org.junit.platform.engine.support.hierarchical.NodeTestTask.lambda$executeRecursively$8(NodeTestTask.java:141)
	at org.junit.platform.engine.support.hierarchical.Node.around(Node.java:137)
	at org.junit.platform.engine.support.hierarchical.NodeTestTask.lambda$executeRecursively$9(NodeTestTask.java:139)
	at org.junit.platform.engine.support.hierarchical.ThrowableCollector.execute(ThrowableCollector.java:73)
	at org.junit.platform.engine.support.hierarchical.NodeTestTask.executeRecursively(NodeTestTask.java:138)
	at org.junit.platform.engine.support.hierarchical.NodeTestTask.execute(NodeTestTask.java:95)
	at java.base/java.util.ArrayList.forEach(ArrayList.java:1511)
	at org.junit.platform.engine.support.hierarchical.SameThreadHierarchicalTestExecutorService.invokeAll(SameThreadHierarchicalTestExecutorService.java:41)
	at org.junit.platform.engine.support.hierarchical.NodeTestTask.lambda$executeRecursively$6(NodeTestTask.java:155)
	at org.junit.platform.engine.support.hierarchical.ThrowableCollector.execute(ThrowableCollector.java:73)
	at org.junit.platform.engine.support.hierarchical.NodeTestTask.lambda$executeRecursively$8(NodeTestTask.java:141)
	at org.junit.platform.engine.support.hierarchical.Node.around(Node.java:137)
	at org.junit.platform.engine.support.hierarchical.NodeTestTask.lambda$executeRecursively$9(NodeTestTask.java:139)
	at org.junit.platform.engine.support.hierarchical.ThrowableCollector.execute(ThrowableCollector.java:73)
	at org.junit.platform.engine.support.hierarchical.NodeTestTask.executeRecursively(NodeTestTask.java:138)
	at org.junit.platform.engine.support.hierarchical.NodeTestTask.execute(NodeTestTask.java:95)
	at org.junit.platform.engine.support.hierarchical.SameThreadHierarchicalTestExecutorService.submit(SameThreadHierarchicalTestExecutorService.java:35)
	at org.junit.platform.engine.support.hierarchical.HierarchicalTestExecutor.execute(HierarchicalTestExecutor.java:57)
	at org.junit.platform.engine.support.hierarchical.HierarchicalTestEngine.execute(HierarchicalTestEngine.java:54)
	at org.junit.platform.launcher.core.EngineExecutionOrchestrator.execute(EngineExecutionOrchestrator.java:107)
	at org.junit.platform.launcher.core.EngineExecutionOrchestrator.execute(EngineExecutionOrchestrator.java:88)
	at org.junit.platform.launcher.core.EngineExecutionOrchestrator.lambda$execute$0(EngineExecutionOrchestrator.java:54)
	at org.junit.platform.launcher.core.EngineExecutionOrchestrator.withInterceptedStreams(EngineExecutionOrchestrator.java:67)
	at org.junit.platform.launcher.core.EngineExecutionOrchestrator.execute(EngineExecutionOrchestrator.java:52)
	at org.junit.platform.launcher.core.DefaultLauncher.execute(DefaultLauncher.java:114)
	at org.junit.platform.launcher.core.DefaultLauncher.execute(DefaultLauncher.java:86)
	at org.junit.platform.launcher.core.DefaultLauncherSession$DelegatingLauncher.execute(DefaultLauncherSession.java:86)
	at org.apache.maven.surefire.junitplatform.LazyLauncher.execute(LazyLauncher.java:55)
	at org.apache.maven.surefire.junitplatform.JUnitPlatformProvider.execute(JUnitPlatformProvider.java:223)
	at org.apache.maven.surefire.junitplatform.JUnitPlatformProvider.invokeAllTests(JUnitPlatformProvider.java:175)
	at org.apache.maven.surefire.junitplatform.JUnitPlatformProvider.invoke(JUnitPlatformProvider.java:139)
	at org.apache.maven.surefire.booter.ForkedBooter.runSuitesInProcess(ForkedBooter.java:456)
	at org.apache.maven.surefire.booter.ForkedBooter.execute(ForkedBooter.java:169)
	at org.apache.maven.surefire.booter.ForkedBooter.run(ForkedBooter.java:595)
	at org.apache.maven.surefire.booter.ForkedBooter.main(ForkedBooter.java:581)
]]></failure>
    <system-out><![CDATA[2022-07-31 19:11:48,817 INFO  [org.jbo.threads] (main) JBoss Threads version 3.4.2.Final
2022-07-31 19:11:50,395 INFO  [org.tes.doc.DockerClientProviderStrategy] (build-51) Loaded org.testcontainers.dockerclient.NpipeSocketClientProviderStrategy from ~/.testcontainers.properties, will try it first
2022-07-31 19:11:54,641 INFO  [org.tes.doc.DockerClientProviderStrategy] (build-51) Found Docker environment with local Npipe socket (npipe:////./pipe/docker_engine)
2022-07-31 19:11:54,650 INFO  [org.tes.DockerClientFactory] (build-51) Docker host IP address is localhost
2022-07-31 19:11:54,728 INFO  [org.tes.DockerClientFactory] (build-51) Connected to docker: 
  Server Version: 20.10.17
  API Version: 1.41
  Operating System: Docker Desktop
  Total Memory: 7884 MB
2022-07-31 19:11:54,934 INFO  [org.tes.uti.ImageNameSubstitutor] (build-51) Image name substitution will be performed by: DefaultImageNameSubstitutor (composite of 'ConfigurationFileImageNameSubstitutor' and 'PrefixingImageNameSubstitutor')
2022-07-31 19:11:55,509 INFO  [doc.3.3]] (build-51) Creating container for image: testcontainers/ryuk:0.3.3
2022-07-31 19:11:56,989 INFO  [org.tes.uti.RegistryAuthLocator] (build-51) Credential helper/store (docker-credential-desktop) does not have credentials for https://index.docker.io/v1/
2022-07-31 19:11:57,450 INFO  [doc.3.3]] (build-51) Container testcontainers/ryuk:0.3.3 is starting: 3cc25673009239e769a9d62bf46cae098bc2daedc1014f4f1453c2b998c9296f
2022-07-31 19:11:58,633 INFO  [doc.3.3]] (build-51) Container testcontainers/ryuk:0.3.3 started in PT3.6283922S
2022-07-31 19:11:58,649 INFO  [org.tes.uti.RyukResourceReaper] (build-51) Ryuk started - will monitor and terminate Testcontainers containers on JVM exit
2022-07-31 19:11:58,649 INFO  [org.tes.DockerClientFactory] (build-51) Checking the system...
2022-07-31 19:11:58,652 INFO  [org.tes.DockerClientFactory] (build-51) ?? Docker server version should be at least 1.6.0
2022-07-31 19:11:58,736 INFO  [doc.io/.2]] (build-51) Creating container for image: docker.io/postgres:14.2
2022-07-31 19:11:59,178 INFO  [org.tes.uti.RegistryAuthLocator] (build-51) Credential helper/store (docker-credential-desktop) does not have credentials for docker.io
2022-07-31 19:11:59,178 WARN  [doc.io/.2]] (build-51) Reuse was requested but the environment does not support the reuse of containers
To enable reuse of containers, you must set 'testcontainers.reuse.enable=true' in a file located at C:\Users\Maik\.testcontainers.properties
2022-07-31 19:11:59,321 INFO  [io.qua.oid.dep.dev.key.KeycloakDevServicesProcessor] (build-17) Using Quarkus powered Keycloak distribution
2022-07-31 19:11:59,326 INFO  [doc.io/.0.1]] (build-17) Creating container for image: quay.io/keycloak/keycloak:18.0.1
2022-07-31 19:11:59,403 INFO  [doc.io/.2]] (build-51) Container docker.io/postgres:14.2 is starting: eda160dee9c65b2b35c14f63f2ce3946afa26a118cfc3103fba01072368a9e49
2022-07-31 19:11:59,717 INFO  [org.tes.uti.RegistryAuthLocator] (build-17) Credential helper/store (docker-credential-desktop) does not have credentials for quay.io
2022-07-31 19:12:00,372 INFO  [doc.io/.0.1]] (build-17) Container quay.io/keycloak/keycloak:18.0.1 is starting: c961d556833c12c617b9d60e3d55e170cb2c7b5fb93c597c2d7d61613d12275a
2022-07-31 19:12:03,766 INFO  [doc.io/.2]] (build-51) Container docker.io/postgres:14.2 started in PT5.0952554S
2022-07-31 19:12:03,767 INFO  [io.qua.dev.pos.dep.PostgresqlDevServicesProcessor] (build-51) Dev Services for PostgreSQL started.
2022-07-31 19:12:03,771 INFO  [io.qua.dat.dep.dev.DevServicesDatasourceProcessor] (build-51) Dev Services for the default datasource (postgresql) started.
2022-07-31 19:12:28,736 INFO  [doc.io/.0.1]] (build-17) Container quay.io/keycloak/keycloak:18.0.1 started in PT29.4134629S
2022-07-31 19:12:35,286 ERROR [io.qua.oid.dep.dev.key.KeycloakDevServicesProcessor] (build-17) Realm quarkus can not be created: null
2022-07-31 19:12:35,304 INFO  [io.qua.oid.dep.dev.key.KeycloakDevServicesProcessor] (build-17) Dev Services for Keycloak started.
2022-07-31 19:12:43,801 WARN  [org.hib.eng.jdb.spi.SqlExceptionHelper] (JPA Startup Thread: <default>) SQL Warning Code: 0, SQLState: 00000
2022-07-31 19:12:43,803 WARN  [org.hib.eng.jdb.spi.SqlExceptionHelper] (JPA Startup Thread: <default>) relation "account" does not exist, skipping
2022-07-31 19:12:43,807 WARN  [org.hib.eng.jdb.spi.SqlExceptionHelper] (JPA Startup Thread: <default>) SQL Warning Code: 0, SQLState: 00000
2022-07-31 19:12:43,807 WARN  [org.hib.eng.jdb.spi.SqlExceptionHelper] (JPA Startup Thread: <default>) relation "account_beobachtungsartikel" does not exist, skipping
2022-07-31 19:12:43,812 WARN  [org.hib.eng.jdb.spi.SqlExceptionHelper] (JPA Startup Thread: <default>) SQL Warning Code: 0, SQLState: 00000
2022-07-31 19:12:43,813 WARN  [org.hib.eng.jdb.spi.SqlExceptionHelper] (JPA Startup Thread: <default>) relation "account_beobachtungsartikel" does not exist, skipping
2022-07-31 19:12:43,817 WARN  [org.hib.eng.jdb.spi.SqlExceptionHelper] (JPA Startup Thread: <default>) SQL Warning Code: 0, SQLState: 00000
2022-07-31 19:12:43,817 WARN  [org.hib.eng.jdb.spi.SqlExceptionHelper] (JPA Startup Thread: <default>) relation "artikel" does not exist, skipping
2022-07-31 19:12:43,823 WARN  [org.hib.eng.jdb.spi.SqlExceptionHelper] (JPA Startup Thread: <default>) SQL Warning Code: 0, SQLState: 00000
2022-07-31 19:12:43,824 WARN  [org.hib.eng.jdb.spi.SqlExceptionHelper] (JPA Startup Thread: <default>) relation "bestellartikel" does not exist, skipping
2022-07-31 19:12:43,830 WARN  [org.hib.eng.jdb.spi.SqlExceptionHelper] (JPA Startup Thread: <default>) SQL Warning Code: 0, SQLState: 00000
2022-07-31 19:12:43,831 WARN  [org.hib.eng.jdb.spi.SqlExceptionHelper] (JPA Startup Thread: <default>) relation "bestellposten" does not exist, skipping
2022-07-31 19:12:43,837 WARN  [org.hib.eng.jdb.spi.SqlExceptionHelper] (JPA Startup Thread: <default>) SQL Warning Code: 0, SQLState: 00000
2022-07-31 19:12:43,837 WARN  [org.hib.eng.jdb.spi.SqlExceptionHelper] (JPA Startup Thread: <default>) relation "bestellung" does not exist, skipping
2022-07-31 19:12:43,842 WARN  [org.hib.eng.jdb.spi.SqlExceptionHelper] (JPA Startup Thread: <default>) SQL Warning Code: 0, SQLState: 00000
2022-07-31 19:12:43,842 WARN  [org.hib.eng.jdb.spi.SqlExceptionHelper] (JPA Startup Thread: <default>) relation "bestellung_bestellposten" does not exist, skipping
2022-07-31 19:12:43,846 WARN  [org.hib.eng.jdb.spi.SqlExceptionHelper] (JPA Startup Thread: <default>) SQL Warning Code: 0, SQLState: 00000
2022-07-31 19:12:43,847 WARN  [org.hib.eng.jdb.spi.SqlExceptionHelper] (JPA Startup Thread: <default>) relation "bestellung_bestellposten" does not exist, skipping
2022-07-31 19:12:43,851 WARN  [org.hib.eng.jdb.spi.SqlExceptionHelper] (JPA Startup Thread: <default>) SQL Warning Code: 0, SQLState: 00000
2022-07-31 19:12:43,852 WARN  [org.hib.eng.jdb.spi.SqlExceptionHelper] (JPA Startup Thread: <default>) relation "bestellungaccount" does not exist, skipping
2022-07-31 19:12:43,855 WARN  [org.hib.eng.jdb.spi.SqlExceptionHelper] (JPA Startup Thread: <default>) SQL Warning Code: 0, SQLState: 00000
2022-07-31 19:12:43,856 WARN  [org.hib.eng.jdb.spi.SqlExceptionHelper] (JPA Startup Thread: <default>) relation "bestellungaccount" does not exist, skipping
2022-07-31 19:12:43,859 WARN  [org.hib.eng.jdb.spi.SqlExceptionHelper] (JPA Startup Thread: <default>) SQL Warning Code: 0, SQLState: 00000
2022-07-31 19:12:43,860 WARN  [org.hib.eng.jdb.spi.SqlExceptionHelper] (JPA Startup Thread: <default>) relation "warenkorb_warenkorbposten" does not exist, skipping
2022-07-31 19:12:43,864 WARN  [org.hib.eng.jdb.spi.SqlExceptionHelper] (JPA Startup Thread: <default>) SQL Warning Code: 0, SQLState: 00000
2022-07-31 19:12:43,865 WARN  [org.hib.eng.jdb.spi.SqlExceptionHelper] (JPA Startup Thread: <default>) relation "warenkorb_warenkorbposten" does not exist, skipping
2022-07-31 19:12:43,868 WARN  [org.hib.eng.jdb.spi.SqlExceptionHelper] (JPA Startup Thread: <default>) SQL Warning Code: 0, SQLState: 00000
2022-07-31 19:12:43,869 WARN  [org.hib.eng.jdb.spi.SqlExceptionHelper] (JPA Startup Thread: <default>) relation "warenkorbartikel" does not exist, skipping
2022-07-31 19:12:43,873 WARN  [org.hib.eng.jdb.spi.SqlExceptionHelper] (JPA Startup Thread: <default>) SQL Warning Code: 0, SQLState: 00000
2022-07-31 19:12:43,873 WARN  [org.hib.eng.jdb.spi.SqlExceptionHelper] (JPA Startup Thread: <default>) relation "warenkorbposten" does not exist, skipping
2022-07-31 19:12:43,878 WARN  [org.hib.eng.jdb.spi.SqlExceptionHelper] (JPA Startup Thread: <default>) SQL Warning Code: 0, SQLState: 00000
2022-07-31 19:12:43,878 WARN  [org.hib.eng.jdb.spi.SqlExceptionHelper] (JPA Startup Thread: <default>) table "account" does not exist, skipping
2022-07-31 19:12:43,882 WARN  [org.hib.eng.jdb.spi.SqlExceptionHelper] (JPA Startup Thread: <default>) SQL Warning Code: 0, SQLState: 00000
2022-07-31 19:12:43,882 WARN  [org.hib.eng.jdb.spi.SqlExceptionHelper] (JPA Startup Thread: <default>) table "account_beobachtungsartikel" does not exist, skipping
2022-07-31 19:12:43,886 WARN  [org.hib.eng.jdb.spi.SqlExceptionHelper] (JPA Startup Thread: <default>) SQL Warning Code: 0, SQLState: 00000
2022-07-31 19:12:43,887 WARN  [org.hib.eng.jdb.spi.SqlExceptionHelper] (JPA Startup Thread: <default>) table "adresse" does not exist, skipping
2022-07-31 19:12:43,890 WARN  [org.hib.eng.jdb.spi.SqlExceptionHelper] (JPA Startup Thread: <default>) SQL Warning Code: 0, SQLState: 00000
2022-07-31 19:12:43,892 WARN  [org.hib.eng.jdb.spi.SqlExceptionHelper] (JPA Startup Thread: <default>) table "artikel" does not exist, skipping
2022-07-31 19:12:43,896 WARN  [org.hib.eng.jdb.spi.SqlExceptionHelper] (JPA Startup Thread: <default>) SQL Warning Code: 0, SQLState: 00000
2022-07-31 19:12:43,897 WARN  [org.hib.eng.jdb.spi.SqlExceptionHelper] (JPA Startup Thread: <default>) table "beobachtungsartikel" does not exist, skipping
2022-07-31 19:12:43,900 WARN  [org.hib.eng.jdb.spi.SqlExceptionHelper] (JPA Startup Thread: <default>) SQL Warning Code: 0, SQLState: 00000
2022-07-31 19:12:43,900 WARN  [org.hib.eng.jdb.spi.SqlExceptionHelper] (JPA Startup Thread: <default>) table "bestellartikel" does not exist, skipping
2022-07-31 19:12:43,905 WARN  [org.hib.eng.jdb.spi.SqlExceptionHelper] (JPA Startup Thread: <default>) SQL Warning Code: 0, SQLState: 00000
2022-07-31 19:12:43,906 WARN  [org.hib.eng.jdb.spi.SqlExceptionHelper] (JPA Startup Thread: <default>) table "bestellartikelversand" does not exist, skipping
2022-07-31 19:12:43,910 WARN  [org.hib.eng.jdb.spi.SqlExceptionHelper] (JPA Startup Thread: <default>) SQL Warning Code: 0, SQLState: 00000
2022-07-31 19:12:43,911 WARN  [org.hib.eng.jdb.spi.SqlExceptionHelper] (JPA Startup Thread: <default>) table "bestellposten" does not exist, skipping
2022-07-31 19:12:43,915 WARN  [org.hib.eng.jdb.spi.SqlExceptionHelper] (JPA Startup Thread: <default>) SQL Warning Code: 0, SQLState: 00000
2022-07-31 19:12:43,915 WARN  [org.hib.eng.jdb.spi.SqlExceptionHelper] (JPA Startup Thread: <default>) table "bestellung" does not exist, skipping
2022-07-31 19:12:43,919 WARN  [org.hib.eng.jdb.spi.SqlExceptionHelper] (JPA Startup Thread: <default>) SQL Warning Code: 0, SQLState: 00000
2022-07-31 19:12:43,919 WARN  [org.hib.eng.jdb.spi.SqlExceptionHelper] (JPA Startup Thread: <default>) table "bestellung_bestellposten" does not exist, skipping
2022-07-31 19:12:43,924 WARN  [org.hib.eng.jdb.spi.SqlExceptionHelper] (JPA Startup Thread: <default>) SQL Warning Code: 0, SQLState: 00000
2022-07-31 19:12:43,924 WARN  [org.hib.eng.jdb.spi.SqlExceptionHelper] (JPA Startup Thread: <default>) table "bestellungaccount" does not exist, skipping
2022-07-31 19:12:43,948 WARN  [org.hib.eng.jdb.spi.SqlExceptionHelper] (JPA Startup Thread: <default>) SQL Warning Code: 0, SQLState: 00000
2022-07-31 19:12:43,948 WARN  [org.hib.eng.jdb.spi.SqlExceptionHelper] (JPA Startup Thread: <default>) table "bestellungadresse" does not exist, skipping
2022-07-31 19:12:43,958 WARN  [org.hib.eng.jdb.spi.SqlExceptionHelper] (JPA Startup Thread: <default>) SQL Warning Code: 0, SQLState: 00000
2022-07-31 19:12:43,959 WARN  [org.hib.eng.jdb.spi.SqlExceptionHelper] (JPA Startup Thread: <default>) table "versand" does not exist, skipping
2022-07-31 19:12:43,967 WARN  [org.hib.eng.jdb.spi.SqlExceptionHelper] (JPA Startup Thread: <default>) SQL Warning Code: 0, SQLState: 00000
2022-07-31 19:12:43,968 WARN  [org.hib.eng.jdb.spi.SqlExceptionHelper] (JPA Startup Thread: <default>) table "warenkorb" does not exist, skipping
2022-07-31 19:12:43,977 WARN  [org.hib.eng.jdb.spi.SqlExceptionHelper] (JPA Startup Thread: <default>) SQL Warning Code: 0, SQLState: 00000
2022-07-31 19:12:43,977 WARN  [org.hib.eng.jdb.spi.SqlExceptionHelper] (JPA Startup Thread: <default>) table "warenkorb_warenkorbposten" does not exist, skipping
2022-07-31 19:12:43,985 WARN  [org.hib.eng.jdb.spi.SqlExceptionHelper] (JPA Startup Thread: <default>) SQL Warning Code: 0, SQLState: 00000
2022-07-31 19:12:43,985 WARN  [org.hib.eng.jdb.spi.SqlExceptionHelper] (JPA Startup Thread: <default>) table "warenkorbartikel" does not exist, skipping
2022-07-31 19:12:43,992 WARN  [org.hib.eng.jdb.spi.SqlExceptionHelper] (JPA Startup Thread: <default>) SQL Warning Code: 0, SQLState: 00000
2022-07-31 19:12:43,992 WARN  [org.hib.eng.jdb.spi.SqlExceptionHelper] (JPA Startup Thread: <default>) table "warenkorbartikelversand" does not exist, skipping
2022-07-31 19:12:43,998 WARN  [org.hib.eng.jdb.spi.SqlExceptionHelper] (JPA Startup Thread: <default>) SQL Warning Code: 0, SQLState: 00000
2022-07-31 19:12:43,998 WARN  [org.hib.eng.jdb.spi.SqlExceptionHelper] (JPA Startup Thread: <default>) table "warenkorbposten" does not exist, skipping
2022-07-31 19:12:44,002 WARN  [org.hib.eng.jdb.spi.SqlExceptionHelper] (JPA Startup Thread: <default>) SQL Warning Code: 0, SQLState: 00000
2022-07-31 19:12:44,003 WARN  [org.hib.eng.jdb.spi.SqlExceptionHelper] (JPA Startup Thread: <default>) sequence "hibernate_sequence" does not exist, skipping
2022-07-31 19:12:44,681 INFO  [io.quarkus] (main) mybay-onlineshop 1.0.0-SNAPSHOT on JVM (powered by Quarkus 2.10.1.Final) started in 58.244s. Listening on: http://localhost:8081
2022-07-31 19:12:44,682 INFO  [io.quarkus] (main) Profile test activated. 
2022-07-31 19:12:44,683 INFO  [io.quarkus] (main) Installed features: [agroal, cdi, hibernate-orm, hibernate-orm-panache, jdbc-postgresql, keycloak-authorization, mailer, narayana-jta, oidc, oidc-client, qute, rest-client, rest-client-jackson, resteasy, resteasy-jsonb, security, smallrye-context-propagation, smallrye-openapi, swagger-ui, vertx]
2022-07-31 19:12:45,851 DEBUG [de.hso.swa.AnlegenResourceTest] (main) { id='null', name='testArtikel', beschreibung='irgendeine Beschreibung', preis='12.9900000000000002131628207280300557613372802734375', artikelzustand='GEBRAUCHT', versand='{ id='null', kosten='4.9900000000000002131628207280300557613372802734375', lieferant='HERMES', laenderCode='DEU'}', erstellt='2022-07-31T19:12:45.851538200', geaendert='null', aufrufe='null', beobachter='null', transaktionAm='null', username='null'}
]]></system-out>
  </testcase>
</testsuite>